
*** Running vivado
    with args -log final_project.vds -m64 -product Vivado -mode batch -messageDb vivado.pb -notrace -source final_project.tcl


****** Vivado v2017.2 (64-bit)
  **** SW Build 1909853 on Thu Jun 15 18:39:10 MDT 2017
  **** IP Build 1909766 on Thu Jun 15 19:58:00 MDT 2017
    ** Copyright 1986-2017 Xilinx, Inc. All Rights Reserved.

source final_project.tcl -notrace
Command: synth_design -top final_project -part xc7a35ticpg236-1L
Starting synth_design
Attempting to get a license for feature 'Synthesis' and/or device 'xc7a35ti-cpg236'
INFO: [Common 17-349] Got license for feature 'Synthesis' and/or device 'xc7a35ti-cpg236'
INFO: Launching helper process for spawning children vivado processes
INFO: Helper process launched with PID 15089 
---------------------------------------------------------------------------------
Starting RTL Elaboration : Time (s): cpu = 00:00:03 ; elapsed = 00:00:03 . Memory (MB): peak = 1278.770 ; gain = 75.996 ; free physical = 9412 ; free virtual = 28978
---------------------------------------------------------------------------------
INFO: [Synth 8-638] synthesizing module 'final_project' [/nfs/nfs7/home/huang238/lab13/lab13.srcs/sources_1/new/main.v:23]
INFO: [Synth 8-155] case statement is not full and has no default [/nfs/nfs7/home/huang238/lab13/lab13.srcs/sources_1/new/main.v:145]
INFO: [Synth 8-155] case statement is not full and has no default [/nfs/nfs7/home/huang238/lab13/lab13.srcs/sources_1/new/main.v:150]
INFO: [Synth 8-155] case statement is not full and has no default [/nfs/nfs7/home/huang238/lab13/lab13.srcs/sources_1/new/main.v:159]
INFO: [Synth 8-155] case statement is not full and has no default [/nfs/nfs7/home/huang238/lab13/lab13.srcs/sources_1/new/main.v:168]
INFO: [Synth 8-155] case statement is not full and has no default [/nfs/nfs7/home/huang238/lab13/lab13.srcs/sources_1/new/main.v:174]
INFO: [Synth 8-155] case statement is not full and has no default [/nfs/nfs7/home/huang238/lab13/lab13.srcs/sources_1/new/main.v:180]
INFO: [Synth 8-155] case statement is not full and has no default [/nfs/nfs7/home/huang238/lab13/lab13.srcs/sources_1/new/main.v:204]
INFO: [Synth 8-155] case statement is not full and has no default [/nfs/nfs7/home/huang238/lab13/lab13.srcs/sources_1/new/main.v:142]
INFO: [Synth 8-155] case statement is not full and has no default [/nfs/nfs7/home/huang238/lab13/lab13.srcs/sources_1/new/main.v:231]
INFO: [Synth 8-155] case statement is not full and has no default [/nfs/nfs7/home/huang238/lab13/lab13.srcs/sources_1/new/main.v:259]
INFO: [Synth 8-155] case statement is not full and has no default [/nfs/nfs7/home/huang238/lab13/lab13.srcs/sources_1/new/main.v:285]
INFO: [Synth 8-155] case statement is not full and has no default [/nfs/nfs7/home/huang238/lab13/lab13.srcs/sources_1/new/main.v:314]
INFO: [Synth 8-155] case statement is not full and has no default [/nfs/nfs7/home/huang238/lab13/lab13.srcs/sources_1/new/main.v:333]
INFO: [Synth 8-155] case statement is not full and has no default [/nfs/nfs7/home/huang238/lab13/lab13.srcs/sources_1/new/main.v:352]
INFO: [Synth 8-155] case statement is not full and has no default [/nfs/nfs7/home/huang238/lab13/lab13.srcs/sources_1/new/main.v:371]
INFO: [Synth 8-155] case statement is not full and has no default [/nfs/nfs7/home/huang238/lab13/lab13.srcs/sources_1/new/main.v:394]
INFO: [Synth 8-155] case statement is not full and has no default [/nfs/nfs7/home/huang238/lab13/lab13.srcs/sources_1/new/main.v:425]
INFO: [Synth 8-155] case statement is not full and has no default [/nfs/nfs7/home/huang238/lab13/lab13.srcs/sources_1/new/main.v:448]
INFO: [Synth 8-155] case statement is not full and has no default [/nfs/nfs7/home/huang238/lab13/lab13.srcs/sources_1/new/main.v:479]
INFO: [Synth 8-155] case statement is not full and has no default [/nfs/nfs7/home/huang238/lab13/lab13.srcs/sources_1/new/main.v:499]
INFO: [Synth 8-155] case statement is not full and has no default [/nfs/nfs7/home/huang238/lab13/lab13.srcs/sources_1/new/main.v:522]
INFO: [Synth 8-155] case statement is not full and has no default [/nfs/nfs7/home/huang238/lab13/lab13.srcs/sources_1/new/main.v:541]
INFO: [Synth 8-155] case statement is not full and has no default [/nfs/nfs7/home/huang238/lab13/lab13.srcs/sources_1/new/main.v:560]
INFO: [Synth 8-155] case statement is not full and has no default [/nfs/nfs7/home/huang238/lab13/lab13.srcs/sources_1/new/main.v:581]
INFO: [Synth 8-155] case statement is not full and has no default [/nfs/nfs7/home/huang238/lab13/lab13.srcs/sources_1/new/main.v:603]
INFO: [Synth 8-155] case statement is not full and has no default [/nfs/nfs7/home/huang238/lab13/lab13.srcs/sources_1/new/main.v:621]
INFO: [Synth 8-155] case statement is not full and has no default [/nfs/nfs7/home/huang238/lab13/lab13.srcs/sources_1/new/main.v:639]
INFO: [Synth 8-155] case statement is not full and has no default [/nfs/nfs7/home/huang238/lab13/lab13.srcs/sources_1/new/main.v:665]
INFO: [Synth 8-155] case statement is not full and has no default [/nfs/nfs7/home/huang238/lab13/lab13.srcs/sources_1/new/main.v:691]
INFO: [Synth 8-155] case statement is not full and has no default [/nfs/nfs7/home/huang238/lab13/lab13.srcs/sources_1/new/main.v:717]
INFO: [Synth 8-155] case statement is not full and has no default [/nfs/nfs7/home/huang238/lab13/lab13.srcs/sources_1/new/main.v:736]
INFO: [Synth 8-155] case statement is not full and has no default [/nfs/nfs7/home/huang238/lab13/lab13.srcs/sources_1/new/main.v:755]
INFO: [Synth 8-155] case statement is not full and has no default [/nfs/nfs7/home/huang238/lab13/lab13.srcs/sources_1/new/main.v:774]
INFO: [Synth 8-155] case statement is not full and has no default [/nfs/nfs7/home/huang238/lab13/lab13.srcs/sources_1/new/main.v:794]
INFO: [Synth 8-155] case statement is not full and has no default [/nfs/nfs7/home/huang238/lab13/lab13.srcs/sources_1/new/main.v:813]
INFO: [Synth 8-155] case statement is not full and has no default [/nfs/nfs7/home/huang238/lab13/lab13.srcs/sources_1/new/main.v:834]
INFO: [Synth 8-155] case statement is not full and has no default [/nfs/nfs7/home/huang238/lab13/lab13.srcs/sources_1/new/main.v:853]
INFO: [Synth 8-155] case statement is not full and has no default [/nfs/nfs7/home/huang238/lab13/lab13.srcs/sources_1/new/main.v:861]
INFO: [Synth 8-155] case statement is not full and has no default [/nfs/nfs7/home/huang238/lab13/lab13.srcs/sources_1/new/main.v:871]
INFO: [Synth 8-155] case statement is not full and has no default [/nfs/nfs7/home/huang238/lab13/lab13.srcs/sources_1/new/main.v:255]
WARNING: [Synth 8-3936] Found unconnected internal register 'csr_reg' and it is trimmed from '3' to '2' bits. [/nfs/nfs7/home/huang238/lab13/lab13.srcs/sources_1/new/main.v:68]
WARNING: [Synth 8-3848] Net T in module/entity final_project does not have driver. [/nfs/nfs7/home/huang238/lab13/lab13.srcs/sources_1/new/main.v:40]
INFO: [Synth 8-256] done synthesizing module 'final_project' (1#1) [/nfs/nfs7/home/huang238/lab13/lab13.srcs/sources_1/new/main.v:23]
---------------------------------------------------------------------------------
Finished RTL Elaboration : Time (s): cpu = 00:00:03 ; elapsed = 00:00:04 . Memory (MB): peak = 1320.285 ; gain = 117.512 ; free physical = 9395 ; free virtual = 28981
---------------------------------------------------------------------------------

Report Check Netlist: 
+------+------------------+-------+---------+-------+------------------+
|      |Item              |Errors |Warnings |Status |Description       |
+------+------------------+-------+---------+-------+------------------+
|1     |multi_driven_nets |      0|        0|Passed |Multi driven nets |
+------+------------------+-------+---------+-------+------------------+
---------------------------------------------------------------------------------
Finished RTL Optimization Phase 1 : Time (s): cpu = 00:00:04 ; elapsed = 00:00:04 . Memory (MB): peak = 1320.285 ; gain = 117.512 ; free physical = 9397 ; free virtual = 28983
---------------------------------------------------------------------------------
INFO: [Device 21-403] Loading part xc7a35ticpg236-1L
INFO: [Project 1-570] Preparing netlist for logic optimization

Processing XDC Constraints
Initializing timing engine
Parsing XDC File [/nfs/nfs7/home/huang238/lab13/lab13.srcs/constrs_1/new/main.xdc]
WARNING: [Vivado 12-584] No ports matched 'led[0]'. [/nfs/nfs7/home/huang238/lab13/lab13.srcs/constrs_1/new/main.xdc:47]
CRITICAL WARNING: [Common 17-55] 'set_property' expects at least one object. [/nfs/nfs7/home/huang238/lab13/lab13.srcs/constrs_1/new/main.xdc:47]
Resolution: If [get_<value>] was used to populate the object, check to make sure this command returns at least one valid object.
WARNING: [Vivado 12-584] No ports matched 'led[0]'. [/nfs/nfs7/home/huang238/lab13/lab13.srcs/constrs_1/new/main.xdc:48]
CRITICAL WARNING: [Common 17-55] 'set_property' expects at least one object. [/nfs/nfs7/home/huang238/lab13/lab13.srcs/constrs_1/new/main.xdc:48]
Resolution: If [get_<value>] was used to populate the object, check to make sure this command returns at least one valid object.
WARNING: [Vivado 12-584] No ports matched 'led[1]'. [/nfs/nfs7/home/huang238/lab13/lab13.srcs/constrs_1/new/main.xdc:49]
CRITICAL WARNING: [Common 17-55] 'set_property' expects at least one object. [/nfs/nfs7/home/huang238/lab13/lab13.srcs/constrs_1/new/main.xdc:49]
Resolution: If [get_<value>] was used to populate the object, check to make sure this command returns at least one valid object.
WARNING: [Vivado 12-584] No ports matched 'led[1]'. [/nfs/nfs7/home/huang238/lab13/lab13.srcs/constrs_1/new/main.xdc:50]
CRITICAL WARNING: [Common 17-55] 'set_property' expects at least one object. [/nfs/nfs7/home/huang238/lab13/lab13.srcs/constrs_1/new/main.xdc:50]
Resolution: If [get_<value>] was used to populate the object, check to make sure this command returns at least one valid object.
WARNING: [Vivado 12-584] No ports matched 'led[2]'. [/nfs/nfs7/home/huang238/lab13/lab13.srcs/constrs_1/new/main.xdc:51]
CRITICAL WARNING: [Common 17-55] 'set_property' expects at least one object. [/nfs/nfs7/home/huang238/lab13/lab13.srcs/constrs_1/new/main.xdc:51]
Resolution: If [get_<value>] was used to populate the object, check to make sure this command returns at least one valid object.
WARNING: [Vivado 12-584] No ports matched 'led[2]'. [/nfs/nfs7/home/huang238/lab13/lab13.srcs/constrs_1/new/main.xdc:52]
CRITICAL WARNING: [Common 17-55] 'set_property' expects at least one object. [/nfs/nfs7/home/huang238/lab13/lab13.srcs/constrs_1/new/main.xdc:52]
Resolution: If [get_<value>] was used to populate the object, check to make sure this command returns at least one valid object.
WARNING: [Vivado 12-584] No ports matched 'led[3]'. [/nfs/nfs7/home/huang238/lab13/lab13.srcs/constrs_1/new/main.xdc:53]
CRITICAL WARNING: [Common 17-55] 'set_property' expects at least one object. [/nfs/nfs7/home/huang238/lab13/lab13.srcs/constrs_1/new/main.xdc:53]
Resolution: If [get_<value>] was used to populate the object, check to make sure this command returns at least one valid object.
WARNING: [Vivado 12-584] No ports matched 'led[3]'. [/nfs/nfs7/home/huang238/lab13/lab13.srcs/constrs_1/new/main.xdc:54]
CRITICAL WARNING: [Common 17-55] 'set_property' expects at least one object. [/nfs/nfs7/home/huang238/lab13/lab13.srcs/constrs_1/new/main.xdc:54]
Resolution: If [get_<value>] was used to populate the object, check to make sure this command returns at least one valid object.
WARNING: [Vivado 12-584] No ports matched 'led[4]'. [/nfs/nfs7/home/huang238/lab13/lab13.srcs/constrs_1/new/main.xdc:55]
CRITICAL WARNING: [Common 17-55] 'set_property' expects at least one object. [/nfs/nfs7/home/huang238/lab13/lab13.srcs/constrs_1/new/main.xdc:55]
Resolution: If [get_<value>] was used to populate the object, check to make sure this command returns at least one valid object.
WARNING: [Vivado 12-584] No ports matched 'led[4]'. [/nfs/nfs7/home/huang238/lab13/lab13.srcs/constrs_1/new/main.xdc:56]
CRITICAL WARNING: [Common 17-55] 'set_property' expects at least one object. [/nfs/nfs7/home/huang238/lab13/lab13.srcs/constrs_1/new/main.xdc:56]
Resolution: If [get_<value>] was used to populate the object, check to make sure this command returns at least one valid object.
WARNING: [Vivado 12-584] No ports matched 'led[5]'. [/nfs/nfs7/home/huang238/lab13/lab13.srcs/constrs_1/new/main.xdc:57]
CRITICAL WARNING: [Common 17-55] 'set_property' expects at least one object. [/nfs/nfs7/home/huang238/lab13/lab13.srcs/constrs_1/new/main.xdc:57]
Resolution: If [get_<value>] was used to populate the object, check to make sure this command returns at least one valid object.
WARNING: [Vivado 12-584] No ports matched 'led[5]'. [/nfs/nfs7/home/huang238/lab13/lab13.srcs/constrs_1/new/main.xdc:58]
CRITICAL WARNING: [Common 17-55] 'set_property' expects at least one object. [/nfs/nfs7/home/huang238/lab13/lab13.srcs/constrs_1/new/main.xdc:58]
Resolution: If [get_<value>] was used to populate the object, check to make sure this command returns at least one valid object.
WARNING: [Vivado 12-584] No ports matched 'led[6]'. [/nfs/nfs7/home/huang238/lab13/lab13.srcs/constrs_1/new/main.xdc:59]
CRITICAL WARNING: [Common 17-55] 'set_property' expects at least one object. [/nfs/nfs7/home/huang238/lab13/lab13.srcs/constrs_1/new/main.xdc:59]
Resolution: If [get_<value>] was used to populate the object, check to make sure this command returns at least one valid object.
WARNING: [Vivado 12-584] No ports matched 'led[6]'. [/nfs/nfs7/home/huang238/lab13/lab13.srcs/constrs_1/new/main.xdc:60]
CRITICAL WARNING: [Common 17-55] 'set_property' expects at least one object. [/nfs/nfs7/home/huang238/lab13/lab13.srcs/constrs_1/new/main.xdc:60]
Resolution: If [get_<value>] was used to populate the object, check to make sure this command returns at least one valid object.
WARNING: [Vivado 12-584] No ports matched 'led[7]'. [/nfs/nfs7/home/huang238/lab13/lab13.srcs/constrs_1/new/main.xdc:61]
CRITICAL WARNING: [Common 17-55] 'set_property' expects at least one object. [/nfs/nfs7/home/huang238/lab13/lab13.srcs/constrs_1/new/main.xdc:61]
Resolution: If [get_<value>] was used to populate the object, check to make sure this command returns at least one valid object.
WARNING: [Vivado 12-584] No ports matched 'led[7]'. [/nfs/nfs7/home/huang238/lab13/lab13.srcs/constrs_1/new/main.xdc:62]
CRITICAL WARNING: [Common 17-55] 'set_property' expects at least one object. [/nfs/nfs7/home/huang238/lab13/lab13.srcs/constrs_1/new/main.xdc:62]
Resolution: If [get_<value>] was used to populate the object, check to make sure this command returns at least one valid object.
WARNING: [Vivado 12-584] No ports matched 'led[8]'. [/nfs/nfs7/home/huang238/lab13/lab13.srcs/constrs_1/new/main.xdc:63]
CRITICAL WARNING: [Common 17-55] 'set_property' expects at least one object. [/nfs/nfs7/home/huang238/lab13/lab13.srcs/constrs_1/new/main.xdc:63]
Resolution: If [get_<value>] was used to populate the object, check to make sure this command returns at least one valid object.
WARNING: [Vivado 12-584] No ports matched 'led[8]'. [/nfs/nfs7/home/huang238/lab13/lab13.srcs/constrs_1/new/main.xdc:64]
CRITICAL WARNING: [Common 17-55] 'set_property' expects at least one object. [/nfs/nfs7/home/huang238/lab13/lab13.srcs/constrs_1/new/main.xdc:64]
Resolution: If [get_<value>] was used to populate the object, check to make sure this command returns at least one valid object.
WARNING: [Vivado 12-584] No ports matched 'led[9]'. [/nfs/nfs7/home/huang238/lab13/lab13.srcs/constrs_1/new/main.xdc:65]
CRITICAL WARNING: [Common 17-55] 'set_property' expects at least one object. [/nfs/nfs7/home/huang238/lab13/lab13.srcs/constrs_1/new/main.xdc:65]
Resolution: If [get_<value>] was used to populate the object, check to make sure this command returns at least one valid object.
WARNING: [Vivado 12-584] No ports matched 'led[9]'. [/nfs/nfs7/home/huang238/lab13/lab13.srcs/constrs_1/new/main.xdc:66]
CRITICAL WARNING: [Common 17-55] 'set_property' expects at least one object. [/nfs/nfs7/home/huang238/lab13/lab13.srcs/constrs_1/new/main.xdc:66]
Resolution: If [get_<value>] was used to populate the object, check to make sure this command returns at least one valid object.
WARNING: [Vivado 12-584] No ports matched 'led[10]'. [/nfs/nfs7/home/huang238/lab13/lab13.srcs/constrs_1/new/main.xdc:67]
CRITICAL WARNING: [Common 17-55] 'set_property' expects at least one object. [/nfs/nfs7/home/huang238/lab13/lab13.srcs/constrs_1/new/main.xdc:67]
Resolution: If [get_<value>] was used to populate the object, check to make sure this command returns at least one valid object.
WARNING: [Vivado 12-584] No ports matched 'led[10]'. [/nfs/nfs7/home/huang238/lab13/lab13.srcs/constrs_1/new/main.xdc:68]
CRITICAL WARNING: [Common 17-55] 'set_property' expects at least one object. [/nfs/nfs7/home/huang238/lab13/lab13.srcs/constrs_1/new/main.xdc:68]
Resolution: If [get_<value>] was used to populate the object, check to make sure this command returns at least one valid object.
WARNING: [Vivado 12-584] No ports matched 'led[11]'. [/nfs/nfs7/home/huang238/lab13/lab13.srcs/constrs_1/new/main.xdc:69]
CRITICAL WARNING: [Common 17-55] 'set_property' expects at least one object. [/nfs/nfs7/home/huang238/lab13/lab13.srcs/constrs_1/new/main.xdc:69]
Resolution: If [get_<value>] was used to populate the object, check to make sure this command returns at least one valid object.
WARNING: [Vivado 12-584] No ports matched 'led[11]'. [/nfs/nfs7/home/huang238/lab13/lab13.srcs/constrs_1/new/main.xdc:70]
CRITICAL WARNING: [Common 17-55] 'set_property' expects at least one object. [/nfs/nfs7/home/huang238/lab13/lab13.srcs/constrs_1/new/main.xdc:70]
Resolution: If [get_<value>] was used to populate the object, check to make sure this command returns at least one valid object.
WARNING: [Vivado 12-584] No ports matched 'led[12]'. [/nfs/nfs7/home/huang238/lab13/lab13.srcs/constrs_1/new/main.xdc:71]
CRITICAL WARNING: [Common 17-55] 'set_property' expects at least one object. [/nfs/nfs7/home/huang238/lab13/lab13.srcs/constrs_1/new/main.xdc:71]
Resolution: If [get_<value>] was used to populate the object, check to make sure this command returns at least one valid object.
WARNING: [Vivado 12-584] No ports matched 'led[12]'. [/nfs/nfs7/home/huang238/lab13/lab13.srcs/constrs_1/new/main.xdc:72]
CRITICAL WARNING: [Common 17-55] 'set_property' expects at least one object. [/nfs/nfs7/home/huang238/lab13/lab13.srcs/constrs_1/new/main.xdc:72]
Resolution: If [get_<value>] was used to populate the object, check to make sure this command returns at least one valid object.
WARNING: [Vivado 12-584] No ports matched 'led[13]'. [/nfs/nfs7/home/huang238/lab13/lab13.srcs/constrs_1/new/main.xdc:73]
CRITICAL WARNING: [Common 17-55] 'set_property' expects at least one object. [/nfs/nfs7/home/huang238/lab13/lab13.srcs/constrs_1/new/main.xdc:73]
Resolution: If [get_<value>] was used to populate the object, check to make sure this command returns at least one valid object.
WARNING: [Vivado 12-584] No ports matched 'led[13]'. [/nfs/nfs7/home/huang238/lab13/lab13.srcs/constrs_1/new/main.xdc:74]
CRITICAL WARNING: [Common 17-55] 'set_property' expects at least one object. [/nfs/nfs7/home/huang238/lab13/lab13.srcs/constrs_1/new/main.xdc:74]
Resolution: If [get_<value>] was used to populate the object, check to make sure this command returns at least one valid object.
WARNING: [Vivado 12-584] No ports matched 'led[14]'. [/nfs/nfs7/home/huang238/lab13/lab13.srcs/constrs_1/new/main.xdc:75]
CRITICAL WARNING: [Common 17-55] 'set_property' expects at least one object. [/nfs/nfs7/home/huang238/lab13/lab13.srcs/constrs_1/new/main.xdc:75]
Resolution: If [get_<value>] was used to populate the object, check to make sure this command returns at least one valid object.
WARNING: [Vivado 12-584] No ports matched 'led[14]'. [/nfs/nfs7/home/huang238/lab13/lab13.srcs/constrs_1/new/main.xdc:76]
CRITICAL WARNING: [Common 17-55] 'set_property' expects at least one object. [/nfs/nfs7/home/huang238/lab13/lab13.srcs/constrs_1/new/main.xdc:76]
Resolution: If [get_<value>] was used to populate the object, check to make sure this command returns at least one valid object.
WARNING: [Vivado 12-584] No ports matched 'led[15]'. [/nfs/nfs7/home/huang238/lab13/lab13.srcs/constrs_1/new/main.xdc:77]
CRITICAL WARNING: [Common 17-55] 'set_property' expects at least one object. [/nfs/nfs7/home/huang238/lab13/lab13.srcs/constrs_1/new/main.xdc:77]
Resolution: If [get_<value>] was used to populate the object, check to make sure this command returns at least one valid object.
WARNING: [Vivado 12-584] No ports matched 'led[15]'. [/nfs/nfs7/home/huang238/lab13/lab13.srcs/constrs_1/new/main.xdc:78]
CRITICAL WARNING: [Common 17-55] 'set_property' expects at least one object. [/nfs/nfs7/home/huang238/lab13/lab13.srcs/constrs_1/new/main.xdc:78]
Resolution: If [get_<value>] was used to populate the object, check to make sure this command returns at least one valid object.
Finished Parsing XDC File [/nfs/nfs7/home/huang238/lab13/lab13.srcs/constrs_1/new/main.xdc]
INFO: [Project 1-236] Implementation specific constraints were found while reading constraint file [/nfs/nfs7/home/huang238/lab13/lab13.srcs/constrs_1/new/main.xdc]. These constraints will be ignored for synthesis but will be used in implementation. Impacted constraints are listed in the file [.Xil/final_project_propImpl.xdc].
Resolution: To avoid this warning, move constraints listed in [.Xil/final_project_propImpl.xdc] to another XDC file and exclude this new file from synthesis with the used_in_synthesis property (File Properties dialog in GUI) and re-run elaboration/synthesis.
Completed Processing XDC Constraints

INFO: [Project 1-111] Unisim Transformation Summary:
No Unisim elements were transformed.

Constraint Validation Runtime : Time (s): cpu = 00:00:00 ; elapsed = 00:00:00.01 . Memory (MB): peak = 1704.688 ; gain = 0.000 ; free physical = 9147 ; free virtual = 28734
---------------------------------------------------------------------------------
Finished Constraint Validation : Time (s): cpu = 00:00:10 ; elapsed = 00:00:11 . Memory (MB): peak = 1704.688 ; gain = 501.914 ; free physical = 9261 ; free virtual = 28847
---------------------------------------------------------------------------------
---------------------------------------------------------------------------------
Start Loading Part and Timing Information
---------------------------------------------------------------------------------
Loading part: xc7a35ticpg236-1L
---------------------------------------------------------------------------------
Finished Loading Part and Timing Information : Time (s): cpu = 00:00:10 ; elapsed = 00:00:11 . Memory (MB): peak = 1704.688 ; gain = 501.914 ; free physical = 9261 ; free virtual = 28847
---------------------------------------------------------------------------------
---------------------------------------------------------------------------------
Start Applying 'set_property' XDC Constraints
---------------------------------------------------------------------------------
---------------------------------------------------------------------------------
Finished applying 'set_property' XDC Constraints : Time (s): cpu = 00:00:10 ; elapsed = 00:00:11 . Memory (MB): peak = 1704.688 ; gain = 501.914 ; free physical = 9260 ; free virtual = 28847
---------------------------------------------------------------------------------
INFO: [Synth 8-5818] HDL ADVISOR - The operator resource <adder> is shared. To prevent sharing consider applying a KEEP on the output of the operator [/nfs/nfs7/home/huang238/lab13/lab13.srcs/sources_1/new/main.v:142]
INFO: [Synth 8-5546] ROM "memory" won't be mapped to RAM because it is too sparse
INFO: [Synth 8-5545] ROM "out_byte" won't be mapped to RAM because address size (32) is larger than maximum supported(25)
INFO: [Synth 8-5544] ROM "car" won't be mapped to Block RAM because address size (4) smaller than threshold (5)
INFO: [Synth 8-5544] ROM "execute" won't be mapped to Block RAM because address size (4) smaller than threshold (5)
INFO: [Synth 8-5546] ROM "ret_msg" won't be mapped to RAM because it is too sparse
INFO: [Synth 8-5546] ROM "ret_msg" won't be mapped to RAM because it is too sparse
INFO: [Synth 8-5546] ROM "ret_msg" won't be mapped to RAM because it is too sparse
INFO: [Synth 8-5546] ROM "ret_msg" won't be mapped to RAM because it is too sparse
INFO: [Synth 8-5546] ROM "ret_msg" won't be mapped to RAM because it is too sparse
INFO: [Synth 8-5546] ROM "mem_ptr" won't be mapped to RAM because it is too sparse
INFO: [Synth 8-5546] ROM "mem_ptr" won't be mapped to RAM because it is too sparse
INFO: [Synth 8-5544] ROM "AR" won't be mapped to Block RAM because address size (4) smaller than threshold (5)
INFO: [Synth 8-5544] ROM "DR" won't be mapped to Block RAM because address size (4) smaller than threshold (5)
INFO: [Synth 8-5544] ROM "A" won't be mapped to Block RAM because address size (4) smaller than threshold (5)
INFO: [Synth 8-5544] ROM "A" won't be mapped to Block RAM because address size (4) smaller than threshold (5)
INFO: [Synth 8-5544] ROM "A" won't be mapped to Block RAM because address size (4) smaller than threshold (5)
INFO: [Synth 8-5544] ROM "A" won't be mapped to Block RAM because address size (4) smaller than threshold (5)
INFO: [Synth 8-5546] ROM "in" won't be mapped to RAM because it is too sparse
INFO: [Synth 8-5546] ROM "out" won't be mapped to RAM because it is too sparse
WARNING: [Synth 8-6014] Unused sequential element bitcnt_reg was removed.  [/nfs/nfs7/home/huang238/lab13/lab13.srcs/sources_1/new/main.v:86]
WARNING: [Synth 8-6014] Unused sequential element q_reg was removed.  [/nfs/nfs7/home/huang238/lab13/lab13.srcs/sources_1/new/main.v:937]
---------------------------------------------------------------------------------
Finished RTL Optimization Phase 2 : Time (s): cpu = 00:00:11 ; elapsed = 00:00:13 . Memory (MB): peak = 1704.688 ; gain = 501.914 ; free physical = 9268 ; free virtual = 28854
---------------------------------------------------------------------------------

Report RTL Partitions: 
+-+--------------+------------+----------+
| |RTL Partition |Replication |Instances |
+-+--------------+------------+----------+
+-+--------------+------------+----------+
---------------------------------------------------------------------------------
Start RTL Component Statistics 
---------------------------------------------------------------------------------
Detailed RTL Component Info : 
+---Adders : 
	   2 Input     32 Bit       Adders := 1     
	   2 Input      9 Bit       Adders := 3     
	   3 Input      9 Bit       Adders := 3     
	   2 Input      8 Bit       Adders := 1     
+---XORs : 
	   2 Input      8 Bit         XORs := 1     
+---Registers : 
	                9 Bit    Registers := 1     
	                8 Bit    Registers := 13    
	                4 Bit    Registers := 1     
	                3 Bit    Registers := 1     
	                2 Bit    Registers := 2     
	                1 Bit    Registers := 2     
+---RAMs : 
	               2K Bit         RAMs := 1     
+---Muxes : 
	  31 Input      8 Bit        Muxes := 2     
	   2 Input      8 Bit        Muxes := 13    
	   4 Input      8 Bit        Muxes := 8     
	   6 Input      8 Bit        Muxes := 3     
	   7 Input      8 Bit        Muxes := 2     
	   8 Input      8 Bit        Muxes := 1     
	   5 Input      8 Bit        Muxes := 1     
	   2 Input      4 Bit        Muxes := 14    
	   4 Input      4 Bit        Muxes := 13    
	   8 Input      4 Bit        Muxes := 1     
	   7 Input      4 Bit        Muxes := 3     
	  31 Input      4 Bit        Muxes := 1     
	   6 Input      4 Bit        Muxes := 2     
	  31 Input      3 Bit        Muxes := 12    
	  11 Input      3 Bit        Muxes := 1     
	   5 Input      3 Bit        Muxes := 6     
	   2 Input      3 Bit        Muxes := 3     
	   4 Input      3 Bit        Muxes := 2     
	   2 Input      2 Bit        Muxes := 5     
	   2 Input      1 Bit        Muxes := 78    
	   3 Input      1 Bit        Muxes := 2     
	  10 Input      1 Bit        Muxes := 1     
	  11 Input      1 Bit        Muxes := 6     
	   6 Input      1 Bit        Muxes := 12    
	   4 Input      1 Bit        Muxes := 28    
	   7 Input      1 Bit        Muxes := 11    
	  31 Input      1 Bit        Muxes := 5     
	   5 Input      1 Bit        Muxes := 4     
	   8 Input      1 Bit        Muxes := 1     
---------------------------------------------------------------------------------
Finished RTL Component Statistics 
---------------------------------------------------------------------------------
---------------------------------------------------------------------------------
Start RTL Hierarchical Component Statistics 
---------------------------------------------------------------------------------
Hierarchical RTL Component report 
Module final_project 
Detailed RTL Component Info : 
+---Adders : 
	   2 Input     32 Bit       Adders := 1     
	   2 Input      9 Bit       Adders := 3     
	   3 Input      9 Bit       Adders := 3     
	   2 Input      8 Bit       Adders := 1     
+---XORs : 
	   2 Input      8 Bit         XORs := 1     
+---Registers : 
	                9 Bit    Registers := 1     
	                8 Bit    Registers := 13    
	                4 Bit    Registers := 1     
	                3 Bit    Registers := 1     
	                2 Bit    Registers := 2     
	                1 Bit    Registers := 2     
+---RAMs : 
	               2K Bit         RAMs := 1     
+---Muxes : 
	  31 Input      8 Bit        Muxes := 2     
	   2 Input      8 Bit        Muxes := 13    
	   4 Input      8 Bit        Muxes := 8     
	   6 Input      8 Bit        Muxes := 3     
	   7 Input      8 Bit        Muxes := 2     
	   8 Input      8 Bit        Muxes := 1     
	   5 Input      8 Bit        Muxes := 1     
	   2 Input      4 Bit        Muxes := 14    
	   4 Input      4 Bit        Muxes := 13    
	   8 Input      4 Bit        Muxes := 1     
	   7 Input      4 Bit        Muxes := 3     
	  31 Input      4 Bit        Muxes := 1     
	   6 Input      4 Bit        Muxes := 2     
	  31 Input      3 Bit        Muxes := 12    
	  11 Input      3 Bit        Muxes := 1     
	   5 Input      3 Bit        Muxes := 6     
	   2 Input      3 Bit        Muxes := 3     
	   4 Input      3 Bit        Muxes := 2     
	   2 Input      2 Bit        Muxes := 5     
	   2 Input      1 Bit        Muxes := 78    
	   3 Input      1 Bit        Muxes := 2     
	  10 Input      1 Bit        Muxes := 1     
	  11 Input      1 Bit        Muxes := 6     
	   6 Input      1 Bit        Muxes := 12    
	   4 Input      1 Bit        Muxes := 28    
	   7 Input      1 Bit        Muxes := 11    
	  31 Input      1 Bit        Muxes := 5     
	   5 Input      1 Bit        Muxes := 4     
	   8 Input      1 Bit        Muxes := 1     
---------------------------------------------------------------------------------
Finished RTL Hierarchical Component Statistics
---------------------------------------------------------------------------------
---------------------------------------------------------------------------------
Start Part Resource Summary
---------------------------------------------------------------------------------
Part Resources:
DSPs: 90 (col length:60)
BRAMs: 100 (col length: RAMB18 60 RAMB36 30)
---------------------------------------------------------------------------------
Finished Part Resource Summary
---------------------------------------------------------------------------------
---------------------------------------------------------------------------------
Start Cross Boundary and Area Optimization
---------------------------------------------------------------------------------
INFO: [Synth 8-5545] ROM "out_byte" won't be mapped to RAM because address size (32) is larger than maximum supported(25)
INFO: [Synth 8-5546] ROM "ret_msg" won't be mapped to RAM because it is too sparse
INFO: [Synth 8-5546] ROM "ret_msg" won't be mapped to RAM because it is too sparse
INFO: [Synth 8-5546] ROM "PSW" won't be mapped to RAM because it is too sparse
INFO: [Synth 8-5546] ROM "PSW" won't be mapped to RAM because it is too sparse
INFO: [Synth 8-5546] ROM "PSW" won't be mapped to RAM because it is too sparse
INFO: [Synth 8-5546] ROM "PSW" won't be mapped to RAM because it is too sparse
INFO: [Synth 8-5546] ROM "PSW" won't be mapped to RAM because it is too sparse
INFO: [Synth 8-5546] ROM "ret_msg" won't be mapped to RAM because it is too sparse
INFO: [Synth 8-5546] ROM "ret_msg" won't be mapped to RAM because it is too sparse
WARNING: [Synth 8-6014] Unused sequential element q_reg was removed.  [/nfs/nfs7/home/huang238/lab13/lab13.srcs/sources_1/new/main.v:937]
WARNING: [Synth 8-6014] Unused sequential element bitcnt_reg was removed.  [/nfs/nfs7/home/huang238/lab13/lab13.srcs/sources_1/new/main.v:86]
INFO: [Synth 8-3886] merging instance 'AR_reg_rep[0]' (FDE) to 'AR_reg[0]'
INFO: [Synth 8-3886] merging instance 'AR_reg_rep[1]' (FDE) to 'AR_reg[1]'
INFO: [Synth 8-3886] merging instance 'AR_reg_rep[2]' (FDE) to 'AR_reg[2]'
INFO: [Synth 8-3886] merging instance 'AR_reg_rep[3]' (FDE) to 'AR_reg[3]'
INFO: [Synth 8-3886] merging instance 'AR_reg_rep[4]' (FDE) to 'AR_reg[4]'
INFO: [Synth 8-3886] merging instance 'AR_reg_rep[5]' (FDE) to 'AR_reg[5]'
INFO: [Synth 8-3886] merging instance 'AR_reg_rep[6]' (FDE) to 'AR_reg[6]'
INFO: [Synth 8-3886] merging instance 'AR_reg_rep[7]' (FDE) to 'AR_reg[7]'
---------------------------------------------------------------------------------
Finished Cross Boundary and Area Optimization : Time (s): cpu = 00:00:16 ; elapsed = 00:00:17 . Memory (MB): peak = 1704.688 ; gain = 501.914 ; free physical = 9241 ; free virtual = 28827
---------------------------------------------------------------------------------
---------------------------------------------------------------------------------
Start ROM, RAM, DSP and Shift Register Reporting
---------------------------------------------------------------------------------

Distributed RAM: Preliminary Mapping  Report (see note below)
+--------------+------------+-----------+----------------------+------------------+
|Module Name   | RTL Object | Inference | Size (Depth x Width) | Primitives       | 
+--------------+------------+-----------+----------------------+------------------+
|final_project | memory_reg | Implied   | 256 x 8              | RAM128X1D x 16   | 
+--------------+------------+-----------+----------------------+------------------+

Note: The table above is a preliminary report that shows the Distributed RAMs at the current stage of the synthesis flow. Some Distributed RAMs may be reimplemented as non Distributed RAM primitives later in the synthesis flow. Multiple instantiated RAMs are reported only once.
---------------------------------------------------------------------------------
Finished ROM, RAM, DSP and Shift Register Reporting
---------------------------------------------------------------------------------

Report RTL Partitions: 
+-+--------------+------------+----------+
| |RTL Partition |Replication |Instances |
+-+--------------+------------+----------+
+-+--------------+------------+----------+
---------------------------------------------------------------------------------
Start Applying XDC Timing Constraints
---------------------------------------------------------------------------------
---------------------------------------------------------------------------------
Finished Applying XDC Timing Constraints : Time (s): cpu = 00:00:20 ; elapsed = 00:00:22 . Memory (MB): peak = 1704.688 ; gain = 501.914 ; free physical = 9120 ; free virtual = 28706
---------------------------------------------------------------------------------
---------------------------------------------------------------------------------
Start Timing Optimization
---------------------------------------------------------------------------------
---------------------------------------------------------------------------------
Finished Timing Optimization : Time (s): cpu = 00:00:22 ; elapsed = 00:00:24 . Memory (MB): peak = 1704.688 ; gain = 501.914 ; free physical = 9093 ; free virtual = 28679
---------------------------------------------------------------------------------

Report RTL Partitions: 
+-+--------------+------------+----------+
| |RTL Partition |Replication |Instances |
+-+--------------+------------+----------+
+-+--------------+------------+----------+
---------------------------------------------------------------------------------
Start Technology Mapping
---------------------------------------------------------------------------------
---------------------------------------------------------------------------------
Finished Technology Mapping : Time (s): cpu = 00:00:22 ; elapsed = 00:00:24 . Memory (MB): peak = 1716.961 ; gain = 514.188 ; free physical = 9089 ; free virtual = 28675
---------------------------------------------------------------------------------

Report RTL Partitions: 
+-+--------------+------------+----------+
| |RTL Partition |Replication |Instances |
+-+--------------+------------+----------+
+-+--------------+------------+----------+
---------------------------------------------------------------------------------
Start IO Insertion
---------------------------------------------------------------------------------
---------------------------------------------------------------------------------
Start Flattening Before IO Insertion
---------------------------------------------------------------------------------
---------------------------------------------------------------------------------
Finished Flattening Before IO Insertion
---------------------------------------------------------------------------------
---------------------------------------------------------------------------------
Start Final Netlist Cleanup
---------------------------------------------------------------------------------
---------------------------------------------------------------------------------
Finished Final Netlist Cleanup
---------------------------------------------------------------------------------
---------------------------------------------------------------------------------
Finished IO Insertion : Time (s): cpu = 00:00:22 ; elapsed = 00:00:24 . Memory (MB): peak = 1716.961 ; gain = 514.188 ; free physical = 9090 ; free virtual = 28676
---------------------------------------------------------------------------------

Report Check Netlist: 
+------+------------------+-------+---------+-------+------------------+
|      |Item              |Errors |Warnings |Status |Description       |
+------+------------------+-------+---------+-------+------------------+
|1     |multi_driven_nets |      0|        0|Passed |Multi driven nets |
+------+------------------+-------+---------+-------+------------------+
---------------------------------------------------------------------------------
Start Renaming Generated Instances
---------------------------------------------------------------------------------
---------------------------------------------------------------------------------
Finished Renaming Generated Instances : Time (s): cpu = 00:00:22 ; elapsed = 00:00:24 . Memory (MB): peak = 1716.961 ; gain = 514.188 ; free physical = 9090 ; free virtual = 28676
---------------------------------------------------------------------------------

Report RTL Partitions: 
+-+--------------+------------+----------+
| |RTL Partition |Replication |Instances |
+-+--------------+------------+----------+
+-+--------------+------------+----------+
---------------------------------------------------------------------------------
Start Rebuilding User Hierarchy
---------------------------------------------------------------------------------
---------------------------------------------------------------------------------
Finished Rebuilding User Hierarchy : Time (s): cpu = 00:00:22 ; elapsed = 00:00:24 . Memory (MB): peak = 1716.961 ; gain = 514.188 ; free physical = 9090 ; free virtual = 28676
---------------------------------------------------------------------------------
---------------------------------------------------------------------------------
Start Renaming Generated Ports
---------------------------------------------------------------------------------
---------------------------------------------------------------------------------
Finished Renaming Generated Ports : Time (s): cpu = 00:00:22 ; elapsed = 00:00:24 . Memory (MB): peak = 1716.961 ; gain = 514.188 ; free physical = 9090 ; free virtual = 28676
---------------------------------------------------------------------------------
---------------------------------------------------------------------------------
Start Handling Custom Attributes
---------------------------------------------------------------------------------
---------------------------------------------------------------------------------
Finished Handling Custom Attributes : Time (s): cpu = 00:00:22 ; elapsed = 00:00:24 . Memory (MB): peak = 1716.961 ; gain = 514.188 ; free physical = 9090 ; free virtual = 28676
---------------------------------------------------------------------------------
---------------------------------------------------------------------------------
Start Renaming Generated Nets
---------------------------------------------------------------------------------
---------------------------------------------------------------------------------
Finished Renaming Generated Nets : Time (s): cpu = 00:00:22 ; elapsed = 00:00:24 . Memory (MB): peak = 1716.961 ; gain = 514.188 ; free physical = 9090 ; free virtual = 28676
---------------------------------------------------------------------------------
---------------------------------------------------------------------------------
Start Writing Synthesis Report
---------------------------------------------------------------------------------

Report BlackBoxes: 
+-+--------------+----------+
| |BlackBox name |Instances |
+-+--------------+----------+
+-+--------------+----------+

Report Cell Usage: 
+------+----------+------+
|      |Cell      |Count |
+------+----------+------+
|1     |BUFG      |     2|
|2     |CARRY4    |    29|
|3     |LUT1      |    44|
|4     |LUT2      |    87|
|5     |LUT3      |    50|
|6     |LUT4      |    35|
|7     |LUT5      |    69|
|8     |LUT6      |   227|
|9     |MUXF7     |     7|
|10    |RAM128X1D |    16|
|11    |FDRE      |   171|
|12    |IBUF      |     5|
|13    |OBUF      |    12|
+------+----------+------+

Report Instance Areas: 
+------+---------+-------+------+
|      |Instance |Module |Cells |
+------+---------+-------+------+
|1     |top      |       |   754|
+------+---------+-------+------+
---------------------------------------------------------------------------------
Finished Writing Synthesis Report : Time (s): cpu = 00:00:22 ; elapsed = 00:00:24 . Memory (MB): peak = 1716.961 ; gain = 514.188 ; free physical = 9090 ; free virtual = 28676
---------------------------------------------------------------------------------
Synthesis finished with 0 errors, 0 critical warnings and 4 warnings.
Synthesis Optimization Runtime : Time (s): cpu = 00:00:19 ; elapsed = 00:00:20 . Memory (MB): peak = 1716.961 ; gain = 129.785 ; free physical = 9144 ; free virtual = 28730
Synthesis Optimization Complete : Time (s): cpu = 00:00:22 ; elapsed = 00:00:24 . Memory (MB): peak = 1716.969 ; gain = 514.188 ; free physical = 9145 ; free virtual = 28732
INFO: [Project 1-571] Translating synthesized netlist
INFO: [Netlist 29-17] Analyzing 50 Unisim elements for replacement
INFO: [Netlist 29-28] Unisim Transformation completed in 0 CPU seconds
INFO: [Project 1-570] Preparing netlist for logic optimization
INFO: [Opt 31-138] Pushed 0 inverter(s) to 0 load pin(s).
INFO: [Project 1-111] Unisim Transformation Summary:
  A total of 16 instances were transformed.
  RAM128X1D => RAM128X1D (RAMD64E, RAMD64E, MUXF7, MUXF7, RAMD64E, RAMD64E): 16 instances

91 Infos, 38 Warnings, 32 Critical Warnings and 0 Errors encountered.
synth_design completed successfully
synth_design: Time (s): cpu = 00:00:23 ; elapsed = 00:00:25 . Memory (MB): peak = 1748.977 ; gain = 559.789 ; free physical = 9140 ; free virtual = 28726
INFO: [Common 17-1381] The checkpoint '/nfs/nfs7/home/huang238/lab13/lab13.runs/synth_1/final_project.dcp' has been generated.
report_utilization: Time (s): cpu = 00:00:00.03 ; elapsed = 00:00:00.11 . Memory (MB): peak = 1772.996 ; gain = 0.000 ; free physical = 9140 ; free virtual = 28726
INFO: [Common 17-206] Exiting Vivado at Fri Dec  8 16:29:31 2017...
