This file contains any messages produced by compilers while
running configure, to aid debugging if configure makes a mistake.

It was created by configure, which was
generated by GNU Autoconf 2.59.  Invocation command line was

  $ ./configure --prefix=/u/huang238/a290-js/apache

## --------- ##
## Platform. ##
## --------- ##

hostname = silo.soic.indiana.edu
uname -m = x86_64
uname -r = 3.10.0-327.36.3.el7.x86_64
uname -s = Linux
uname -v = #1 SMP Thu Oct 20 04:56:07 EDT 2016

/usr/bin/uname -p = x86_64
/bin/uname -X     = unknown

/bin/arch              = x86_64
/usr/bin/arch -k       = unknown
/usr/convex/getsysinfo = unknown
hostinfo               = unknown
/bin/machine           = unknown
/usr/bin/oslevel       = unknown
/bin/universe          = unknown

PATH: /l/arm2/devtools/bin
PATH: /usr/lib64/qt-3.3/bin
PATH: /usr/lib64/mpich/bin
PATH: /usr/local/bin
PATH: /usr/bin
PATH: /usr/local/sbin
PATH: /usr/sbin
PATH: /l/ruby-2.3.0/rvm/bin
PATH: /opt/dell/srvadmin/bin
PATH: /u/huang238/bin


## ----------- ##
## Core tests. ##
## ----------- ##

configure:1656: checking for chosen layout
configure:1658: result: Apache
configure:2454: checking for working mkdir -p
configure:2470: result: yes
configure:2487: checking build system type
configure:2505: result: x86_64-unknown-linux-gnu
configure:2513: checking host system type
configure:2527: result: x86_64-unknown-linux-gnu
configure:2535: checking target system type
configure:2549: result: x86_64-unknown-linux-gnu
configure:2593: checking for APR
configure:2675: result: yes
configure:2921: checking for APR-util
configure:3003: result: yes
configure:3227: checking for gcc
configure:3253: result: gcc
configure:3497: checking for C compiler version
configure:3500: gcc --version </dev/null >&5
gcc (GCC) 4.8.5 20150623 (Red Hat 4.8.5-11)
Copyright (C) 2015 Free Software Foundation, Inc.
This is free software; see the source for copying conditions.  There is NO
warranty; not even for MERCHANTABILITY or FITNESS FOR A PARTICULAR PURPOSE.

configure:3503: $? = 0
configure:3505: gcc -v </dev/null >&5
Using built-in specs.
COLLECT_GCC=gcc
COLLECT_LTO_WRAPPER=/usr/libexec/gcc/x86_64-redhat-linux/4.8.5/lto-wrapper
Target: x86_64-redhat-linux
Configured with: ../configure --prefix=/usr --mandir=/usr/share/man --infodir=/usr/share/info --with-bugurl=http://bugzilla.redhat.com/bugzilla --enable-bootstrap --enable-shared --enable-threads=posix --enable-checking=release --with-system-zlib --enable-__cxa_atexit --disable-libunwind-exceptions --enable-gnu-unique-object --enable-linker-build-id --with-linker-hash-style=gnu --enable-languages=c,c++,objc,obj-c++,java,fortran,ada,go,lto --enable-plugin --enable-initfini-array --disable-libgcj --with-isl=/builddir/build/BUILD/gcc-4.8.5-20150702/obj-x86_64-redhat-linux/isl-install --with-cloog=/builddir/build/BUILD/gcc-4.8.5-20150702/obj-x86_64-redhat-linux/cloog-install --enable-gnu-indirect-function --with-tune=generic --with-arch_32=x86-64 --build=x86_64-redhat-linux
Thread model: posix
gcc version 4.8.5 20150623 (Red Hat 4.8.5-11) (GCC) 
configure:3508: $? = 0
configure:3510: gcc -V </dev/null >&5
gcc: error: unrecognized command line option '-V'
gcc: fatal error: no input files
compilation terminated.
configure:3513: $? = 4
configure:3536: checking for C compiler default output file name
configure:3539: gcc   -pthread  -DLINUX -D_REENTRANT -D_GNU_SOURCE   conftest.c  >&5
configure:3542: $? = 0
configure:3588: result: a.out
configure:3593: checking whether the C compiler works
configure:3599: ./a.out
configure:3602: $? = 0
configure:3619: result: yes
configure:3626: checking whether we are cross compiling
configure:3628: result: no
configure:3631: checking for suffix of executables
configure:3633: gcc -o conftest   -pthread  -DLINUX -D_REENTRANT -D_GNU_SOURCE   conftest.c  >&5
configure:3636: $? = 0
configure:3661: result: 
configure:3667: checking for suffix of object files
configure:3688: gcc -c   -pthread  -DLINUX -D_REENTRANT -D_GNU_SOURCE conftest.c >&5
configure:3691: $? = 0
configure:3713: result: o
configure:3717: checking whether we are using the GNU C compiler
configure:3741: gcc -c   -pthread  -DLINUX -D_REENTRANT -D_GNU_SOURCE conftest.c >&5
configure:3747: $? = 0
configure:3751: test -z 
			 || test ! -s conftest.err
configure:3754: $? = 0
configure:3757: test -s conftest.o
configure:3760: $? = 0
configure:3773: result: yes
configure:3779: checking whether gcc accepts -g
configure:3800: gcc -c -g  -DLINUX -D_REENTRANT -D_GNU_SOURCE conftest.c >&5
configure:3806: $? = 0
configure:3810: test -z 
			 || test ! -s conftest.err
configure:3813: $? = 0
configure:3816: test -s conftest.o
configure:3819: $? = 0
configure:3830: result: yes
configure:3847: checking for gcc option to accept ANSI C
configure:3917: gcc  -c   -pthread  -DLINUX -D_REENTRANT -D_GNU_SOURCE conftest.c >&5
configure:3923: $? = 0
configure:3927: test -z 
			 || test ! -s conftest.err
configure:3930: $? = 0
configure:3933: test -s conftest.o
configure:3936: $? = 0
configure:3954: result: none needed
configure:3972: gcc -c   -pthread  -DLINUX -D_REENTRANT -D_GNU_SOURCE conftest.c >&5
conftest.c:2:3: error: unknown type name 'choke'
   choke me
   ^
conftest.c:2:3: error: expected '=', ',', ';', 'asm' or '__attribute__' at end of input
configure:3978: $? = 1
configure: failed program was:
| #ifndef __cplusplus
|   choke me
| #endif
configure:4116: checking how to run the C preprocessor
configure:4234: result: gcc -E
configure:4258: gcc -E  -DLINUX -D_REENTRANT -D_GNU_SOURCE conftest.c
configure:4264: $? = 0
configure:4296: gcc -E  -DLINUX -D_REENTRANT -D_GNU_SOURCE conftest.c
conftest.c:9:28: fatal error: ac_nonexistent.h: No such file or directory
 #include <ac_nonexistent.h>
                            ^
compilation terminated.
configure:4302: $? = 1
configure: failed program was:
| /* confdefs.h.  */
| 
| #define PACKAGE_NAME ""
| #define PACKAGE_TARNAME ""
| #define PACKAGE_VERSION ""
| #define PACKAGE_STRING ""
| #define PACKAGE_BUGREPORT ""
| /* end confdefs.h.  */
| #include <ac_nonexistent.h>
configure:4465: Configuring PCRE regular expression library
configure:4889: checking for rm
configure:4907: found /usr/bin/rm
configure:4919: result: /usr/bin/rm
configure:4928: checking for pkg-config
configure:4946: found /usr/bin/pkg-config
configure:4958: result: /usr/bin/pkg-config
configure:4967: checking for rsync
configure:4985: found /usr/bin/rsync
configure:4997: result: /usr/bin/rsync
configure:5008: checking for gawk
configure:5024: found /usr/bin/gawk
configure:5034: result: gawk
configure:5044: checking whether ln -s works
configure:5048: result: yes
configure:5096: checking for ranlib
configure:5112: found /usr/bin/ranlib
configure:5123: result: ranlib
configure:5139: checking for lynx
configure:5155: found /usr/bin/lynx
configure:5165: result: lynx
configure:5191: checking for egrep
configure:5201: result: grep -E
configure:5207: checking for AIX
configure:5229: result: no
configure:5235: checking for library containing strerror
configure:5265: gcc -o conftest   -pthread  -DLINUX -D_REENTRANT -D_GNU_SOURCE   conftest.c  >&5
configure:5271: $? = 0
configure:5275: test -z 
			 || test ! -s conftest.err
configure:5278: $? = 0
configure:5281: test -s conftest
configure:5284: $? = 0
configure:5354: result: none required
configure:5361: checking for ANSI C header files
configure:5386: gcc -c   -pthread  -DLINUX -D_REENTRANT -D_GNU_SOURCE conftest.c >&5
configure:5392: $? = 0
configure:5396: test -z 
			 || test ! -s conftest.err
configure:5399: $? = 0
configure:5402: test -s conftest.o
configure:5405: $? = 0
configure:5494: gcc -o conftest   -pthread  -DLINUX -D_REENTRANT -D_GNU_SOURCE   conftest.c  >&5
conftest.c: In function 'main':
conftest.c:26:7: warning: incompatible implicit declaration of built-in function 'exit' [enabled by default]
       exit(2);
       ^
configure:5497: $? = 0
configure:5499: ./conftest
configure:5502: $? = 0
configure:5517: result: yes
configure:5541: checking for sys/types.h
configure:5557: gcc -c   -pthread  -DLINUX -D_REENTRANT -D_GNU_SOURCE conftest.c >&5
configure:5563: $? = 0
configure:5567: test -z 
			 || test ! -s conftest.err
configure:5570: $? = 0
configure:5573: test -s conftest.o
configure:5576: $? = 0
configure:5587: result: yes
configure:5541: checking for sys/stat.h
configure:5557: gcc -c   -pthread  -DLINUX -D_REENTRANT -D_GNU_SOURCE conftest.c >&5
configure:5563: $? = 0
configure:5567: test -z 
			 || test ! -s conftest.err
configure:5570: $? = 0
configure:5573: test -s conftest.o
configure:5576: $? = 0
configure:5587: result: yes
configure:5541: checking for stdlib.h
configure:5557: gcc -c   -pthread  -DLINUX -D_REENTRANT -D_GNU_SOURCE conftest.c >&5
configure:5563: $? = 0
configure:5567: test -z 
			 || test ! -s conftest.err
configure:5570: $? = 0
configure:5573: test -s conftest.o
configure:5576: $? = 0
configure:5587: result: yes
configure:5541: checking for string.h
configure:5557: gcc -c   -pthread  -DLINUX -D_REENTRANT -D_GNU_SOURCE conftest.c >&5
configure:5563: $? = 0
configure:5567: test -z 
			 || test ! -s conftest.err
configure:5570: $? = 0
configure:5573: test -s conftest.o
configure:5576: $? = 0
configure:5587: result: yes
configure:5541: checking for memory.h
configure:5557: gcc -c   -pthread  -DLINUX -D_REENTRANT -D_GNU_SOURCE conftest.c >&5
configure:5563: $? = 0
configure:5567: test -z 
			 || test ! -s conftest.err
configure:5570: $? = 0
configure:5573: test -s conftest.o
configure:5576: $? = 0
configure:5587: result: yes
configure:5541: checking for strings.h
configure:5557: gcc -c   -pthread  -DLINUX -D_REENTRANT -D_GNU_SOURCE conftest.c >&5
configure:5563: $? = 0
configure:5567: test -z 
			 || test ! -s conftest.err
configure:5570: $? = 0
configure:5573: test -s conftest.o
configure:5576: $? = 0
configure:5587: result: yes
configure:5541: checking for inttypes.h
configure:5557: gcc -c   -pthread  -DLINUX -D_REENTRANT -D_GNU_SOURCE conftest.c >&5
configure:5563: $? = 0
configure:5567: test -z 
			 || test ! -s conftest.err
configure:5570: $? = 0
configure:5573: test -s conftest.o
configure:5576: $? = 0
configure:5587: result: yes
configure:5541: checking for stdint.h
configure:5557: gcc -c   -pthread  -DLINUX -D_REENTRANT -D_GNU_SOURCE conftest.c >&5
configure:5563: $? = 0
configure:5567: test -z 
			 || test ! -s conftest.err
configure:5570: $? = 0
configure:5573: test -s conftest.o
configure:5576: $? = 0
configure:5587: result: yes
configure:5541: checking for unistd.h
configure:5557: gcc -c   -pthread  -DLINUX -D_REENTRANT -D_GNU_SOURCE conftest.c >&5
configure:5563: $? = 0
configure:5567: test -z 
			 || test ! -s conftest.err
configure:5570: $? = 0
configure:5573: test -s conftest.o
configure:5576: $? = 0
configure:5587: result: yes
configure:5609: checking minix/config.h usability
configure:5621: gcc -c   -pthread  -DLINUX -D_REENTRANT -D_GNU_SOURCE conftest.c >&5
conftest.c:53:26: fatal error: minix/config.h: No such file or directory
 #include <minix/config.h>
                          ^
compilation terminated.
configure:5627: $? = 1
configure: failed program was:
| /* confdefs.h.  */
| 
| #define PACKAGE_NAME ""
| #define PACKAGE_TARNAME ""
| #define PACKAGE_VERSION ""
| #define PACKAGE_STRING ""
| #define PACKAGE_BUGREPORT ""
| #define STDC_HEADERS 1
| #define HAVE_SYS_TYPES_H 1
| #define HAVE_SYS_STAT_H 1
| #define HAVE_STDLIB_H 1
| #define HAVE_STRING_H 1
| #define HAVE_MEMORY_H 1
| #define HAVE_STRINGS_H 1
| #define HAVE_INTTYPES_H 1
| #define HAVE_STDINT_H 1
| #define HAVE_UNISTD_H 1
| /* end confdefs.h.  */
| #include <stdio.h>
| #if HAVE_SYS_TYPES_H
| # include <sys/types.h>
| #endif
| #if HAVE_SYS_STAT_H
| # include <sys/stat.h>
| #endif
| #if STDC_HEADERS
| # include <stdlib.h>
| # include <stddef.h>
| #else
| # if HAVE_STDLIB_H
| #  include <stdlib.h>
| # endif
| #endif
| #if HAVE_STRING_H
| # if !STDC_HEADERS && HAVE_MEMORY_H
| #  include <memory.h>
| # endif
| # include <string.h>
| #endif
| #if HAVE_STRINGS_H
| # include <strings.h>
| #endif
| #if HAVE_INTTYPES_H
| # include <inttypes.h>
| #else
| # if HAVE_STDINT_H
| #  include <stdint.h>
| # endif
| #endif
| #if HAVE_UNISTD_H
| # include <unistd.h>
| #endif
| #include <minix/config.h>
configure:5650: result: no
configure:5654: checking minix/config.h presence
configure:5664: gcc -E  -DLINUX -D_REENTRANT -D_GNU_SOURCE conftest.c
conftest.c:19:26: fatal error: minix/config.h: No such file or directory
 #include <minix/config.h>
                          ^
compilation terminated.
configure:5670: $? = 1
configure: failed program was:
| /* confdefs.h.  */
| 
| #define PACKAGE_NAME ""
| #define PACKAGE_TARNAME ""
| #define PACKAGE_VERSION ""
| #define PACKAGE_STRING ""
| #define PACKAGE_BUGREPORT ""
| #define STDC_HEADERS 1
| #define HAVE_SYS_TYPES_H 1
| #define HAVE_SYS_STAT_H 1
| #define HAVE_STDLIB_H 1
| #define HAVE_STRING_H 1
| #define HAVE_MEMORY_H 1
| #define HAVE_STRINGS_H 1
| #define HAVE_INTTYPES_H 1
| #define HAVE_STDINT_H 1
| #define HAVE_UNISTD_H 1
| /* end confdefs.h.  */
| #include <minix/config.h>
configure:5690: result: no
configure:5725: checking for minix/config.h
configure:5732: result: no
configure:5775: checking for APR version 1.2.0 or later
configure:5803: result: yes
configure:5834: checking for APR-util version 1.2.0 or later
configure:5862: result: yes
configure:5914: checking for ANSI C header files
configure:6070: result: yes
configure:6105: checking for string.h
configure:6110: result: yes
configure:6114: checking limits.h usability
configure:6126: gcc -c   -pthread  -DLINUX -D_REENTRANT -D_GNU_SOURCE conftest.c >&5
configure:6132: $? = 0
configure:6136: test -z 
			 || test ! -s conftest.err
configure:6139: $? = 0
configure:6142: test -s conftest.o
configure:6145: $? = 0
configure:6155: result: yes
configure:6159: checking limits.h presence
configure:6169: gcc -E  -DLINUX -D_REENTRANT -D_GNU_SOURCE conftest.c
configure:6175: $? = 0
configure:6195: result: yes
configure:6230: checking for limits.h
configure:6237: result: yes
configure:6105: checking for unistd.h
configure:6110: result: yes
configure:6114: checking sys/socket.h usability
configure:6126: gcc -c   -pthread  -DLINUX -D_REENTRANT -D_GNU_SOURCE conftest.c >&5
configure:6132: $? = 0
configure:6136: test -z 
			 || test ! -s conftest.err
configure:6139: $? = 0
configure:6142: test -s conftest.o
configure:6145: $? = 0
configure:6155: result: yes
configure:6159: checking sys/socket.h presence
configure:6169: gcc -E  -DLINUX -D_REENTRANT -D_GNU_SOURCE conftest.c
configure:6175: $? = 0
configure:6195: result: yes
configure:6230: checking for sys/socket.h
configure:6237: result: yes
configure:6114: checking pwd.h usability
configure:6126: gcc -c   -pthread  -DLINUX -D_REENTRANT -D_GNU_SOURCE conftest.c >&5
configure:6132: $? = 0
configure:6136: test -z 
			 || test ! -s conftest.err
configure:6139: $? = 0
configure:6142: test -s conftest.o
configure:6145: $? = 0
configure:6155: result: yes
configure:6159: checking pwd.h presence
configure:6169: gcc -E  -DLINUX -D_REENTRANT -D_GNU_SOURCE conftest.c
configure:6175: $? = 0
configure:6195: result: yes
configure:6230: checking for pwd.h
configure:6237: result: yes
configure:6114: checking grp.h usability
configure:6126: gcc -c   -pthread  -DLINUX -D_REENTRANT -D_GNU_SOURCE conftest.c >&5
configure:6132: $? = 0
configure:6136: test -z 
			 || test ! -s conftest.err
configure:6139: $? = 0
configure:6142: test -s conftest.o
configure:6145: $? = 0
configure:6155: result: yes
configure:6159: checking grp.h presence
configure:6169: gcc -E  -DLINUX -D_REENTRANT -D_GNU_SOURCE conftest.c
configure:6175: $? = 0
configure:6195: result: yes
configure:6230: checking for grp.h
configure:6237: result: yes
configure:6105: checking for strings.h
configure:6110: result: yes
configure:6114: checking sys/prctl.h usability
configure:6126: gcc -c   -pthread  -DLINUX -D_REENTRANT -D_GNU_SOURCE conftest.c >&5
configure:6132: $? = 0
configure:6136: test -z 
			 || test ! -s conftest.err
configure:6139: $? = 0
configure:6142: test -s conftest.o
configure:6145: $? = 0
configure:6155: result: yes
configure:6159: checking sys/prctl.h presence
configure:6169: gcc -E  -DLINUX -D_REENTRANT -D_GNU_SOURCE conftest.c
configure:6175: $? = 0
configure:6195: result: yes
configure:6230: checking for sys/prctl.h
configure:6237: result: yes
configure:6114: checking sys/processor.h usability
configure:6126: gcc -c   -pthread  -DLINUX -D_REENTRANT -D_GNU_SOURCE conftest.c >&5
conftest.c:62:27: fatal error: sys/processor.h: No such file or directory
 #include <sys/processor.h>
                           ^
compilation terminated.
configure:6132: $? = 1
configure: failed program was:
| /* confdefs.h.  */
| 
| #define PACKAGE_NAME ""
| #define PACKAGE_TARNAME ""
| #define PACKAGE_VERSION ""
| #define PACKAGE_STRING ""
| #define PACKAGE_BUGREPORT ""
| #define STDC_HEADERS 1
| #define HAVE_SYS_TYPES_H 1
| #define HAVE_SYS_STAT_H 1
| #define HAVE_STDLIB_H 1
| #define HAVE_STRING_H 1
| #define HAVE_MEMORY_H 1
| #define HAVE_STRINGS_H 1
| #define HAVE_INTTYPES_H 1
| #define HAVE_STDINT_H 1
| #define HAVE_UNISTD_H 1
| #define STDC_HEADERS 1
| #define HAVE_STRING_H 1
| #define HAVE_LIMITS_H 1
| #define HAVE_UNISTD_H 1
| #define HAVE_SYS_SOCKET_H 1
| #define HAVE_PWD_H 1
| #define HAVE_GRP_H 1
| #define HAVE_STRINGS_H 1
| #define HAVE_SYS_PRCTL_H 1
| /* end confdefs.h.  */
| #include <stdio.h>
| #if HAVE_SYS_TYPES_H
| # include <sys/types.h>
| #endif
| #if HAVE_SYS_STAT_H
| # include <sys/stat.h>
| #endif
| #if STDC_HEADERS
| # include <stdlib.h>
| # include <stddef.h>
| #else
| # if HAVE_STDLIB_H
| #  include <stdlib.h>
| # endif
| #endif
| #if HAVE_STRING_H
| # if !STDC_HEADERS && HAVE_MEMORY_H
| #  include <memory.h>
| # endif
| # include <string.h>
| #endif
| #if HAVE_STRINGS_H
| # include <strings.h>
| #endif
| #if HAVE_INTTYPES_H
| # include <inttypes.h>
| #else
| # if HAVE_STDINT_H
| #  include <stdint.h>
| # endif
| #endif
| #if HAVE_UNISTD_H
| # include <unistd.h>
| #endif
| #include <sys/processor.h>
configure:6155: result: no
configure:6159: checking sys/processor.h presence
configure:6169: gcc -E  -DLINUX -D_REENTRANT -D_GNU_SOURCE conftest.c
conftest.c:28:27: fatal error: sys/processor.h: No such file or directory
 #include <sys/processor.h>
                           ^
compilation terminated.
configure:6175: $? = 1
configure: failed program was:
| /* confdefs.h.  */
| 
| #define PACKAGE_NAME ""
| #define PACKAGE_TARNAME ""
| #define PACKAGE_VERSION ""
| #define PACKAGE_STRING ""
| #define PACKAGE_BUGREPORT ""
| #define STDC_HEADERS 1
| #define HAVE_SYS_TYPES_H 1
| #define HAVE_SYS_STAT_H 1
| #define HAVE_STDLIB_H 1
| #define HAVE_STRING_H 1
| #define HAVE_MEMORY_H 1
| #define HAVE_STRINGS_H 1
| #define HAVE_INTTYPES_H 1
| #define HAVE_STDINT_H 1
| #define HAVE_UNISTD_H 1
| #define STDC_HEADERS 1
| #define HAVE_STRING_H 1
| #define HAVE_LIMITS_H 1
| #define HAVE_UNISTD_H 1
| #define HAVE_SYS_SOCKET_H 1
| #define HAVE_PWD_H 1
| #define HAVE_GRP_H 1
| #define HAVE_STRINGS_H 1
| #define HAVE_SYS_PRCTL_H 1
| /* end confdefs.h.  */
| #include <sys/processor.h>
configure:6195: result: no
configure:6230: checking for sys/processor.h
configure:6237: result: no
configure:6114: checking sys/sem.h usability
configure:6126: gcc -c   -pthread  -DLINUX -D_REENTRANT -D_GNU_SOURCE conftest.c >&5
configure:6132: $? = 0
configure:6136: test -z 
			 || test ! -s conftest.err
configure:6139: $? = 0
configure:6142: test -s conftest.o
configure:6145: $? = 0
configure:6155: result: yes
configure:6159: checking sys/sem.h presence
configure:6169: gcc -E  -DLINUX -D_REENTRANT -D_GNU_SOURCE conftest.c
configure:6175: $? = 0
configure:6195: result: yes
configure:6230: checking for sys/sem.h
configure:6237: result: yes
configure:6250: checking for sys/wait.h that is POSIX.1 compatible
configure:6281: gcc -c   -pthread  -DLINUX -D_REENTRANT -D_GNU_SOURCE conftest.c >&5
configure:6287: $? = 0
configure:6291: test -z 
			 || test ! -s conftest.err
configure:6294: $? = 0
configure:6297: test -s conftest.o
configure:6300: $? = 0
configure:6311: result: yes
configure:6323: checking for an ANSI C-conforming const
configure:6390: gcc -c   -pthread  -DLINUX -D_REENTRANT -D_GNU_SOURCE conftest.c >&5
configure:6396: $? = 0
configure:6400: test -z 
			 || test ! -s conftest.err
configure:6403: $? = 0
configure:6406: test -s conftest.o
configure:6409: $? = 0
configure:6420: result: yes
configure:6431: checking for library containing sqrt
configure:6461: gcc -o conftest   -pthread  -DLINUX -D_REENTRANT -D_GNU_SOURCE   conftest.c  >&5
conftest.c:37:6: warning: conflicting types for built-in function 'sqrt' [enabled by default]
 char sqrt ();
      ^
/tmp/ccFxsFc7.o: In function `main':
conftest.c:(.text+0xa): undefined reference to `sqrt'
collect2: error: ld returned 1 exit status
configure:6467: $? = 1
configure: failed program was:
| /* confdefs.h.  */
| 
| #define PACKAGE_NAME ""
| #define PACKAGE_TARNAME ""
| #define PACKAGE_VERSION ""
| #define PACKAGE_STRING ""
| #define PACKAGE_BUGREPORT ""
| #define STDC_HEADERS 1
| #define HAVE_SYS_TYPES_H 1
| #define HAVE_SYS_STAT_H 1
| #define HAVE_STDLIB_H 1
| #define HAVE_STRING_H 1
| #define HAVE_MEMORY_H 1
| #define HAVE_STRINGS_H 1
| #define HAVE_INTTYPES_H 1
| #define HAVE_STDINT_H 1
| #define HAVE_UNISTD_H 1
| #define STDC_HEADERS 1
| #define HAVE_STRING_H 1
| #define HAVE_LIMITS_H 1
| #define HAVE_UNISTD_H 1
| #define HAVE_SYS_SOCKET_H 1
| #define HAVE_PWD_H 1
| #define HAVE_GRP_H 1
| #define HAVE_STRINGS_H 1
| #define HAVE_SYS_PRCTL_H 1
| #define HAVE_SYS_SEM_H 1
| #define HAVE_SYS_WAIT_H 1
| /* end confdefs.h.  */
| 
| /* Override any gcc2 internal prototype to avoid an error.  */
| #ifdef __cplusplus
| extern "C"
| #endif
| /* We use char because int might match the return type of a gcc2
|    builtin and then its argument prototype would still apply.  */
| char sqrt ();
| int
| main ()
| {
| sqrt ();
|   ;
|   return 0;
| }
configure:6516: gcc -o conftest   -pthread  -DLINUX -D_REENTRANT -D_GNU_SOURCE   conftest.c -lm   >&5
conftest.c:37:6: warning: conflicting types for built-in function 'sqrt' [enabled by default]
 char sqrt ();
      ^
configure:6522: $? = 0
configure:6526: test -z 
			 || test ! -s conftest.err
configure:6529: $? = 0
configure:6532: test -s conftest
configure:6535: $? = 0
configure:6550: result: -lm
configure:6575: checking for getpwnam
configure:6632: gcc -o conftest   -pthread  -DLINUX -D_REENTRANT -D_GNU_SOURCE   conftest.c -lm  >&5
configure:6638: $? = 0
configure:6642: test -z 
			 || test ! -s conftest.err
configure:6645: $? = 0
configure:6648: test -s conftest
configure:6651: $? = 0
configure:6663: result: yes
configure:6575: checking for getgrnam
configure:6632: gcc -o conftest   -pthread  -DLINUX -D_REENTRANT -D_GNU_SOURCE   conftest.c -lm  >&5
configure:6638: $? = 0
configure:6642: test -z 
			 || test ! -s conftest.err
configure:6645: $? = 0
configure:6648: test -s conftest
configure:6651: $? = 0
configure:6663: result: yes
configure:6575: checking for initgroups
configure:6632: gcc -o conftest   -pthread  -DLINUX -D_REENTRANT -D_GNU_SOURCE   conftest.c -lm  >&5
configure:6638: $? = 0
configure:6642: test -z 
			 || test ! -s conftest.err
configure:6645: $? = 0
configure:6648: test -s conftest
configure:6651: $? = 0
configure:6663: result: yes
configure:6575: checking for bindprocessor
configure:6632: gcc -o conftest   -pthread  -DLINUX -D_REENTRANT -D_GNU_SOURCE   conftest.c -lm  >&5
/tmp/ccV6CXxr.o: In function `main':
conftest.c:(.text+0xd): undefined reference to `bindprocessor'
/tmp/ccV6CXxr.o:(.data+0x0): undefined reference to `bindprocessor'
collect2: error: ld returned 1 exit status
configure:6638: $? = 1
configure: failed program was:
| /* confdefs.h.  */
| 
| #define PACKAGE_NAME ""
| #define PACKAGE_TARNAME ""
| #define PACKAGE_VERSION ""
| #define PACKAGE_STRING ""
| #define PACKAGE_BUGREPORT ""
| #define STDC_HEADERS 1
| #define HAVE_SYS_TYPES_H 1
| #define HAVE_SYS_STAT_H 1
| #define HAVE_STDLIB_H 1
| #define HAVE_STRING_H 1
| #define HAVE_MEMORY_H 1
| #define HAVE_STRINGS_H 1
| #define HAVE_INTTYPES_H 1
| #define HAVE_STDINT_H 1
| #define HAVE_UNISTD_H 1
| #define STDC_HEADERS 1
| #define HAVE_STRING_H 1
| #define HAVE_LIMITS_H 1
| #define HAVE_UNISTD_H 1
| #define HAVE_SYS_SOCKET_H 1
| #define HAVE_PWD_H 1
| #define HAVE_GRP_H 1
| #define HAVE_STRINGS_H 1
| #define HAVE_SYS_PRCTL_H 1
| #define HAVE_SYS_SEM_H 1
| #define HAVE_SYS_WAIT_H 1
| #define HAVE_GETPWNAM 1
| #define HAVE_GETGRNAM 1
| #define HAVE_INITGROUPS 1
| /* end confdefs.h.  */
| /* Define bindprocessor to an innocuous variant, in case <limits.h> declares bindprocessor.
|    For example, HP-UX 11i <limits.h> declares gettimeofday.  */
| #define bindprocessor innocuous_bindprocessor
| 
| /* System header to define __stub macros and hopefully few prototypes,
|     which can conflict with char bindprocessor (); below.
|     Prefer <limits.h> to <assert.h> if __STDC__ is defined, since
|     <limits.h> exists even on freestanding compilers.  */
| 
| #ifdef __STDC__
| # include <limits.h>
| #else
| # include <assert.h>
| #endif
| 
| #undef bindprocessor
| 
| /* Override any gcc2 internal prototype to avoid an error.  */
| #ifdef __cplusplus
| extern "C"
| {
| #endif
| /* We use char because int might match the return type of a gcc2
|    builtin and then its argument prototype would still apply.  */
| char bindprocessor ();
| /* The GNU C library defines this for functions which it implements
|     to always fail with ENOSYS.  Some functions are actually named
|     something starting with __ and the normal name is an alias.  */
| #if defined (__stub_bindprocessor) || defined (__stub___bindprocessor)
| choke me
| #else
| char (*f) () = bindprocessor;
| #endif
| #ifdef __cplusplus
| }
| #endif
| 
| int
| main ()
| {
| return f != bindprocessor;
|   ;
|   return 0;
| }
configure:6663: result: no
configure:6575: checking for prctl
configure:6632: gcc -o conftest   -pthread  -DLINUX -D_REENTRANT -D_GNU_SOURCE   conftest.c -lm  >&5
configure:6638: $? = 0
configure:6642: test -z 
			 || test ! -s conftest.err
configure:6645: $? = 0
configure:6648: test -s conftest
configure:6651: $? = 0
configure:6663: result: yes
configure:6575: checking for timegm
configure:6632: gcc -o conftest   -pthread  -DLINUX -D_REENTRANT -D_GNU_SOURCE   conftest.c -lm  >&5
configure:6638: $? = 0
configure:6642: test -z 
			 || test ! -s conftest.err
configure:6645: $? = 0
configure:6648: test -s conftest
configure:6651: $? = 0
configure:6663: result: yes
configure:6676: checking for void pointer length
configure:6697: gcc -o conftest   -pthread  -DLINUX -D_REENTRANT -D_GNU_SOURCE   conftest.c -lm  >&5
configure:6700: $? = 0
configure:6702: ./conftest
configure:6705: $? = 0
configure:6719: result: no
configure:6729: checking for tm_gmtoff in struct tm
configure:6751: gcc -c   -pthread  -DLINUX -D_REENTRANT -D_GNU_SOURCE conftest.c >&5
configure:6757: $? = 0
configure:6761: test -z 
			 || test ! -s conftest.err
configure:6764: $? = 0
configure:6767: test -s conftest.o
configure:6770: $? = 0
configure:6781: result: yes
configure:7033: checking whether to enable mod_authn_file
configure:7071: result: yes (default)
configure:7126: checking whether to enable mod_authn_dbm
configure:7164: result: no
configure:7219: checking whether to enable mod_authn_anon
configure:7257: result: no
configure:7312: checking whether to enable mod_authn_dbd
configure:7350: result: no
configure:7406: checking whether to enable mod_authn_default
configure:7444: result: yes (default)
configure:7500: checking whether to enable mod_authn_alias
configure:7538: result: no
configure:7594: checking whether to enable mod_authz_host
configure:7632: result: yes (default)
configure:7687: checking whether to enable mod_authz_groupfile
configure:7725: result: yes (default)
configure:7780: checking whether to enable mod_authz_user
configure:7818: result: yes (default)
configure:7873: checking whether to enable mod_authz_dbm
configure:7911: result: no
configure:7966: checking whether to enable mod_authz_owner
configure:8004: result: no
configure:8060: checking whether to enable mod_authnz_ldap
configure:8098: result: no
configure:8154: checking whether to enable mod_authz_default
configure:8192: result: yes (default)
configure:8249: checking whether to enable mod_auth_basic
configure:8287: result: yes (default)
configure:8342: checking whether to enable mod_auth_digest
configure:8425: result: no
configure:8506: checking whether to enable mod_isapi
configure:8544: result: no
configure:8625: checking whether to enable mod_file_cache
configure:8663: result: no
configure:8721: checking whether to enable mod_cache
configure:8759: result: no
configure:8814: checking whether to enable mod_disk_cache
configure:8852: result: no
configure:8907: checking whether to enable mod_mem_cache
configure:8945: result: no
configure:9025: checking whether to enable mod_dbd
configure:9063: result: no
configure:9143: checking whether to enable mod_bucketeer
configure:9181: result: no
configure:9236: checking whether to enable mod_dumpio
configure:9274: result: no
configure:9355: checking whether to enable mod_echo
configure:9393: result: no
configure:9473: checking whether to enable mod_example
configure:9511: result: no
configure:9566: checking whether to enable mod_case_filter
configure:9604: result: no
configure:9659: checking whether to enable mod_case_filter_in
configure:9697: result: no
configure:9778: checking whether to enable mod_ext_filter
configure:9816: result: no
configure:9871: checking whether to enable mod_include
configure:9909: result: yes (default)
configure:9964: checking whether to enable mod_filter
configure:10002: result: yes (default)
configure:10155: checking whether to enable mod_charset_lite
configure:10193: result: no
configure:10251: checking whether to enable mod_deflate
configure:10511: result: no
configure:10593: checking whether to enable mod_ldap
configure:10631: result: no
configure:10712: checking whether to enable mod_log_config
configure:10750: result: yes (default)
configure:10805: checking whether to enable mod_log_forensic
configure:10843: result: no
configure:10924: checking whether to enable mod_logio
configure:10962: result: no
configure:11043: checking whether to enable mod_env
configure:11081: result: yes (default)
configure:11136: checking whether to enable mod_mime_magic
configure:11174: result: no
configure:11229: checking whether to enable mod_cern_meta
configure:11267: result: no
configure:11322: checking whether to enable mod_expires
configure:11360: result: no
configure:11415: checking whether to enable mod_headers
configure:11453: result: no
configure:11508: checking whether to enable mod_ident
configure:11546: result: no
configure:11602: checking whether to enable mod_usertrack
configure:11906: result: no
configure:11962: checking whether to enable mod_unique_id
configure:12000: result: no
configure:12055: checking whether to enable mod_setenvif
configure:12093: result: yes (default)
configure:12148: checking whether to enable mod_version
configure:12186: result: no
configure:12275: checking whether to enable mod_proxy
configure:12313: result: no
configure:12387: checking whether to enable mod_proxy_connect
configure:12425: result: no
configure:12480: checking whether to enable mod_proxy_ftp
configure:12518: result: no
configure:12573: checking whether to enable mod_proxy_http
configure:12611: result: no
configure:12666: checking whether to enable mod_proxy_ajp
configure:12704: result: no
configure:12759: checking whether to enable mod_proxy_balancer
configure:12797: result: no
configure:12902: checking whether to enable mod_ssl
configure:14822: result: no
configure:14926: checking whether to enable mod_optional_hook_export
configure:14964: result: no
configure:15019: checking whether to enable mod_optional_hook_import
configure:15057: result: no
configure:15112: checking whether to enable mod_optional_fn_import
configure:15150: result: no
configure:15205: checking whether to enable mod_optional_fn_export
configure:15243: result: no
configure:15336: checking for target platform
configure:15361: result: unix
configure:15393: checking for rlim_t
configure:15419: gcc -c   -pthread  -DLINUX -D_REENTRANT -D_GNU_SOURCE conftest.c >&5
configure:15425: $? = 0
configure:15429: test -z 
			 || test ! -s conftest.err
configure:15432: $? = 0
configure:15435: test -s conftest.o
configure:15438: $? = 0
configure:15453: result: yes
configure:15481: checking sys/time.h usability
configure:15493: gcc -c   -pthread  -DLINUX -D_REENTRANT -D_GNU_SOURCE conftest.c >&5
configure:15499: $? = 0
configure:15503: test -z 
			 || test ! -s conftest.err
configure:15506: $? = 0
configure:15509: test -s conftest.o
configure:15512: $? = 0
configure:15522: result: yes
configure:15526: checking sys/time.h presence
configure:15536: gcc -E  -DLINUX -D_REENTRANT -D_GNU_SOURCE conftest.c
configure:15542: $? = 0
configure:15562: result: yes
configure:15597: checking for sys/time.h
configure:15604: result: yes
configure:15481: checking sys/resource.h usability
configure:15493: gcc -c   -pthread  -DLINUX -D_REENTRANT -D_GNU_SOURCE conftest.c >&5
configure:15499: $? = 0
configure:15503: test -z 
			 || test ! -s conftest.err
configure:15506: $? = 0
configure:15509: test -s conftest.o
configure:15512: $? = 0
configure:15522: result: yes
configure:15526: checking sys/resource.h presence
configure:15536: gcc -E  -DLINUX -D_REENTRANT -D_GNU_SOURCE conftest.c
configure:15542: $? = 0
configure:15562: result: yes
configure:15597: checking for sys/resource.h
configure:15604: result: yes
configure:15472: checking for sys/sem.h
configure:15477: result: yes
configure:15481: checking sys/ipc.h usability
configure:15493: gcc -c   -pthread  -DLINUX -D_REENTRANT -D_GNU_SOURCE conftest.c >&5
configure:15499: $? = 0
configure:15503: test -z 
			 || test ! -s conftest.err
configure:15506: $? = 0
configure:15509: test -s conftest.o
configure:15512: $? = 0
configure:15522: result: yes
configure:15526: checking sys/ipc.h presence
configure:15536: gcc -E  -DLINUX -D_REENTRANT -D_GNU_SOURCE conftest.c
configure:15542: $? = 0
configure:15562: result: yes
configure:15597: checking for sys/ipc.h
configure:15604: result: yes
configure:15623: checking for setsid
configure:15680: gcc -o conftest   -pthread  -DLINUX -D_REENTRANT -D_GNU_SOURCE   conftest.c -lm  >&5
configure:15686: $? = 0
configure:15690: test -z 
			 || test ! -s conftest.err
configure:15693: $? = 0
configure:15696: test -s conftest
configure:15699: $? = 0
configure:15711: result: yes
configure:15623: checking for killpg
configure:15680: gcc -o conftest   -pthread  -DLINUX -D_REENTRANT -D_GNU_SOURCE   conftest.c -lm  >&5
configure:15686: $? = 0
configure:15690: test -z 
			 || test ! -s conftest.err
configure:15693: $? = 0
configure:15696: test -s conftest
configure:15699: $? = 0
configure:15711: result: yes
configure:15740: checking bstring.h usability
configure:15752: gcc -c   -pthread  -DLINUX -D_REENTRANT -D_GNU_SOURCE conftest.c >&5
conftest.c:77:21: fatal error: bstring.h: No such file or directory
 #include <bstring.h>
                     ^
compilation terminated.
configure:15758: $? = 1
configure: failed program was:
| /* confdefs.h.  */
| 
| #define PACKAGE_NAME ""
| #define PACKAGE_TARNAME ""
| #define PACKAGE_VERSION ""
| #define PACKAGE_STRING ""
| #define PACKAGE_BUGREPORT ""
| #define STDC_HEADERS 1
| #define HAVE_SYS_TYPES_H 1
| #define HAVE_SYS_STAT_H 1
| #define HAVE_STDLIB_H 1
| #define HAVE_STRING_H 1
| #define HAVE_MEMORY_H 1
| #define HAVE_STRINGS_H 1
| #define HAVE_INTTYPES_H 1
| #define HAVE_STDINT_H 1
| #define HAVE_UNISTD_H 1
| #define STDC_HEADERS 1
| #define HAVE_STRING_H 1
| #define HAVE_LIMITS_H 1
| #define HAVE_UNISTD_H 1
| #define HAVE_SYS_SOCKET_H 1
| #define HAVE_PWD_H 1
| #define HAVE_GRP_H 1
| #define HAVE_STRINGS_H 1
| #define HAVE_SYS_PRCTL_H 1
| #define HAVE_SYS_SEM_H 1
| #define HAVE_SYS_WAIT_H 1
| #define HAVE_GETPWNAM 1
| #define HAVE_GETGRNAM 1
| #define HAVE_INITGROUPS 1
| #define HAVE_PRCTL 1
| #define HAVE_TIMEGM 1
| #define HAVE_GMTOFF 1
| #define AP_ENABLE_V4_MAPPED 1
| #define HAVE_SYS_TIME_H 1
| #define HAVE_SYS_RESOURCE_H 1
| #define HAVE_SYS_SEM_H 1
| #define HAVE_SYS_IPC_H 1
| #define HAVE_SETSID 1
| #define HAVE_KILLPG 1
| /* end confdefs.h.  */
| #include <stdio.h>
| #if HAVE_SYS_TYPES_H
| # include <sys/types.h>
| #endif
| #if HAVE_SYS_STAT_H
| # include <sys/stat.h>
| #endif
| #if STDC_HEADERS
| # include <stdlib.h>
| # include <stddef.h>
| #else
| # if HAVE_STDLIB_H
| #  include <stdlib.h>
| # endif
| #endif
| #if HAVE_STRING_H
| # if !STDC_HEADERS && HAVE_MEMORY_H
| #  include <memory.h>
| # endif
| # include <string.h>
| #endif
| #if HAVE_STRINGS_H
| # include <strings.h>
| #endif
| #if HAVE_INTTYPES_H
| # include <inttypes.h>
| #else
| # if HAVE_STDINT_H
| #  include <stdint.h>
| # endif
| #endif
| #if HAVE_UNISTD_H
| # include <unistd.h>
| #endif
| #include <bstring.h>
configure:15781: result: no
configure:15785: checking bstring.h presence
configure:15795: gcc -E  -DLINUX -D_REENTRANT -D_GNU_SOURCE conftest.c
conftest.c:43:21: fatal error: bstring.h: No such file or directory
 #include <bstring.h>
                     ^
compilation terminated.
configure:15801: $? = 1
configure: failed program was:
| /* confdefs.h.  */
| 
| #define PACKAGE_NAME ""
| #define PACKAGE_TARNAME ""
| #define PACKAGE_VERSION ""
| #define PACKAGE_STRING ""
| #define PACKAGE_BUGREPORT ""
| #define STDC_HEADERS 1
| #define HAVE_SYS_TYPES_H 1
| #define HAVE_SYS_STAT_H 1
| #define HAVE_STDLIB_H 1
| #define HAVE_STRING_H 1
| #define HAVE_MEMORY_H 1
| #define HAVE_STRINGS_H 1
| #define HAVE_INTTYPES_H 1
| #define HAVE_STDINT_H 1
| #define HAVE_UNISTD_H 1
| #define STDC_HEADERS 1
| #define HAVE_STRING_H 1
| #define HAVE_LIMITS_H 1
| #define HAVE_UNISTD_H 1
| #define HAVE_SYS_SOCKET_H 1
| #define HAVE_PWD_H 1
| #define HAVE_GRP_H 1
| #define HAVE_STRINGS_H 1
| #define HAVE_SYS_PRCTL_H 1
| #define HAVE_SYS_SEM_H 1
| #define HAVE_SYS_WAIT_H 1
| #define HAVE_GETPWNAM 1
| #define HAVE_GETGRNAM 1
| #define HAVE_INITGROUPS 1
| #define HAVE_PRCTL 1
| #define HAVE_TIMEGM 1
| #define HAVE_GMTOFF 1
| #define AP_ENABLE_V4_MAPPED 1
| #define HAVE_SYS_TIME_H 1
| #define HAVE_SYS_RESOURCE_H 1
| #define HAVE_SYS_SEM_H 1
| #define HAVE_SYS_IPC_H 1
| #define HAVE_SETSID 1
| #define HAVE_KILLPG 1
| /* end confdefs.h.  */
| #include <bstring.h>
configure:15821: result: no
configure:15856: checking for bstring.h
configure:15863: result: no
configure:15731: checking for unistd.h
configure:15736: result: yes
configure:15883: checking for syslog
configure:15940: gcc -o conftest   -pthread  -DLINUX -D_REENTRANT -D_GNU_SOURCE   conftest.c -lm  >&5
configure:15946: $? = 0
configure:15950: test -z 
			 || test ! -s conftest.err
configure:15953: $? = 0
configure:15956: test -s conftest
configure:15959: $? = 0
configure:15971: result: yes
configure:15996: checking sys/times.h usability
configure:16008: gcc -c   -pthread  -DLINUX -D_REENTRANT -D_GNU_SOURCE conftest.c >&5
configure:16014: $? = 0
configure:16018: test -z 
			 || test ! -s conftest.err
configure:16021: $? = 0
configure:16024: test -s conftest.o
configure:16027: $? = 0
configure:16037: result: yes
configure:16041: checking sys/times.h presence
configure:16051: gcc -E  -DLINUX -D_REENTRANT -D_GNU_SOURCE conftest.c
configure:16057: $? = 0
configure:16077: result: yes
configure:16112: checking for sys/times.h
configure:16119: result: yes
configure:16136: checking for times
configure:16193: gcc -o conftest   -pthread  -DLINUX -D_REENTRANT -D_GNU_SOURCE   conftest.c -lm  >&5
configure:16199: $? = 0
configure:16203: test -z 
			 || test ! -s conftest.err
configure:16206: $? = 0
configure:16209: test -s conftest
configure:16212: $? = 0
configure:16224: result: yes
configure:16235: checking which MPM to use
configure:16251: result: prefork
configure:16961: checking whether to enable mod_http
configure:16999: result: yes
configure:17054: checking whether to enable mod_mime
configure:17092: result: yes (default)
configure:17161: checking for extra modules
configure:17222: result: none
configure:17246: checking whether to enable mod_dav
configure:17284: result: no
configure:17392: checking whether to enable mod_status
configure:17430: result: yes (default)
configure:17485: checking whether to enable mod_autoindex
configure:17523: result: yes (default)
configure:17578: checking whether to enable mod_asis
configure:17616: result: yes (default)
configure:17671: checking whether to enable mod_info
configure:17709: result: no
configure:17764: checking whether to enable mod_suexec
configure:17816: result: no
configure:18065: checking whether to enable mod_cgi
configure:18103: result: yes (default)
configure:18158: checking whether to enable mod_cgid
configure:18196: result: no
configure:18601: checking whether to enable mod_dav_fs
configure:18639: result: no
configure:18729: checking whether to enable mod_dav_lock
configure:18767: result: no
configure:18848: checking whether to enable mod_vhost_alias
configure:18886: result: no
configure:18941: checking whether to enable mod_negotiation
configure:18979: result: yes (default)
configure:19034: checking whether to enable mod_dir
configure:19072: result: yes (default)
configure:19127: checking whether to enable mod_imagemap
configure:19165: result: no
configure:19220: checking whether to enable mod_actions
configure:19258: result: yes (default)
configure:19313: checking whether to enable mod_speling
configure:19351: result: no
configure:19406: checking whether to enable mod_userdir
configure:19444: result: yes (default)
configure:19499: checking whether to enable mod_alias
configure:19537: result: yes (default)
configure:19593: checking whether to enable mod_rewrite
configure:19631: result: no
configure:19782: checking whether to enable mod_so
configure:19820: result: yes
configure:20773: creating ./config.status

## ---------------------- ##
## Running config.status. ##
## ---------------------- ##

This file was extended by config.status, which was
generated by GNU Autoconf 2.59.  Invocation command line was

  CONFIG_FILES    = 
  CONFIG_HEADERS  = 
  CONFIG_LINKS    = 
  CONFIG_COMMANDS = 
  $ ./config.status 

on silo.soic.indiana.edu

config.status:906: creating docs/conf/httpd.conf
config.status:906: creating docs/conf/extra/httpd-autoindex.conf
config.status:906: creating docs/conf/extra/httpd-dav.conf
config.status:906: creating docs/conf/extra/httpd-default.conf
config.status:906: creating docs/conf/extra/httpd-info.conf
config.status:906: creating docs/conf/extra/httpd-languages.conf
config.status:906: creating docs/conf/extra/httpd-manual.conf
config.status:906: creating docs/conf/extra/httpd-mpm.conf
config.status:906: creating docs/conf/extra/httpd-multilang-errordoc.conf
config.status:906: creating docs/conf/extra/httpd-ssl.conf
config.status:906: creating docs/conf/extra/httpd-userdir.conf
config.status:906: creating docs/conf/extra/httpd-vhosts.conf
config.status:906: creating include/ap_config_layout.h
config.status:906: creating support/apxs
config.status:906: creating support/apachectl
config.status:906: creating support/dbmmanage
config.status:906: creating support/envvars-std
config.status:906: creating support/log_server_status
config.status:906: creating support/logresolve.pl
config.status:906: creating support/phf_abuse_log.cgi
config.status:906: creating support/split-logfile
config.status:906: creating build/rules.mk
config.status:906: creating build/pkg/pkginfo
config.status:906: creating build/config_vars.sh
config.status:1009: creating include/ap_config_auto.h
config.status:1197: include/ap_config_auto.h is unchanged
config.status:1355: executing default commands

## ---------------- ##
## Cache variables. ##
## ---------------- ##

ac_cv_build=x86_64-unknown-linux-gnu
ac_cv_build_alias=x86_64-unknown-linux-gnu
ac_cv_c_compiler_gnu=yes
ac_cv_c_const=yes
ac_cv_define_APR_HAS_DSO=yes
ac_cv_define_APR_HAVE_IPV6=yes
ac_cv_env_CC_set=
ac_cv_env_CC_value=
ac_cv_env_CFLAGS_set=
ac_cv_env_CFLAGS_value=
ac_cv_env_CPPFLAGS_set=
ac_cv_env_CPPFLAGS_value=
ac_cv_env_CPP_set=
ac_cv_env_CPP_value=
ac_cv_env_LDFLAGS_set=
ac_cv_env_LDFLAGS_value=
ac_cv_env_build_alias_set=
ac_cv_env_build_alias_value=
ac_cv_env_host_alias_set=
ac_cv_env_host_alias_value=
ac_cv_env_target_alias_set=
ac_cv_env_target_alias_value=
ac_cv_exeext=
ac_cv_func_bindprocessor=no
ac_cv_func_getgrnam=yes
ac_cv_func_getpwnam=yes
ac_cv_func_initgroups=yes
ac_cv_func_killpg=yes
ac_cv_func_prctl=yes
ac_cv_func_setsid=yes
ac_cv_func_syslog=yes
ac_cv_func_timegm=yes
ac_cv_func_times=yes
ac_cv_header_bstring_h=no
ac_cv_header_grp_h=yes
ac_cv_header_inttypes_h=yes
ac_cv_header_limits_h=yes
ac_cv_header_memory_h=yes
ac_cv_header_minix_config_h=no
ac_cv_header_pwd_h=yes
ac_cv_header_stdc=yes
ac_cv_header_stdint_h=yes
ac_cv_header_stdlib_h=yes
ac_cv_header_string_h=yes
ac_cv_header_strings_h=yes
ac_cv_header_sys_ipc_h=yes
ac_cv_header_sys_prctl_h=yes
ac_cv_header_sys_processor_h=no
ac_cv_header_sys_resource_h=yes
ac_cv_header_sys_sem_h=yes
ac_cv_header_sys_socket_h=yes
ac_cv_header_sys_stat_h=yes
ac_cv_header_sys_time_h=yes
ac_cv_header_sys_times_h=yes
ac_cv_header_sys_types_h=yes
ac_cv_header_sys_wait_h=yes
ac_cv_header_unistd_h=yes
ac_cv_host=x86_64-unknown-linux-gnu
ac_cv_host_alias=x86_64-unknown-linux-gnu
ac_cv_mkdir_p=yes
ac_cv_objext=o
ac_cv_path_PKGCONFIG=/usr/bin/pkg-config
ac_cv_path_RM=/usr/bin/rm
ac_cv_path_RSYNC=/usr/bin/rsync
ac_cv_prog_AWK=gawk
ac_cv_prog_CPP='gcc -E'
ac_cv_prog_LYNX_PATH=lynx
ac_cv_prog_ac_ct_CC=gcc
ac_cv_prog_ac_ct_RANLIB=ranlib
ac_cv_prog_cc_g=yes
ac_cv_prog_cc_stdc=
ac_cv_prog_egrep='grep -E'
ac_cv_search_sqrt=-lm
ac_cv_search_strerror='none required'
ac_cv_struct_tm_gmtoff=yes
ac_cv_target=x86_64-unknown-linux-gnu
ac_cv_target_alias=x86_64-unknown-linux-gnu
ac_cv_type_rlim_t=yes
ap_cv_aprver12=yes
ap_cv_apuver12=yes
apache_cv_mpm=prefork

## ----------------- ##
## Output variables. ##
## ----------------- ##

APACHECTL_ULIMIT='ulimit -S -n `ulimit -H -n`'
APR_BINDIR='/usr/bin'
APR_CONFIG='/usr/bin/apr-1-config'
APR_INCLUDEDIR='/usr/include/apr-1'
APR_VERSION='1.4.8'
APU_BINDIR='/usr/bin'
APU_CONFIG='/usr/bin/apu-1-config'
APU_INCLUDEDIR='/usr/include/apr-1'
APU_VERSION='1.5.2'
AP_BUILD_SRCLIB_DIRS=' pcre'
AP_CLEAN_SRCLIB_DIRS=' pcre'
AP_LIBS='/u/huang238/a290-js/httpd-2.2.2/srclib/pcre/libpcre.la  /usr/lib64/libaprutil-1.la -lldap_r  -llber -ldb-5.3   -lexpat -ldb-5.3    /usr/lib64/libapr-1.la  -lpthread -ldl'
AWK='gawk'
BUILTIN_LIBS=' modules/aaa/libmod_authn_file.la modules/aaa/libmod_authn_default.la modules/aaa/libmod_authz_host.la modules/aaa/libmod_authz_groupfile.la modules/aaa/libmod_authz_user.la modules/aaa/libmod_authz_default.la modules/aaa/libmod_auth_basic.la modules/filters/libmod_include.la modules/filters/libmod_filter.la modules/loggers/libmod_log_config.la modules/metadata/libmod_env.la modules/metadata/libmod_setenvif.la modules/http/libmod_http.la modules/http/libmod_mime.la modules/generators/libmod_status.la modules/generators/libmod_autoindex.la modules/generators/libmod_asis.la modules/generators/libmod_cgi.la modules/mappers/libmod_negotiation.la modules/mappers/libmod_dir.la modules/mappers/libmod_actions.la modules/mappers/libmod_userdir.la modules/mappers/libmod_alias.la modules/mappers/libmod_so.la'
CC='gcc'
CFLAGS=''
CORE_IMPLIB=''
CORE_IMPLIB_FILE=''
CPP='gcc -E'
CPPFLAGS=''
CXX=''
CXXFLAGS=''
DEFS='-DHAVE_CONFIG_H'
DSO_MODULES=''
ECHO_C=''
ECHO_N='-n'
ECHO_T=''
EGREP='grep -E'
EXEEXT=''
EXTRA_CFLAGS='  -pthread'
EXTRA_CPPFLAGS=' -DLINUX -D_REENTRANT -D_GNU_SOURCE'
EXTRA_CXXFLAGS=''
EXTRA_INCLUDES='-I$(top_builddir)/srclib/pcre -I. -I$(top_srcdir)/os/$(OS_DIR) -I$(top_srcdir)/server/mpm/$(MPM_SUBDIR_NAME) -I$(top_srcdir)/modules/http -I$(top_srcdir)/modules/filters -I$(top_srcdir)/modules/proxy -I$(top_srcdir)/include -I$(top_srcdir)/modules/generators -I$(top_srcdir)/modules/mappers -I$(top_srcdir)/modules/database -I/usr/include/apr-1 -I$(top_srcdir)/modules/proxy/../generators -I$(top_srcdir)/modules/ssl -I$(top_srcdir)/modules/dav/main'
EXTRA_LDFLAGS=' '
EXTRA_LIBS='-lm '
HTTPD_LDFLAGS='-export-dynamic'
HTTPD_VERSION='2.2.2'
INCLUDES=''
INSTALL='$(LIBTOOL) --mode=install $(abs_srcdir)/build/install.sh -c'
INSTALL_DSO='yes'
INSTALL_PROG_FLAGS=''
LDFLAGS=''
LIBOBJS=''
LIBS=''
LIBTOOL='/usr/lib64/apr-1/build/libtool $(LTFLAGS)'
LN_S='ln -s'
LTCFLAGS=''
LTFLAGS='--silent'
LTLIBOBJS=''
LT_LDFLAGS=''
LYNX_PATH='lynx'
MKDEP='$(CC) -MM'
MKINSTALLDIRS='$(abs_srcdir)/build/mkdir.sh'
MK_IMPLIB=''
MODULE_CLEANDIRS=' arch/win32 cache database debug echo experimental ldap proxy ssl test dav/main dav/fs dav/lock'
MODULE_DIRS=' aaa filters loggers metadata http generators mappers'
MOD_ACTIONS_LDADD=''
MOD_ALIAS_LDADD=''
MOD_ASIS_LDADD=''
MOD_AUTHNZ_LDAP_LDADD=''
MOD_AUTHN_ALIAS_LDADD=''
MOD_AUTHN_ANON_LDADD=''
MOD_AUTHN_DBD_LDADD=''
MOD_AUTHN_DBM_LDADD=''
MOD_AUTHN_DEFAULT_LDADD=''
MOD_AUTHN_FILE_LDADD=''
MOD_AUTHZ_DBM_LDADD=''
MOD_AUTHZ_DEFAULT_LDADD=''
MOD_AUTHZ_GROUPFILE_LDADD=''
MOD_AUTHZ_HOST_LDADD=''
MOD_AUTHZ_OWNER_LDADD=''
MOD_AUTHZ_USER_LDADD=''
MOD_AUTH_BASIC_LDADD=''
MOD_AUTH_DIGEST_LDADD=''
MOD_AUTOINDEX_LDADD=''
MOD_BUCKETEER_LDADD=''
MOD_CACHE_LDADD=''
MOD_CASE_FILTER_IN_LDADD=''
MOD_CASE_FILTER_LDADD=''
MOD_CERN_META_LDADD=''
MOD_CGID_LDADD=''
MOD_CGI_LDADD=''
MOD_CHARSET_LITE_LDADD=''
MOD_DAV_FS_LDADD=''
MOD_DAV_LDADD=''
MOD_DAV_LOCK_LDADD=''
MOD_DBD_LDADD=''
MOD_DEFLATE_LDADD=''
MOD_DIR_LDADD=''
MOD_DISK_CACHE_LDADD=''
MOD_DUMPIO_LDADD=''
MOD_ECHO_LDADD=''
MOD_ENV_LDADD=''
MOD_EXAMPLE_LDADD=''
MOD_EXPIRES_LDADD=''
MOD_EXT_FILTER_LDADD=''
MOD_FILE_CACHE_LDADD=''
MOD_FILTER_LDADD=''
MOD_HEADERS_LDADD=''
MOD_HTTP_LDADD=''
MOD_IDENT_LDADD=''
MOD_IMAGEMAP_LDADD=''
MOD_INCLUDE_LDADD=''
MOD_INFO_LDADD=''
MOD_ISAPI_LDADD=''
MOD_LDAP_LDADD=''
MOD_LOGIO_LDADD=''
MOD_LOG_CONFIG_LDADD=''
MOD_LOG_FORENSIC_LDADD=''
MOD_MEM_CACHE_LDADD=''
MOD_MIME_LDADD=''
MOD_MIME_MAGIC_LDADD=''
MOD_NEGOTIATION_LDADD=''
MOD_OPTIONAL_FN_EXPORT_LDADD=''
MOD_OPTIONAL_FN_IMPORT_LDADD=''
MOD_OPTIONAL_HOOK_EXPORT_LDADD=''
MOD_OPTIONAL_HOOK_IMPORT_LDADD=''
MOD_PROXY_AJP_LDADD=''
MOD_PROXY_BALANCER_LDADD=''
MOD_PROXY_CONNECT_LDADD=''
MOD_PROXY_FTP_LDADD=''
MOD_PROXY_HTTP_LDADD=''
MOD_PROXY_LDADD=''
MOD_REWRITE_LDADD=''
MOD_SETENVIF_LDADD=''
MOD_SO_LDADD=''
MOD_SPELING_LDADD=''
MOD_SSL_LDADD=''
MOD_STATUS_LDADD=''
MOD_SUEXEC_LDADD=''
MOD_UNIQUE_ID_LDADD=''
MOD_USERDIR_LDADD=''
MOD_USERTRACK_LDADD=''
MOD_VERSION_LDADD=''
MOD_VHOST_ALIAS_LDADD=''
MPM_LIB='server/mpm/prefork/libprefork.la'
MPM_NAME='prefork'
MPM_SUBDIR_NAME='prefork'
NOTEST_CFLAGS=''
NOTEST_CPPFLAGS=''
NOTEST_CXXFLAGS=''
NOTEST_LDFLAGS=''
NOTEST_LIBS=''
OBJEXT='o'
OS='unix'
OS_DIR='unix'
OS_SPECIFIC_VARS=''
PACKAGE_BUGREPORT=''
PACKAGE_NAME=''
PACKAGE_STRING=''
PACKAGE_TARNAME=''
PACKAGE_VERSION=''
PATH_SEPARATOR=':'
PCRE_CONFIG='false'
PICFLAGS=''
PILDFLAGS=''
PKGCONFIG='/usr/bin/pkg-config'
PORT='80'
POST_SHARED_CMDS='echo ""'
PRE_SHARED_CMDS='echo ""'
RANLIB='ranlib'
RM='/usr/bin/rm'
RSYNC='/usr/bin/rsync'
SHELL='/bin/sh'
SHLIBPATH_VAR='LD_LIBRARY_PATH'
SHLTCFLAGS=''
SH_LDFLAGS=''
SH_LIBS=''
SH_LIBTOOL='$(SHELL) $(top_builddir)/shlibtool $(LTFLAGS)'
SSL_LIBS=''
UTIL_LDFLAGS=''
ab_LTFLAGS=''
abs_srcdir='/u/huang238/a290-js/httpd-2.2.2'
ac_ct_CC='gcc'
ac_ct_RANLIB='ranlib'
ap_make_delimiter=' '
ap_make_include='include'
bindir='${exec_prefix}/bin'
build='x86_64-unknown-linux-gnu'
build_alias=''
build_cpu='x86_64'
build_os='linux-gnu'
build_vendor='unknown'
cgidir='${datadir}/cgi-bin'
checkgid_LTFLAGS=''
datadir='${prefix}'
errordir='${datadir}/error'
exec_prefix='${prefix}'
exp_bindir='/u/huang238/a290-js/apache/bin'
exp_cgidir='/u/huang238/a290-js/apache/cgi-bin'
exp_datadir='/u/huang238/a290-js/apache'
exp_errordir='/u/huang238/a290-js/apache/error'
exp_exec_prefix='/u/huang238/a290-js/apache'
exp_htdocsdir='/u/huang238/a290-js/apache/htdocs'
exp_iconsdir='/u/huang238/a290-js/apache/icons'
exp_includedir='/u/huang238/a290-js/apache/include'
exp_installbuilddir='/u/huang238/a290-js/apache/build'
exp_libdir='/u/huang238/a290-js/apache/lib'
exp_libexecdir='/u/huang238/a290-js/apache/modules'
exp_localstatedir='/u/huang238/a290-js/apache'
exp_logfiledir='/u/huang238/a290-js/apache/logs'
exp_mandir='/u/huang238/a290-js/apache/man'
exp_manualdir='/u/huang238/a290-js/apache/manual'
exp_proxycachedir='/u/huang238/a290-js/apache/proxy'
exp_runtimedir='/u/huang238/a290-js/apache/logs'
exp_sbindir='/u/huang238/a290-js/apache/bin'
exp_sysconfdir='/u/huang238/a290-js/apache/conf'
host='x86_64-unknown-linux-gnu'
host_alias=''
host_cpu='x86_64'
host_os='linux-gnu'
host_vendor='unknown'
htdbm_LTFLAGS=''
htdigest_LTFLAGS=''
htdocsdir='${datadir}/htdocs'
htpasswd_LTFLAGS=''
iconsdir='${datadir}/icons'
includedir='${prefix}/include'
infodir='${prefix}/info'
installbuilddir='${datadir}/build'
libdir='${exec_prefix}/lib'
libexecdir='${exec_prefix}/modules'
localstatedir='${prefix}'
logfiledir='${localstatedir}/logs'
logresolve_LTFLAGS=''
mandir='${prefix}/man'
manualdir='${datadir}/manual'
nonssl_listen_stmt_1=''
nonssl_listen_stmt_2=''
oldincludedir='/usr/include'
other_targets=''
perlbin='/usr/bin/perl'
prefix='/u/huang238/a290-js/apache'
progname='httpd'
program_transform_name='s,x,x,'
proxycachedir='${localstatedir}/proxy'
rel_bindir='bin'
rel_cgidir='cgi-bin'
rel_datadir=''
rel_errordir='error'
rel_exec_prefix=''
rel_htdocsdir='htdocs'
rel_iconsdir='icons'
rel_includedir='include'
rel_installbuilddir='build'
rel_libdir='lib'
rel_libexecdir='modules'
rel_localstatedir=''
rel_logfiledir='logs'
rel_mandir='man'
rel_manualdir='manual'
rel_proxycachedir='proxy'
rel_runtimedir='logs'
rel_sbindir='bin'
rel_sysconfdir='conf'
rotatelogs_LTFLAGS=''
runtimedir='${localstatedir}/logs'
sbindir='${exec_prefix}/bin'
shared_build=''
sharedstatedir='${prefix}/com'
sysconfdir='${prefix}/conf'
target='x86_64-unknown-linux-gnu'
target_alias=''
target_cpu='x86_64'
target_os='linux-gnu'
target_vendor='unknown'

## ----------- ##
## confdefs.h. ##
## ----------- ##

#define APACHE_MPM_DIR "server/mpm/prefork"
#define AP_ENABLE_V4_MAPPED 1
#define AP_NONBLOCK_WHEN_MULTI_LISTEN 1
#define AP_TYPES_CONFIG_FILE "conf/mime.types"
#define AP_USING_AUTOCONF 1
#define HAVE_GETGRNAM 1
#define HAVE_GETPWNAM 1
#define HAVE_GMTOFF 1
#define HAVE_GRP_H 1
#define HAVE_INITGROUPS 1
#define HAVE_INTTYPES_H 1
#define HAVE_KILLPG 1
#define HAVE_LIMITS_H 1
#define HAVE_MEMORY_H 1
#define HAVE_PRCTL 1
#define HAVE_PWD_H 1
#define HAVE_SETSID 1
#define HAVE_STDINT_H 1
#define HAVE_STDLIB_H 1
#define HAVE_STRINGS_H 1
#define HAVE_STRINGS_H 1
#define HAVE_STRING_H 1
#define HAVE_STRING_H 1
#define HAVE_SYSLOG 1
#define HAVE_SYS_IPC_H 1
#define HAVE_SYS_PRCTL_H 1
#define HAVE_SYS_RESOURCE_H 1
#define HAVE_SYS_SEM_H 1
#define HAVE_SYS_SEM_H 1
#define HAVE_SYS_SOCKET_H 1
#define HAVE_SYS_STAT_H 1
#define HAVE_SYS_TIMES_H 1
#define HAVE_SYS_TIME_H 1
#define HAVE_SYS_TYPES_H 1
#define HAVE_SYS_WAIT_H 1
#define HAVE_TIMEGM 1
#define HAVE_TIMES 1
#define HAVE_UNISTD_H 1
#define HAVE_UNISTD_H 1
#define HAVE_UNISTD_H 1
#define HTTPD_ROOT "/u/huang238/a290-js/apache"
#define PACKAGE_BUGREPORT ""
#define PACKAGE_NAME ""
#define PACKAGE_STRING ""
#define PACKAGE_TARNAME ""
#define PACKAGE_VERSION ""
#define SERVER_CONFIG_FILE "conf/httpd.conf"
#define STDC_HEADERS 1
#define STDC_HEADERS 1

configure: exit 0
