Copyright 1986-2017 Xilinx, Inc. All Rights Reserved.
---------------------------------------------------------------------------------------------------------------------------------------------------------------
| Tool Version : Vivado v.2017.2 (lin64) Build 1909853 Thu Jun 15 18:39:10 MDT 2017
| Date         : Fri Nov  3 10:12:15 2017
| Host         : diorite.soic.indiana.edu running 64-bit Red Hat Enterprise Linux Workstation release 7.4 (Maipo)
| Command      : report_timing_summary -warn_on_violation -max_paths 10 -file two7segment_timing_summary_routed.rpt -rpx two7segment_timing_summary_routed.rpx
| Design       : two7segment
| Device       : 7a35ti-cpg236
| Speed File   : -1L  PRODUCTION 1.17 2017-05-11
---------------------------------------------------------------------------------------------------------------------------------------------------------------

Timing Summary Report

------------------------------------------------------------------------------------------------
| Timer Settings
| --------------
------------------------------------------------------------------------------------------------

  Enable Multi Corner Analysis               :  Yes
  Enable Pessimism Removal                   :  Yes
  Pessimism Removal Resolution               :  Nearest Common Node
  Enable Input Delay Default Clock           :  No
  Enable Preset / Clear Arcs                 :  No
  Disable Flight Delays                      :  No
  Ignore I/O Paths                           :  No
  Timing Early Launch at Borrowing Latches   :  false

  Corner  Analyze    Analyze    
  Name    Max Paths  Min Paths  
  ------  ---------  ---------  
  Slow    Yes        Yes        
  Fast    Yes        Yes        



check_timing report

Table of Contents
-----------------
1. checking no_clock
2. checking constant_clock
3. checking pulse_width_clock
4. checking unconstrained_internal_endpoints
5. checking no_input_delay
6. checking no_output_delay
7. checking multiple_clock
8. checking generated_clocks
9. checking loops
10. checking partial_input_delay
11. checking partial_output_delay
12. checking latch_loops

1. checking no_clock
--------------------
 There are 29 register/latch pins with no clock driven by root clock pin: SCK (HIGH)


2. checking constant_clock
--------------------------
 There are 0 register/latch pins with constant_clock.


3. checking pulse_width_clock
-----------------------------
 There are 0 register/latch pins which need pulse_width check


4. checking unconstrained_internal_endpoints
--------------------------------------------
 There are 58 pins that are not constrained for maximum delay. (HIGH)

 There are 0 pins that are not constrained for maximum delay due to constant clock.


5. checking no_input_delay
--------------------------
 There are 2 input ports with no input delay specified. (HIGH)

 There are 0 input ports with no input delay but user has a false path constraint.


6. checking no_output_delay
---------------------------
 There are 10 ports with no output delay specified. (HIGH)

 There are 0 ports with no output delay but user has a false path constraint

 There are 0 ports with no output delay but with a timing clock defined on it or propagating through it


7. checking multiple_clock
--------------------------
 There are 0 register/latch pins with multiple clocks.


8. checking generated_clocks
----------------------------
 There are 0 generated clocks that are not connected to a clock source.


9. checking loops
-----------------
 There are 0 combinational loops in the design.


10. checking partial_input_delay
--------------------------------
 There are 0 input ports with partial input delay specified.


11. checking partial_output_delay
---------------------------------
 There are 0 ports with partial output delay specified.


12. checking latch_loops
------------------------
 There are 0 combinational latch loops in the design through latch input



------------------------------------------------------------------------------------------------
| Design Timing Summary
| ---------------------
------------------------------------------------------------------------------------------------

    WNS(ns)      TNS(ns)  TNS Failing Endpoints  TNS Total Endpoints      WHS(ns)      THS(ns)  THS Failing Endpoints  THS Total Endpoints     WPWS(ns)     TPWS(ns)  TPWS Failing Endpoints  TPWS Total Endpoints  
    -------      -------  ---------------------  -------------------      -------      -------  ---------------------  -------------------     --------     --------  ----------------------  --------------------  
      7.515        0.000                      0                   21        0.308        0.000                      0                   21        4.500        0.000                       0                    22  


All user specified timing constraints are met.


------------------------------------------------------------------------------------------------
| Clock Summary
| -------------
------------------------------------------------------------------------------------------------

Clock        Waveform(ns)       Period(ns)      Frequency(MHz)
-----        ------------       ----------      --------------
sys_clk_pin  {0.000 5.000}      10.000          100.000         


------------------------------------------------------------------------------------------------
| Intra Clock Table
| -----------------
------------------------------------------------------------------------------------------------

Clock             WNS(ns)      TNS(ns)  TNS Failing Endpoints  TNS Total Endpoints      WHS(ns)      THS(ns)  THS Failing Endpoints  THS Total Endpoints     WPWS(ns)     TPWS(ns)  TPWS Failing Endpoints  TPWS Total Endpoints  
-----             -------      -------  ---------------------  -------------------      -------      -------  ---------------------  -------------------     --------     --------  ----------------------  --------------------  
sys_clk_pin         7.515        0.000                      0                   21        0.308        0.000                      0                   21        4.500        0.000                       0                    22  


------------------------------------------------------------------------------------------------
| Inter Clock Table
| -----------------
------------------------------------------------------------------------------------------------

From Clock    To Clock          WNS(ns)      TNS(ns)  TNS Failing Endpoints  TNS Total Endpoints      WHS(ns)      THS(ns)  THS Failing Endpoints  THS Total Endpoints  
----------    --------          -------      -------  ---------------------  -------------------      -------      -------  ---------------------  -------------------  


------------------------------------------------------------------------------------------------
| Other Path Groups Table
| -----------------------
------------------------------------------------------------------------------------------------

Path Group    From Clock    To Clock          WNS(ns)      TNS(ns)  TNS Failing Endpoints  TNS Total Endpoints      WHS(ns)      THS(ns)  THS Failing Endpoints  THS Total Endpoints  
----------    ----------    --------          -------      -------  ---------------------  -------------------      -------      -------  ---------------------  -------------------  


------------------------------------------------------------------------------------------------
| Timing Details
| --------------
------------------------------------------------------------------------------------------------


---------------------------------------------------------------------------------------------------
From Clock:  sys_clk_pin
  To Clock:  sys_clk_pin

Setup :            0  Failing Endpoints,  Worst Slack        7.515ns,  Total Violation        0.000ns
Hold  :            0  Failing Endpoints,  Worst Slack        0.308ns,  Total Violation        0.000ns
PW    :            0  Failing Endpoints,  Worst Slack        4.500ns,  Total Violation        0.000ns
---------------------------------------------------------------------------------------------------


Max Delay Paths
--------------------------------------------------------------------------------------
Slack (MET) :             7.515ns  (required time - arrival time)
  Source:                 q_reg[2]/C
                            (rising edge-triggered cell FDRE clocked by sys_clk_pin  {rise@0.000ns fall@5.000ns period=10.000ns})
  Destination:            q_reg[20]/D
                            (rising edge-triggered cell FDRE clocked by sys_clk_pin  {rise@0.000ns fall@5.000ns period=10.000ns})
  Path Group:             sys_clk_pin
  Path Type:              Setup (Max at Slow Process Corner)
  Requirement:            10.000ns  (sys_clk_pin rise@10.000ns - sys_clk_pin rise@0.000ns)
  Data Path Delay:        2.528ns  (logic 1.709ns (67.591%)  route 0.819ns (32.409%))
  Logic Levels:           6  (CARRY4=6)
  Clock Path Skew:        -0.030ns (DCD - SCD + CPR)
    Destination Clock Delay (DCD):    4.843ns = ( 14.843 - 10.000 ) 
    Source Clock Delay      (SCD):    5.147ns
    Clock Pessimism Removal (CPR):    0.274ns
  Clock Uncertainty:      0.035ns  ((TSJ^2 + TIJ^2)^1/2 + DJ) / 2 + PE
    Total System Jitter     (TSJ):    0.071ns
    Total Input Jitter      (TIJ):    0.000ns
    Discrete Jitter          (DJ):    0.000ns
    Phase Error              (PE):    0.000ns

    Location             Delay type                Incr(ns)  Path(ns)    Netlist Resource(s)
  -------------------------------------------------------------------    -------------------
                         (clock sys_clk_pin rise edge)
                                                      0.000     0.000 r  
    W5                                                0.000     0.000 r  clk (IN)
                         net (fo=0)                   0.000     0.000    clk
    W5                   IBUF (Prop_ibuf_I_O)         1.458     1.458 r  clk_IBUF_inst/O
                         net (fo=1, routed)           1.967     3.425    clk_IBUF
    BUFGCTRL_X0Y1        BUFG (Prop_bufg_I_O)         0.096     3.521 r  clk_IBUF_BUFG_inst/O
                         net (fo=21, routed)          1.626     5.147    clk_IBUF_BUFG
    SLICE_X64Y19         FDRE                                         r  q_reg[2]/C
  -------------------------------------------------------------------    -------------------
    SLICE_X64Y19         FDRE (Prop_fdre_C_Q)         0.518     5.665 r  q_reg[2]/Q
                         net (fo=1, routed)           0.819     6.485    q_reg_n_0_[2]
    SLICE_X64Y19         CARRY4 (Prop_carry4_S[2]_CO[3])
                                                      0.504     6.989 r  q_reg[0]_i_1/CO[3]
                         net (fo=1, routed)           0.000     6.989    q_reg[0]_i_1_n_0
    SLICE_X64Y20         CARRY4 (Prop_carry4_CI_CO[3])
                                                      0.117     7.106 r  q_reg[4]_i_1/CO[3]
                         net (fo=1, routed)           0.000     7.106    q_reg[4]_i_1_n_0
    SLICE_X64Y21         CARRY4 (Prop_carry4_CI_CO[3])
                                                      0.117     7.223 r  q_reg[8]_i_1/CO[3]
                         net (fo=1, routed)           0.000     7.223    q_reg[8]_i_1_n_0
    SLICE_X64Y22         CARRY4 (Prop_carry4_CI_CO[3])
                                                      0.117     7.340 r  q_reg[12]_i_1/CO[3]
                         net (fo=1, routed)           0.000     7.340    q_reg[12]_i_1_n_0
    SLICE_X64Y23         CARRY4 (Prop_carry4_CI_CO[3])
                                                      0.117     7.457 r  q_reg[16]_i_1/CO[3]
                         net (fo=1, routed)           0.000     7.457    q_reg[16]_i_1_n_0
    SLICE_X64Y24         CARRY4 (Prop_carry4_CI_O[0])
                                                      0.219     7.676 r  q_reg[20]_i_1/O[0]
                         net (fo=1, routed)           0.000     7.676    q_reg[20]_i_1_n_7
    SLICE_X64Y24         FDRE                                         r  q_reg[20]/D
  -------------------------------------------------------------------    -------------------

                         (clock sys_clk_pin rise edge)
                                                     10.000    10.000 r  
    W5                                                0.000    10.000 r  clk (IN)
                         net (fo=0)                   0.000    10.000    clk
    W5                   IBUF (Prop_ibuf_I_O)         1.388    11.388 r  clk_IBUF_inst/O
                         net (fo=1, routed)           1.862    13.250    clk_IBUF
    BUFGCTRL_X0Y1        BUFG (Prop_bufg_I_O)         0.091    13.341 r  clk_IBUF_BUFG_inst/O
                         net (fo=21, routed)          1.502    14.843    clk_IBUF_BUFG
    SLICE_X64Y24         FDRE                                         r  q_reg[20]/C
                         clock pessimism              0.274    15.117    
                         clock uncertainty           -0.035    15.082    
    SLICE_X64Y24         FDRE (Setup_fdre_C_D)        0.109    15.191    q_reg[20]
  -------------------------------------------------------------------
                         required time                         15.191    
                         arrival time                          -7.676    
  -------------------------------------------------------------------
                         slack                                  7.515    

Slack (MET) :             7.530ns  (required time - arrival time)
  Source:                 q_reg[2]/C
                            (rising edge-triggered cell FDRE clocked by sys_clk_pin  {rise@0.000ns fall@5.000ns period=10.000ns})
  Destination:            q_reg[17]/D
                            (rising edge-triggered cell FDRE clocked by sys_clk_pin  {rise@0.000ns fall@5.000ns period=10.000ns})
  Path Group:             sys_clk_pin
  Path Type:              Setup (Max at Slow Process Corner)
  Requirement:            10.000ns  (sys_clk_pin rise@10.000ns - sys_clk_pin rise@0.000ns)
  Data Path Delay:        2.515ns  (logic 1.696ns (67.423%)  route 0.819ns (32.577%))
  Logic Levels:           5  (CARRY4=5)
  Clock Path Skew:        -0.028ns (DCD - SCD + CPR)
    Destination Clock Delay (DCD):    4.845ns = ( 14.845 - 10.000 ) 
    Source Clock Delay      (SCD):    5.147ns
    Clock Pessimism Removal (CPR):    0.274ns
  Clock Uncertainty:      0.035ns  ((TSJ^2 + TIJ^2)^1/2 + DJ) / 2 + PE
    Total System Jitter     (TSJ):    0.071ns
    Total Input Jitter      (TIJ):    0.000ns
    Discrete Jitter          (DJ):    0.000ns
    Phase Error              (PE):    0.000ns

    Location             Delay type                Incr(ns)  Path(ns)    Netlist Resource(s)
  -------------------------------------------------------------------    -------------------
                         (clock sys_clk_pin rise edge)
                                                      0.000     0.000 r  
    W5                                                0.000     0.000 r  clk (IN)
                         net (fo=0)                   0.000     0.000    clk
    W5                   IBUF (Prop_ibuf_I_O)         1.458     1.458 r  clk_IBUF_inst/O
                         net (fo=1, routed)           1.967     3.425    clk_IBUF
    BUFGCTRL_X0Y1        BUFG (Prop_bufg_I_O)         0.096     3.521 r  clk_IBUF_BUFG_inst/O
                         net (fo=21, routed)          1.626     5.147    clk_IBUF_BUFG
    SLICE_X64Y19         FDRE                                         r  q_reg[2]/C
  -------------------------------------------------------------------    -------------------
    SLICE_X64Y19         FDRE (Prop_fdre_C_Q)         0.518     5.665 r  q_reg[2]/Q
                         net (fo=1, routed)           0.819     6.485    q_reg_n_0_[2]
    SLICE_X64Y19         CARRY4 (Prop_carry4_S[2]_CO[3])
                                                      0.504     6.989 r  q_reg[0]_i_1/CO[3]
                         net (fo=1, routed)           0.000     6.989    q_reg[0]_i_1_n_0
    SLICE_X64Y20         CARRY4 (Prop_carry4_CI_CO[3])
                                                      0.117     7.106 r  q_reg[4]_i_1/CO[3]
                         net (fo=1, routed)           0.000     7.106    q_reg[4]_i_1_n_0
    SLICE_X64Y21         CARRY4 (Prop_carry4_CI_CO[3])
                                                      0.117     7.223 r  q_reg[8]_i_1/CO[3]
                         net (fo=1, routed)           0.000     7.223    q_reg[8]_i_1_n_0
    SLICE_X64Y22         CARRY4 (Prop_carry4_CI_CO[3])
                                                      0.117     7.340 r  q_reg[12]_i_1/CO[3]
                         net (fo=1, routed)           0.000     7.340    q_reg[12]_i_1_n_0
    SLICE_X64Y23         CARRY4 (Prop_carry4_CI_O[1])
                                                      0.323     7.663 r  q_reg[16]_i_1/O[1]
                         net (fo=1, routed)           0.000     7.663    q_reg[16]_i_1_n_6
    SLICE_X64Y23         FDRE                                         r  q_reg[17]/D
  -------------------------------------------------------------------    -------------------

                         (clock sys_clk_pin rise edge)
                                                     10.000    10.000 r  
    W5                                                0.000    10.000 r  clk (IN)
                         net (fo=0)                   0.000    10.000    clk
    W5                   IBUF (Prop_ibuf_I_O)         1.388    11.388 r  clk_IBUF_inst/O
                         net (fo=1, routed)           1.862    13.250    clk_IBUF
    BUFGCTRL_X0Y1        BUFG (Prop_bufg_I_O)         0.091    13.341 r  clk_IBUF_BUFG_inst/O
                         net (fo=21, routed)          1.504    14.845    clk_IBUF_BUFG
    SLICE_X64Y23         FDRE                                         r  q_reg[17]/C
                         clock pessimism              0.274    15.119    
                         clock uncertainty           -0.035    15.084    
    SLICE_X64Y23         FDRE (Setup_fdre_C_D)        0.109    15.193    q_reg[17]
  -------------------------------------------------------------------
                         required time                         15.193    
                         arrival time                          -7.663    
  -------------------------------------------------------------------
                         slack                                  7.530    

Slack (MET) :             7.538ns  (required time - arrival time)
  Source:                 q_reg[2]/C
                            (rising edge-triggered cell FDRE clocked by sys_clk_pin  {rise@0.000ns fall@5.000ns period=10.000ns})
  Destination:            q_reg[19]/D
                            (rising edge-triggered cell FDRE clocked by sys_clk_pin  {rise@0.000ns fall@5.000ns period=10.000ns})
  Path Group:             sys_clk_pin
  Path Type:              Setup (Max at Slow Process Corner)
  Requirement:            10.000ns  (sys_clk_pin rise@10.000ns - sys_clk_pin rise@0.000ns)
  Data Path Delay:        2.507ns  (logic 1.688ns (67.319%)  route 0.819ns (32.681%))
  Logic Levels:           5  (CARRY4=5)
  Clock Path Skew:        -0.028ns (DCD - SCD + CPR)
    Destination Clock Delay (DCD):    4.845ns = ( 14.845 - 10.000 ) 
    Source Clock Delay      (SCD):    5.147ns
    Clock Pessimism Removal (CPR):    0.274ns
  Clock Uncertainty:      0.035ns  ((TSJ^2 + TIJ^2)^1/2 + DJ) / 2 + PE
    Total System Jitter     (TSJ):    0.071ns
    Total Input Jitter      (TIJ):    0.000ns
    Discrete Jitter          (DJ):    0.000ns
    Phase Error              (PE):    0.000ns

    Location             Delay type                Incr(ns)  Path(ns)    Netlist Resource(s)
  -------------------------------------------------------------------    -------------------
                         (clock sys_clk_pin rise edge)
                                                      0.000     0.000 r  
    W5                                                0.000     0.000 r  clk (IN)
                         net (fo=0)                   0.000     0.000    clk
    W5                   IBUF (Prop_ibuf_I_O)         1.458     1.458 r  clk_IBUF_inst/O
                         net (fo=1, routed)           1.967     3.425    clk_IBUF
    BUFGCTRL_X0Y1        BUFG (Prop_bufg_I_O)         0.096     3.521 r  clk_IBUF_BUFG_inst/O
                         net (fo=21, routed)          1.626     5.147    clk_IBUF_BUFG
    SLICE_X64Y19         FDRE                                         r  q_reg[2]/C
  -------------------------------------------------------------------    -------------------
    SLICE_X64Y19         FDRE (Prop_fdre_C_Q)         0.518     5.665 r  q_reg[2]/Q
                         net (fo=1, routed)           0.819     6.485    q_reg_n_0_[2]
    SLICE_X64Y19         CARRY4 (Prop_carry4_S[2]_CO[3])
                                                      0.504     6.989 r  q_reg[0]_i_1/CO[3]
                         net (fo=1, routed)           0.000     6.989    q_reg[0]_i_1_n_0
    SLICE_X64Y20         CARRY4 (Prop_carry4_CI_CO[3])
                                                      0.117     7.106 r  q_reg[4]_i_1/CO[3]
                         net (fo=1, routed)           0.000     7.106    q_reg[4]_i_1_n_0
    SLICE_X64Y21         CARRY4 (Prop_carry4_CI_CO[3])
                                                      0.117     7.223 r  q_reg[8]_i_1/CO[3]
                         net (fo=1, routed)           0.000     7.223    q_reg[8]_i_1_n_0
    SLICE_X64Y22         CARRY4 (Prop_carry4_CI_CO[3])
                                                      0.117     7.340 r  q_reg[12]_i_1/CO[3]
                         net (fo=1, routed)           0.000     7.340    q_reg[12]_i_1_n_0
    SLICE_X64Y23         CARRY4 (Prop_carry4_CI_O[3])
                                                      0.315     7.655 r  q_reg[16]_i_1/O[3]
                         net (fo=1, routed)           0.000     7.655    q_reg[16]_i_1_n_4
    SLICE_X64Y23         FDRE                                         r  q_reg[19]/D
  -------------------------------------------------------------------    -------------------

                         (clock sys_clk_pin rise edge)
                                                     10.000    10.000 r  
    W5                                                0.000    10.000 r  clk (IN)
                         net (fo=0)                   0.000    10.000    clk
    W5                   IBUF (Prop_ibuf_I_O)         1.388    11.388 r  clk_IBUF_inst/O
                         net (fo=1, routed)           1.862    13.250    clk_IBUF
    BUFGCTRL_X0Y1        BUFG (Prop_bufg_I_O)         0.091    13.341 r  clk_IBUF_BUFG_inst/O
                         net (fo=21, routed)          1.504    14.845    clk_IBUF_BUFG
    SLICE_X64Y23         FDRE                                         r  q_reg[19]/C
                         clock pessimism              0.274    15.119    
                         clock uncertainty           -0.035    15.084    
    SLICE_X64Y23         FDRE (Setup_fdre_C_D)        0.109    15.193    q_reg[19]
  -------------------------------------------------------------------
                         required time                         15.193    
                         arrival time                          -7.655    
  -------------------------------------------------------------------
                         slack                                  7.538    

Slack (MET) :             7.614ns  (required time - arrival time)
  Source:                 q_reg[2]/C
                            (rising edge-triggered cell FDRE clocked by sys_clk_pin  {rise@0.000ns fall@5.000ns period=10.000ns})
  Destination:            q_reg[18]/D
                            (rising edge-triggered cell FDRE clocked by sys_clk_pin  {rise@0.000ns fall@5.000ns period=10.000ns})
  Path Group:             sys_clk_pin
  Path Type:              Setup (Max at Slow Process Corner)
  Requirement:            10.000ns  (sys_clk_pin rise@10.000ns - sys_clk_pin rise@0.000ns)
  Data Path Delay:        2.431ns  (logic 1.612ns (66.298%)  route 0.819ns (33.702%))
  Logic Levels:           5  (CARRY4=5)
  Clock Path Skew:        -0.028ns (DCD - SCD + CPR)
    Destination Clock Delay (DCD):    4.845ns = ( 14.845 - 10.000 ) 
    Source Clock Delay      (SCD):    5.147ns
    Clock Pessimism Removal (CPR):    0.274ns
  Clock Uncertainty:      0.035ns  ((TSJ^2 + TIJ^2)^1/2 + DJ) / 2 + PE
    Total System Jitter     (TSJ):    0.071ns
    Total Input Jitter      (TIJ):    0.000ns
    Discrete Jitter          (DJ):    0.000ns
    Phase Error              (PE):    0.000ns

    Location             Delay type                Incr(ns)  Path(ns)    Netlist Resource(s)
  -------------------------------------------------------------------    -------------------
                         (clock sys_clk_pin rise edge)
                                                      0.000     0.000 r  
    W5                                                0.000     0.000 r  clk (IN)
                         net (fo=0)                   0.000     0.000    clk
    W5                   IBUF (Prop_ibuf_I_O)         1.458     1.458 r  clk_IBUF_inst/O
                         net (fo=1, routed)           1.967     3.425    clk_IBUF
    BUFGCTRL_X0Y1        BUFG (Prop_bufg_I_O)         0.096     3.521 r  clk_IBUF_BUFG_inst/O
                         net (fo=21, routed)          1.626     5.147    clk_IBUF_BUFG
    SLICE_X64Y19         FDRE                                         r  q_reg[2]/C
  -------------------------------------------------------------------    -------------------
    SLICE_X64Y19         FDRE (Prop_fdre_C_Q)         0.518     5.665 r  q_reg[2]/Q
                         net (fo=1, routed)           0.819     6.485    q_reg_n_0_[2]
    SLICE_X64Y19         CARRY4 (Prop_carry4_S[2]_CO[3])
                                                      0.504     6.989 r  q_reg[0]_i_1/CO[3]
                         net (fo=1, routed)           0.000     6.989    q_reg[0]_i_1_n_0
    SLICE_X64Y20         CARRY4 (Prop_carry4_CI_CO[3])
                                                      0.117     7.106 r  q_reg[4]_i_1/CO[3]
                         net (fo=1, routed)           0.000     7.106    q_reg[4]_i_1_n_0
    SLICE_X64Y21         CARRY4 (Prop_carry4_CI_CO[3])
                                                      0.117     7.223 r  q_reg[8]_i_1/CO[3]
                         net (fo=1, routed)           0.000     7.223    q_reg[8]_i_1_n_0
    SLICE_X64Y22         CARRY4 (Prop_carry4_CI_CO[3])
                                                      0.117     7.340 r  q_reg[12]_i_1/CO[3]
                         net (fo=1, routed)           0.000     7.340    q_reg[12]_i_1_n_0
    SLICE_X64Y23         CARRY4 (Prop_carry4_CI_O[2])
                                                      0.239     7.579 r  q_reg[16]_i_1/O[2]
                         net (fo=1, routed)           0.000     7.579    q_reg[16]_i_1_n_5
    SLICE_X64Y23         FDRE                                         r  q_reg[18]/D
  -------------------------------------------------------------------    -------------------

                         (clock sys_clk_pin rise edge)
                                                     10.000    10.000 r  
    W5                                                0.000    10.000 r  clk (IN)
                         net (fo=0)                   0.000    10.000    clk
    W5                   IBUF (Prop_ibuf_I_O)         1.388    11.388 r  clk_IBUF_inst/O
                         net (fo=1, routed)           1.862    13.250    clk_IBUF
    BUFGCTRL_X0Y1        BUFG (Prop_bufg_I_O)         0.091    13.341 r  clk_IBUF_BUFG_inst/O
                         net (fo=21, routed)          1.504    14.845    clk_IBUF_BUFG
    SLICE_X64Y23         FDRE                                         r  q_reg[18]/C
                         clock pessimism              0.274    15.119    
                         clock uncertainty           -0.035    15.084    
    SLICE_X64Y23         FDRE (Setup_fdre_C_D)        0.109    15.193    q_reg[18]
  -------------------------------------------------------------------
                         required time                         15.193    
                         arrival time                          -7.579    
  -------------------------------------------------------------------
                         slack                                  7.614    

Slack (MET) :             7.634ns  (required time - arrival time)
  Source:                 q_reg[2]/C
                            (rising edge-triggered cell FDRE clocked by sys_clk_pin  {rise@0.000ns fall@5.000ns period=10.000ns})
  Destination:            q_reg[16]/D
                            (rising edge-triggered cell FDRE clocked by sys_clk_pin  {rise@0.000ns fall@5.000ns period=10.000ns})
  Path Group:             sys_clk_pin
  Path Type:              Setup (Max at Slow Process Corner)
  Requirement:            10.000ns  (sys_clk_pin rise@10.000ns - sys_clk_pin rise@0.000ns)
  Data Path Delay:        2.411ns  (logic 1.592ns (66.018%)  route 0.819ns (33.982%))
  Logic Levels:           5  (CARRY4=5)
  Clock Path Skew:        -0.028ns (DCD - SCD + CPR)
    Destination Clock Delay (DCD):    4.845ns = ( 14.845 - 10.000 ) 
    Source Clock Delay      (SCD):    5.147ns
    Clock Pessimism Removal (CPR):    0.274ns
  Clock Uncertainty:      0.035ns  ((TSJ^2 + TIJ^2)^1/2 + DJ) / 2 + PE
    Total System Jitter     (TSJ):    0.071ns
    Total Input Jitter      (TIJ):    0.000ns
    Discrete Jitter          (DJ):    0.000ns
    Phase Error              (PE):    0.000ns

    Location             Delay type                Incr(ns)  Path(ns)    Netlist Resource(s)
  -------------------------------------------------------------------    -------------------
                         (clock sys_clk_pin rise edge)
                                                      0.000     0.000 r  
    W5                                                0.000     0.000 r  clk (IN)
                         net (fo=0)                   0.000     0.000    clk
    W5                   IBUF (Prop_ibuf_I_O)         1.458     1.458 r  clk_IBUF_inst/O
                         net (fo=1, routed)           1.967     3.425    clk_IBUF
    BUFGCTRL_X0Y1        BUFG (Prop_bufg_I_O)         0.096     3.521 r  clk_IBUF_BUFG_inst/O
                         net (fo=21, routed)          1.626     5.147    clk_IBUF_BUFG
    SLICE_X64Y19         FDRE                                         r  q_reg[2]/C
  -------------------------------------------------------------------    -------------------
    SLICE_X64Y19         FDRE (Prop_fdre_C_Q)         0.518     5.665 r  q_reg[2]/Q
                         net (fo=1, routed)           0.819     6.485    q_reg_n_0_[2]
    SLICE_X64Y19         CARRY4 (Prop_carry4_S[2]_CO[3])
                                                      0.504     6.989 r  q_reg[0]_i_1/CO[3]
                         net (fo=1, routed)           0.000     6.989    q_reg[0]_i_1_n_0
    SLICE_X64Y20         CARRY4 (Prop_carry4_CI_CO[3])
                                                      0.117     7.106 r  q_reg[4]_i_1/CO[3]
                         net (fo=1, routed)           0.000     7.106    q_reg[4]_i_1_n_0
    SLICE_X64Y21         CARRY4 (Prop_carry4_CI_CO[3])
                                                      0.117     7.223 r  q_reg[8]_i_1/CO[3]
                         net (fo=1, routed)           0.000     7.223    q_reg[8]_i_1_n_0
    SLICE_X64Y22         CARRY4 (Prop_carry4_CI_CO[3])
                                                      0.117     7.340 r  q_reg[12]_i_1/CO[3]
                         net (fo=1, routed)           0.000     7.340    q_reg[12]_i_1_n_0
    SLICE_X64Y23         CARRY4 (Prop_carry4_CI_O[0])
                                                      0.219     7.559 r  q_reg[16]_i_1/O[0]
                         net (fo=1, routed)           0.000     7.559    q_reg[16]_i_1_n_7
    SLICE_X64Y23         FDRE                                         r  q_reg[16]/D
  -------------------------------------------------------------------    -------------------

                         (clock sys_clk_pin rise edge)
                                                     10.000    10.000 r  
    W5                                                0.000    10.000 r  clk (IN)
                         net (fo=0)                   0.000    10.000    clk
    W5                   IBUF (Prop_ibuf_I_O)         1.388    11.388 r  clk_IBUF_inst/O
                         net (fo=1, routed)           1.862    13.250    clk_IBUF
    BUFGCTRL_X0Y1        BUFG (Prop_bufg_I_O)         0.091    13.341 r  clk_IBUF_BUFG_inst/O
                         net (fo=21, routed)          1.504    14.845    clk_IBUF_BUFG
    SLICE_X64Y23         FDRE                                         r  q_reg[16]/C
                         clock pessimism              0.274    15.119    
                         clock uncertainty           -0.035    15.084    
    SLICE_X64Y23         FDRE (Setup_fdre_C_D)        0.109    15.193    q_reg[16]
  -------------------------------------------------------------------
                         required time                         15.193    
                         arrival time                          -7.559    
  -------------------------------------------------------------------
                         slack                                  7.634    

Slack (MET) :             7.648ns  (required time - arrival time)
  Source:                 q_reg[2]/C
                            (rising edge-triggered cell FDRE clocked by sys_clk_pin  {rise@0.000ns fall@5.000ns period=10.000ns})
  Destination:            q_reg[13]/D
                            (rising edge-triggered cell FDRE clocked by sys_clk_pin  {rise@0.000ns fall@5.000ns period=10.000ns})
  Path Group:             sys_clk_pin
  Path Type:              Setup (Max at Slow Process Corner)
  Requirement:            10.000ns  (sys_clk_pin rise@10.000ns - sys_clk_pin rise@0.000ns)
  Data Path Delay:        2.398ns  (logic 1.579ns (65.834%)  route 0.819ns (34.166%))
  Logic Levels:           4  (CARRY4=4)
  Clock Path Skew:        -0.027ns (DCD - SCD + CPR)
    Destination Clock Delay (DCD):    4.846ns = ( 14.846 - 10.000 ) 
    Source Clock Delay      (SCD):    5.147ns
    Clock Pessimism Removal (CPR):    0.274ns
  Clock Uncertainty:      0.035ns  ((TSJ^2 + TIJ^2)^1/2 + DJ) / 2 + PE
    Total System Jitter     (TSJ):    0.071ns
    Total Input Jitter      (TIJ):    0.000ns
    Discrete Jitter          (DJ):    0.000ns
    Phase Error              (PE):    0.000ns

    Location             Delay type                Incr(ns)  Path(ns)    Netlist Resource(s)
  -------------------------------------------------------------------    -------------------
                         (clock sys_clk_pin rise edge)
                                                      0.000     0.000 r  
    W5                                                0.000     0.000 r  clk (IN)
                         net (fo=0)                   0.000     0.000    clk
    W5                   IBUF (Prop_ibuf_I_O)         1.458     1.458 r  clk_IBUF_inst/O
                         net (fo=1, routed)           1.967     3.425    clk_IBUF
    BUFGCTRL_X0Y1        BUFG (Prop_bufg_I_O)         0.096     3.521 r  clk_IBUF_BUFG_inst/O
                         net (fo=21, routed)          1.626     5.147    clk_IBUF_BUFG
    SLICE_X64Y19         FDRE                                         r  q_reg[2]/C
  -------------------------------------------------------------------    -------------------
    SLICE_X64Y19         FDRE (Prop_fdre_C_Q)         0.518     5.665 r  q_reg[2]/Q
                         net (fo=1, routed)           0.819     6.485    q_reg_n_0_[2]
    SLICE_X64Y19         CARRY4 (Prop_carry4_S[2]_CO[3])
                                                      0.504     6.989 r  q_reg[0]_i_1/CO[3]
                         net (fo=1, routed)           0.000     6.989    q_reg[0]_i_1_n_0
    SLICE_X64Y20         CARRY4 (Prop_carry4_CI_CO[3])
                                                      0.117     7.106 r  q_reg[4]_i_1/CO[3]
                         net (fo=1, routed)           0.000     7.106    q_reg[4]_i_1_n_0
    SLICE_X64Y21         CARRY4 (Prop_carry4_CI_CO[3])
                                                      0.117     7.223 r  q_reg[8]_i_1/CO[3]
                         net (fo=1, routed)           0.000     7.223    q_reg[8]_i_1_n_0
    SLICE_X64Y22         CARRY4 (Prop_carry4_CI_O[1])
                                                      0.323     7.546 r  q_reg[12]_i_1/O[1]
                         net (fo=1, routed)           0.000     7.546    q_reg[12]_i_1_n_6
    SLICE_X64Y22         FDRE                                         r  q_reg[13]/D
  -------------------------------------------------------------------    -------------------

                         (clock sys_clk_pin rise edge)
                                                     10.000    10.000 r  
    W5                                                0.000    10.000 r  clk (IN)
                         net (fo=0)                   0.000    10.000    clk
    W5                   IBUF (Prop_ibuf_I_O)         1.388    11.388 r  clk_IBUF_inst/O
                         net (fo=1, routed)           1.862    13.250    clk_IBUF
    BUFGCTRL_X0Y1        BUFG (Prop_bufg_I_O)         0.091    13.341 r  clk_IBUF_BUFG_inst/O
                         net (fo=21, routed)          1.505    14.846    clk_IBUF_BUFG
    SLICE_X64Y22         FDRE                                         r  q_reg[13]/C
                         clock pessimism              0.274    15.120    
                         clock uncertainty           -0.035    15.085    
    SLICE_X64Y22         FDRE (Setup_fdre_C_D)        0.109    15.194    q_reg[13]
  -------------------------------------------------------------------
                         required time                         15.194    
                         arrival time                          -7.546    
  -------------------------------------------------------------------
                         slack                                  7.648    

Slack (MET) :             7.656ns  (required time - arrival time)
  Source:                 q_reg[2]/C
                            (rising edge-triggered cell FDRE clocked by sys_clk_pin  {rise@0.000ns fall@5.000ns period=10.000ns})
  Destination:            q_reg[15]/D
                            (rising edge-triggered cell FDRE clocked by sys_clk_pin  {rise@0.000ns fall@5.000ns period=10.000ns})
  Path Group:             sys_clk_pin
  Path Type:              Setup (Max at Slow Process Corner)
  Requirement:            10.000ns  (sys_clk_pin rise@10.000ns - sys_clk_pin rise@0.000ns)
  Data Path Delay:        2.390ns  (logic 1.571ns (65.720%)  route 0.819ns (34.280%))
  Logic Levels:           4  (CARRY4=4)
  Clock Path Skew:        -0.027ns (DCD - SCD + CPR)
    Destination Clock Delay (DCD):    4.846ns = ( 14.846 - 10.000 ) 
    Source Clock Delay      (SCD):    5.147ns
    Clock Pessimism Removal (CPR):    0.274ns
  Clock Uncertainty:      0.035ns  ((TSJ^2 + TIJ^2)^1/2 + DJ) / 2 + PE
    Total System Jitter     (TSJ):    0.071ns
    Total Input Jitter      (TIJ):    0.000ns
    Discrete Jitter          (DJ):    0.000ns
    Phase Error              (PE):    0.000ns

    Location             Delay type                Incr(ns)  Path(ns)    Netlist Resource(s)
  -------------------------------------------------------------------    -------------------
                         (clock sys_clk_pin rise edge)
                                                      0.000     0.000 r  
    W5                                                0.000     0.000 r  clk (IN)
                         net (fo=0)                   0.000     0.000    clk
    W5                   IBUF (Prop_ibuf_I_O)         1.458     1.458 r  clk_IBUF_inst/O
                         net (fo=1, routed)           1.967     3.425    clk_IBUF
    BUFGCTRL_X0Y1        BUFG (Prop_bufg_I_O)         0.096     3.521 r  clk_IBUF_BUFG_inst/O
                         net (fo=21, routed)          1.626     5.147    clk_IBUF_BUFG
    SLICE_X64Y19         FDRE                                         r  q_reg[2]/C
  -------------------------------------------------------------------    -------------------
    SLICE_X64Y19         FDRE (Prop_fdre_C_Q)         0.518     5.665 r  q_reg[2]/Q
                         net (fo=1, routed)           0.819     6.485    q_reg_n_0_[2]
    SLICE_X64Y19         CARRY4 (Prop_carry4_S[2]_CO[3])
                                                      0.504     6.989 r  q_reg[0]_i_1/CO[3]
                         net (fo=1, routed)           0.000     6.989    q_reg[0]_i_1_n_0
    SLICE_X64Y20         CARRY4 (Prop_carry4_CI_CO[3])
                                                      0.117     7.106 r  q_reg[4]_i_1/CO[3]
                         net (fo=1, routed)           0.000     7.106    q_reg[4]_i_1_n_0
    SLICE_X64Y21         CARRY4 (Prop_carry4_CI_CO[3])
                                                      0.117     7.223 r  q_reg[8]_i_1/CO[3]
                         net (fo=1, routed)           0.000     7.223    q_reg[8]_i_1_n_0
    SLICE_X64Y22         CARRY4 (Prop_carry4_CI_O[3])
                                                      0.315     7.538 r  q_reg[12]_i_1/O[3]
                         net (fo=1, routed)           0.000     7.538    q_reg[12]_i_1_n_4
    SLICE_X64Y22         FDRE                                         r  q_reg[15]/D
  -------------------------------------------------------------------    -------------------

                         (clock sys_clk_pin rise edge)
                                                     10.000    10.000 r  
    W5                                                0.000    10.000 r  clk (IN)
                         net (fo=0)                   0.000    10.000    clk
    W5                   IBUF (Prop_ibuf_I_O)         1.388    11.388 r  clk_IBUF_inst/O
                         net (fo=1, routed)           1.862    13.250    clk_IBUF
    BUFGCTRL_X0Y1        BUFG (Prop_bufg_I_O)         0.091    13.341 r  clk_IBUF_BUFG_inst/O
                         net (fo=21, routed)          1.505    14.846    clk_IBUF_BUFG
    SLICE_X64Y22         FDRE                                         r  q_reg[15]/C
                         clock pessimism              0.274    15.120    
                         clock uncertainty           -0.035    15.085    
    SLICE_X64Y22         FDRE (Setup_fdre_C_D)        0.109    15.194    q_reg[15]
  -------------------------------------------------------------------
                         required time                         15.194    
                         arrival time                          -7.538    
  -------------------------------------------------------------------
                         slack                                  7.656    

Slack (MET) :             7.732ns  (required time - arrival time)
  Source:                 q_reg[2]/C
                            (rising edge-triggered cell FDRE clocked by sys_clk_pin  {rise@0.000ns fall@5.000ns period=10.000ns})
  Destination:            q_reg[14]/D
                            (rising edge-triggered cell FDRE clocked by sys_clk_pin  {rise@0.000ns fall@5.000ns period=10.000ns})
  Path Group:             sys_clk_pin
  Path Type:              Setup (Max at Slow Process Corner)
  Requirement:            10.000ns  (sys_clk_pin rise@10.000ns - sys_clk_pin rise@0.000ns)
  Data Path Delay:        2.314ns  (logic 1.495ns (64.594%)  route 0.819ns (35.406%))
  Logic Levels:           4  (CARRY4=4)
  Clock Path Skew:        -0.027ns (DCD - SCD + CPR)
    Destination Clock Delay (DCD):    4.846ns = ( 14.846 - 10.000 ) 
    Source Clock Delay      (SCD):    5.147ns
    Clock Pessimism Removal (CPR):    0.274ns
  Clock Uncertainty:      0.035ns  ((TSJ^2 + TIJ^2)^1/2 + DJ) / 2 + PE
    Total System Jitter     (TSJ):    0.071ns
    Total Input Jitter      (TIJ):    0.000ns
    Discrete Jitter          (DJ):    0.000ns
    Phase Error              (PE):    0.000ns

    Location             Delay type                Incr(ns)  Path(ns)    Netlist Resource(s)
  -------------------------------------------------------------------    -------------------
                         (clock sys_clk_pin rise edge)
                                                      0.000     0.000 r  
    W5                                                0.000     0.000 r  clk (IN)
                         net (fo=0)                   0.000     0.000    clk
    W5                   IBUF (Prop_ibuf_I_O)         1.458     1.458 r  clk_IBUF_inst/O
                         net (fo=1, routed)           1.967     3.425    clk_IBUF
    BUFGCTRL_X0Y1        BUFG (Prop_bufg_I_O)         0.096     3.521 r  clk_IBUF_BUFG_inst/O
                         net (fo=21, routed)          1.626     5.147    clk_IBUF_BUFG
    SLICE_X64Y19         FDRE                                         r  q_reg[2]/C
  -------------------------------------------------------------------    -------------------
    SLICE_X64Y19         FDRE (Prop_fdre_C_Q)         0.518     5.665 r  q_reg[2]/Q
                         net (fo=1, routed)           0.819     6.485    q_reg_n_0_[2]
    SLICE_X64Y19         CARRY4 (Prop_carry4_S[2]_CO[3])
                                                      0.504     6.989 r  q_reg[0]_i_1/CO[3]
                         net (fo=1, routed)           0.000     6.989    q_reg[0]_i_1_n_0
    SLICE_X64Y20         CARRY4 (Prop_carry4_CI_CO[3])
                                                      0.117     7.106 r  q_reg[4]_i_1/CO[3]
                         net (fo=1, routed)           0.000     7.106    q_reg[4]_i_1_n_0
    SLICE_X64Y21         CARRY4 (Prop_carry4_CI_CO[3])
                                                      0.117     7.223 r  q_reg[8]_i_1/CO[3]
                         net (fo=1, routed)           0.000     7.223    q_reg[8]_i_1_n_0
    SLICE_X64Y22         CARRY4 (Prop_carry4_CI_O[2])
                                                      0.239     7.462 r  q_reg[12]_i_1/O[2]
                         net (fo=1, routed)           0.000     7.462    q_reg[12]_i_1_n_5
    SLICE_X64Y22         FDRE                                         r  q_reg[14]/D
  -------------------------------------------------------------------    -------------------

                         (clock sys_clk_pin rise edge)
                                                     10.000    10.000 r  
    W5                                                0.000    10.000 r  clk (IN)
                         net (fo=0)                   0.000    10.000    clk
    W5                   IBUF (Prop_ibuf_I_O)         1.388    11.388 r  clk_IBUF_inst/O
                         net (fo=1, routed)           1.862    13.250    clk_IBUF
    BUFGCTRL_X0Y1        BUFG (Prop_bufg_I_O)         0.091    13.341 r  clk_IBUF_BUFG_inst/O
                         net (fo=21, routed)          1.505    14.846    clk_IBUF_BUFG
    SLICE_X64Y22         FDRE                                         r  q_reg[14]/C
                         clock pessimism              0.274    15.120    
                         clock uncertainty           -0.035    15.085    
    SLICE_X64Y22         FDRE (Setup_fdre_C_D)        0.109    15.194    q_reg[14]
  -------------------------------------------------------------------
                         required time                         15.194    
                         arrival time                          -7.462    
  -------------------------------------------------------------------
                         slack                                  7.732    

Slack (MET) :             7.752ns  (required time - arrival time)
  Source:                 q_reg[2]/C
                            (rising edge-triggered cell FDRE clocked by sys_clk_pin  {rise@0.000ns fall@5.000ns period=10.000ns})
  Destination:            q_reg[12]/D
                            (rising edge-triggered cell FDRE clocked by sys_clk_pin  {rise@0.000ns fall@5.000ns period=10.000ns})
  Path Group:             sys_clk_pin
  Path Type:              Setup (Max at Slow Process Corner)
  Requirement:            10.000ns  (sys_clk_pin rise@10.000ns - sys_clk_pin rise@0.000ns)
  Data Path Delay:        2.294ns  (logic 1.475ns (64.285%)  route 0.819ns (35.715%))
  Logic Levels:           4  (CARRY4=4)
  Clock Path Skew:        -0.027ns (DCD - SCD + CPR)
    Destination Clock Delay (DCD):    4.846ns = ( 14.846 - 10.000 ) 
    Source Clock Delay      (SCD):    5.147ns
    Clock Pessimism Removal (CPR):    0.274ns
  Clock Uncertainty:      0.035ns  ((TSJ^2 + TIJ^2)^1/2 + DJ) / 2 + PE
    Total System Jitter     (TSJ):    0.071ns
    Total Input Jitter      (TIJ):    0.000ns
    Discrete Jitter          (DJ):    0.000ns
    Phase Error              (PE):    0.000ns

    Location             Delay type                Incr(ns)  Path(ns)    Netlist Resource(s)
  -------------------------------------------------------------------    -------------------
                         (clock sys_clk_pin rise edge)
                                                      0.000     0.000 r  
    W5                                                0.000     0.000 r  clk (IN)
                         net (fo=0)                   0.000     0.000    clk
    W5                   IBUF (Prop_ibuf_I_O)         1.458     1.458 r  clk_IBUF_inst/O
                         net (fo=1, routed)           1.967     3.425    clk_IBUF
    BUFGCTRL_X0Y1        BUFG (Prop_bufg_I_O)         0.096     3.521 r  clk_IBUF_BUFG_inst/O
                         net (fo=21, routed)          1.626     5.147    clk_IBUF_BUFG
    SLICE_X64Y19         FDRE                                         r  q_reg[2]/C
  -------------------------------------------------------------------    -------------------
    SLICE_X64Y19         FDRE (Prop_fdre_C_Q)         0.518     5.665 r  q_reg[2]/Q
                         net (fo=1, routed)           0.819     6.485    q_reg_n_0_[2]
    SLICE_X64Y19         CARRY4 (Prop_carry4_S[2]_CO[3])
                                                      0.504     6.989 r  q_reg[0]_i_1/CO[3]
                         net (fo=1, routed)           0.000     6.989    q_reg[0]_i_1_n_0
    SLICE_X64Y20         CARRY4 (Prop_carry4_CI_CO[3])
                                                      0.117     7.106 r  q_reg[4]_i_1/CO[3]
                         net (fo=1, routed)           0.000     7.106    q_reg[4]_i_1_n_0
    SLICE_X64Y21         CARRY4 (Prop_carry4_CI_CO[3])
                                                      0.117     7.223 r  q_reg[8]_i_1/CO[3]
                         net (fo=1, routed)           0.000     7.223    q_reg[8]_i_1_n_0
    SLICE_X64Y22         CARRY4 (Prop_carry4_CI_O[0])
                                                      0.219     7.442 r  q_reg[12]_i_1/O[0]
                         net (fo=1, routed)           0.000     7.442    q_reg[12]_i_1_n_7
    SLICE_X64Y22         FDRE                                         r  q_reg[12]/D
  -------------------------------------------------------------------    -------------------

                         (clock sys_clk_pin rise edge)
                                                     10.000    10.000 r  
    W5                                                0.000    10.000 r  clk (IN)
                         net (fo=0)                   0.000    10.000    clk
    W5                   IBUF (Prop_ibuf_I_O)         1.388    11.388 r  clk_IBUF_inst/O
                         net (fo=1, routed)           1.862    13.250    clk_IBUF
    BUFGCTRL_X0Y1        BUFG (Prop_bufg_I_O)         0.091    13.341 r  clk_IBUF_BUFG_inst/O
                         net (fo=21, routed)          1.505    14.846    clk_IBUF_BUFG
    SLICE_X64Y22         FDRE                                         r  q_reg[12]/C
                         clock pessimism              0.274    15.120    
                         clock uncertainty           -0.035    15.085    
    SLICE_X64Y22         FDRE (Setup_fdre_C_D)        0.109    15.194    q_reg[12]
  -------------------------------------------------------------------
                         required time                         15.194    
                         arrival time                          -7.442    
  -------------------------------------------------------------------
                         slack                                  7.752    

Slack (MET) :             7.767ns  (required time - arrival time)
  Source:                 q_reg[2]/C
                            (rising edge-triggered cell FDRE clocked by sys_clk_pin  {rise@0.000ns fall@5.000ns period=10.000ns})
  Destination:            q_reg[9]/D
                            (rising edge-triggered cell FDRE clocked by sys_clk_pin  {rise@0.000ns fall@5.000ns period=10.000ns})
  Path Group:             sys_clk_pin
  Path Type:              Setup (Max at Slow Process Corner)
  Requirement:            10.000ns  (sys_clk_pin rise@10.000ns - sys_clk_pin rise@0.000ns)
  Data Path Delay:        2.281ns  (logic 1.462ns (64.082%)  route 0.819ns (35.918%))
  Logic Levels:           3  (CARRY4=3)
  Clock Path Skew:        -0.025ns (DCD - SCD + CPR)
    Destination Clock Delay (DCD):    4.848ns = ( 14.848 - 10.000 ) 
    Source Clock Delay      (SCD):    5.147ns
    Clock Pessimism Removal (CPR):    0.274ns
  Clock Uncertainty:      0.035ns  ((TSJ^2 + TIJ^2)^1/2 + DJ) / 2 + PE
    Total System Jitter     (TSJ):    0.071ns
    Total Input Jitter      (TIJ):    0.000ns
    Discrete Jitter          (DJ):    0.000ns
    Phase Error              (PE):    0.000ns

    Location             Delay type                Incr(ns)  Path(ns)    Netlist Resource(s)
  -------------------------------------------------------------------    -------------------
                         (clock sys_clk_pin rise edge)
                                                      0.000     0.000 r  
    W5                                                0.000     0.000 r  clk (IN)
                         net (fo=0)                   0.000     0.000    clk
    W5                   IBUF (Prop_ibuf_I_O)         1.458     1.458 r  clk_IBUF_inst/O
                         net (fo=1, routed)           1.967     3.425    clk_IBUF
    BUFGCTRL_X0Y1        BUFG (Prop_bufg_I_O)         0.096     3.521 r  clk_IBUF_BUFG_inst/O
                         net (fo=21, routed)          1.626     5.147    clk_IBUF_BUFG
    SLICE_X64Y19         FDRE                                         r  q_reg[2]/C
  -------------------------------------------------------------------    -------------------
    SLICE_X64Y19         FDRE (Prop_fdre_C_Q)         0.518     5.665 r  q_reg[2]/Q
                         net (fo=1, routed)           0.819     6.485    q_reg_n_0_[2]
    SLICE_X64Y19         CARRY4 (Prop_carry4_S[2]_CO[3])
                                                      0.504     6.989 r  q_reg[0]_i_1/CO[3]
                         net (fo=1, routed)           0.000     6.989    q_reg[0]_i_1_n_0
    SLICE_X64Y20         CARRY4 (Prop_carry4_CI_CO[3])
                                                      0.117     7.106 r  q_reg[4]_i_1/CO[3]
                         net (fo=1, routed)           0.000     7.106    q_reg[4]_i_1_n_0
    SLICE_X64Y21         CARRY4 (Prop_carry4_CI_O[1])
                                                      0.323     7.429 r  q_reg[8]_i_1/O[1]
                         net (fo=1, routed)           0.000     7.429    q_reg[8]_i_1_n_6
    SLICE_X64Y21         FDRE                                         r  q_reg[9]/D
  -------------------------------------------------------------------    -------------------

                         (clock sys_clk_pin rise edge)
                                                     10.000    10.000 r  
    W5                                                0.000    10.000 r  clk (IN)
                         net (fo=0)                   0.000    10.000    clk
    W5                   IBUF (Prop_ibuf_I_O)         1.388    11.388 r  clk_IBUF_inst/O
                         net (fo=1, routed)           1.862    13.250    clk_IBUF
    BUFGCTRL_X0Y1        BUFG (Prop_bufg_I_O)         0.091    13.341 r  clk_IBUF_BUFG_inst/O
                         net (fo=21, routed)          1.507    14.848    clk_IBUF_BUFG
    SLICE_X64Y21         FDRE                                         r  q_reg[9]/C
                         clock pessimism              0.274    15.122    
                         clock uncertainty           -0.035    15.087    
    SLICE_X64Y21         FDRE (Setup_fdre_C_D)        0.109    15.196    q_reg[9]
  -------------------------------------------------------------------
                         required time                         15.196    
                         arrival time                          -7.429    
  -------------------------------------------------------------------
                         slack                                  7.767    





Min Delay Paths
--------------------------------------------------------------------------------------
Slack (MET) :             0.308ns  (arrival time - required time)
  Source:                 q_reg[0]/C
                            (rising edge-triggered cell FDRE clocked by sys_clk_pin  {rise@0.000ns fall@5.000ns period=10.000ns})
  Destination:            q_reg[0]/D
                            (rising edge-triggered cell FDRE clocked by sys_clk_pin  {rise@0.000ns fall@5.000ns period=10.000ns})
  Path Group:             sys_clk_pin
  Path Type:              Hold (Min at Fast Process Corner)
  Requirement:            0.000ns  (sys_clk_pin rise@0.000ns - sys_clk_pin rise@0.000ns)
  Data Path Delay:        0.442ns  (logic 0.279ns (63.107%)  route 0.163ns (36.893%))
  Logic Levels:           2  (CARRY4=1 LUT1=1)
  Clock Path Skew:        0.000ns (DCD - SCD - CPR)
    Destination Clock Delay (DCD):    1.983ns
    Source Clock Delay      (SCD):    1.470ns
    Clock Pessimism Removal (CPR):    0.513ns

    Location             Delay type                Incr(ns)  Path(ns)    Netlist Resource(s)
  -------------------------------------------------------------------    -------------------
                         (clock sys_clk_pin rise edge)
                                                      0.000     0.000 r  
    W5                                                0.000     0.000 r  clk (IN)
                         net (fo=0)                   0.000     0.000    clk
    W5                   IBUF (Prop_ibuf_I_O)         0.226     0.226 r  clk_IBUF_inst/O
                         net (fo=1, routed)           0.631     0.858    clk_IBUF
    BUFGCTRL_X0Y1        BUFG (Prop_bufg_I_O)         0.026     0.884 r  clk_IBUF_BUFG_inst/O
                         net (fo=21, routed)          0.587     1.470    clk_IBUF_BUFG
    SLICE_X64Y19         FDRE                                         r  q_reg[0]/C
  -------------------------------------------------------------------    -------------------
    SLICE_X64Y19         FDRE (Prop_fdre_C_Q)         0.164     1.634 f  q_reg[0]/Q
                         net (fo=1, routed)           0.163     1.797    q_reg_n_0_[0]
    SLICE_X64Y19         LUT1 (Prop_lut1_I0_O)        0.045     1.842 r  q[0]_i_5/O
                         net (fo=1, routed)           0.000     1.842    q[0]_i_5_n_0
    SLICE_X64Y19         CARRY4 (Prop_carry4_S[0]_O[0])
                                                      0.070     1.912 r  q_reg[0]_i_1/O[0]
                         net (fo=1, routed)           0.000     1.912    q_reg[0]_i_1_n_7
    SLICE_X64Y19         FDRE                                         r  q_reg[0]/D
  -------------------------------------------------------------------    -------------------

                         (clock sys_clk_pin rise edge)
                                                      0.000     0.000 r  
    W5                                                0.000     0.000 r  clk (IN)
                         net (fo=0)                   0.000     0.000    clk
    W5                   IBUF (Prop_ibuf_I_O)         0.414     0.414 r  clk_IBUF_inst/O
                         net (fo=1, routed)           0.685     1.099    clk_IBUF
    BUFGCTRL_X0Y1        BUFG (Prop_bufg_I_O)         0.029     1.128 r  clk_IBUF_BUFG_inst/O
                         net (fo=21, routed)          0.856     1.983    clk_IBUF_BUFG
    SLICE_X64Y19         FDRE                                         r  q_reg[0]/C
                         clock pessimism             -0.513     1.470    
    SLICE_X64Y19         FDRE (Hold_fdre_C_D)         0.134     1.604    q_reg[0]
  -------------------------------------------------------------------
                         required time                         -1.604    
                         arrival time                           1.912    
  -------------------------------------------------------------------
                         slack                                  0.308    

Slack (MET) :             0.312ns  (arrival time - required time)
  Source:                 q_reg[11]/C
                            (rising edge-triggered cell FDRE clocked by sys_clk_pin  {rise@0.000ns fall@5.000ns period=10.000ns})
  Destination:            q_reg[11]/D
                            (rising edge-triggered cell FDRE clocked by sys_clk_pin  {rise@0.000ns fall@5.000ns period=10.000ns})
  Path Group:             sys_clk_pin
  Path Type:              Hold (Min at Fast Process Corner)
  Requirement:            0.000ns  (sys_clk_pin rise@0.000ns - sys_clk_pin rise@0.000ns)
  Data Path Delay:        0.446ns  (logic 0.273ns (61.259%)  route 0.173ns (38.741%))
  Logic Levels:           1  (CARRY4=1)
  Clock Path Skew:        0.000ns (DCD - SCD - CPR)
    Destination Clock Delay (DCD):    1.981ns
    Source Clock Delay      (SCD):    1.468ns
    Clock Pessimism Removal (CPR):    0.513ns

    Location             Delay type                Incr(ns)  Path(ns)    Netlist Resource(s)
  -------------------------------------------------------------------    -------------------
                         (clock sys_clk_pin rise edge)
                                                      0.000     0.000 r  
    W5                                                0.000     0.000 r  clk (IN)
                         net (fo=0)                   0.000     0.000    clk
    W5                   IBUF (Prop_ibuf_I_O)         0.226     0.226 r  clk_IBUF_inst/O
                         net (fo=1, routed)           0.631     0.858    clk_IBUF
    BUFGCTRL_X0Y1        BUFG (Prop_bufg_I_O)         0.026     0.884 r  clk_IBUF_BUFG_inst/O
                         net (fo=21, routed)          0.585     1.468    clk_IBUF_BUFG
    SLICE_X64Y21         FDRE                                         r  q_reg[11]/C
  -------------------------------------------------------------------    -------------------
    SLICE_X64Y21         FDRE (Prop_fdre_C_Q)         0.164     1.632 r  q_reg[11]/Q
                         net (fo=1, routed)           0.173     1.805    q_reg_n_0_[11]
    SLICE_X64Y21         CARRY4 (Prop_carry4_S[3]_O[3])
                                                      0.109     1.914 r  q_reg[8]_i_1/O[3]
                         net (fo=1, routed)           0.000     1.914    q_reg[8]_i_1_n_4
    SLICE_X64Y21         FDRE                                         r  q_reg[11]/D
  -------------------------------------------------------------------    -------------------

                         (clock sys_clk_pin rise edge)
                                                      0.000     0.000 r  
    W5                                                0.000     0.000 r  clk (IN)
                         net (fo=0)                   0.000     0.000    clk
    W5                   IBUF (Prop_ibuf_I_O)         0.414     0.414 r  clk_IBUF_inst/O
                         net (fo=1, routed)           0.685     1.099    clk_IBUF
    BUFGCTRL_X0Y1        BUFG (Prop_bufg_I_O)         0.029     1.128 r  clk_IBUF_BUFG_inst/O
                         net (fo=21, routed)          0.854     1.981    clk_IBUF_BUFG
    SLICE_X64Y21         FDRE                                         r  q_reg[11]/C
                         clock pessimism             -0.513     1.468    
    SLICE_X64Y21         FDRE (Hold_fdre_C_D)         0.134     1.602    q_reg[11]
  -------------------------------------------------------------------
                         required time                         -1.602    
                         arrival time                           1.914    
  -------------------------------------------------------------------
                         slack                                  0.312    

Slack (MET) :             0.312ns  (arrival time - required time)
  Source:                 q_reg[3]/C
                            (rising edge-triggered cell FDRE clocked by sys_clk_pin  {rise@0.000ns fall@5.000ns period=10.000ns})
  Destination:            q_reg[3]/D
                            (rising edge-triggered cell FDRE clocked by sys_clk_pin  {rise@0.000ns fall@5.000ns period=10.000ns})
  Path Group:             sys_clk_pin
  Path Type:              Hold (Min at Fast Process Corner)
  Requirement:            0.000ns  (sys_clk_pin rise@0.000ns - sys_clk_pin rise@0.000ns)
  Data Path Delay:        0.446ns  (logic 0.273ns (61.259%)  route 0.173ns (38.741%))
  Logic Levels:           1  (CARRY4=1)
  Clock Path Skew:        0.000ns (DCD - SCD - CPR)
    Destination Clock Delay (DCD):    1.983ns
    Source Clock Delay      (SCD):    1.470ns
    Clock Pessimism Removal (CPR):    0.513ns

    Location             Delay type                Incr(ns)  Path(ns)    Netlist Resource(s)
  -------------------------------------------------------------------    -------------------
                         (clock sys_clk_pin rise edge)
                                                      0.000     0.000 r  
    W5                                                0.000     0.000 r  clk (IN)
                         net (fo=0)                   0.000     0.000    clk
    W5                   IBUF (Prop_ibuf_I_O)         0.226     0.226 r  clk_IBUF_inst/O
                         net (fo=1, routed)           0.631     0.858    clk_IBUF
    BUFGCTRL_X0Y1        BUFG (Prop_bufg_I_O)         0.026     0.884 r  clk_IBUF_BUFG_inst/O
                         net (fo=21, routed)          0.587     1.470    clk_IBUF_BUFG
    SLICE_X64Y19         FDRE                                         r  q_reg[3]/C
  -------------------------------------------------------------------    -------------------
    SLICE_X64Y19         FDRE (Prop_fdre_C_Q)         0.164     1.634 r  q_reg[3]/Q
                         net (fo=1, routed)           0.173     1.807    q_reg_n_0_[3]
    SLICE_X64Y19         CARRY4 (Prop_carry4_S[3]_O[3])
                                                      0.109     1.916 r  q_reg[0]_i_1/O[3]
                         net (fo=1, routed)           0.000     1.916    q_reg[0]_i_1_n_4
    SLICE_X64Y19         FDRE                                         r  q_reg[3]/D
  -------------------------------------------------------------------    -------------------

                         (clock sys_clk_pin rise edge)
                                                      0.000     0.000 r  
    W5                                                0.000     0.000 r  clk (IN)
                         net (fo=0)                   0.000     0.000    clk
    W5                   IBUF (Prop_ibuf_I_O)         0.414     0.414 r  clk_IBUF_inst/O
                         net (fo=1, routed)           0.685     1.099    clk_IBUF
    BUFGCTRL_X0Y1        BUFG (Prop_bufg_I_O)         0.029     1.128 r  clk_IBUF_BUFG_inst/O
                         net (fo=21, routed)          0.856     1.983    clk_IBUF_BUFG
    SLICE_X64Y19         FDRE                                         r  q_reg[3]/C
                         clock pessimism             -0.513     1.470    
    SLICE_X64Y19         FDRE (Hold_fdre_C_D)         0.134     1.604    q_reg[3]
  -------------------------------------------------------------------
                         required time                         -1.604    
                         arrival time                           1.916    
  -------------------------------------------------------------------
                         slack                                  0.312    

Slack (MET) :             0.315ns  (arrival time - required time)
  Source:                 q_reg[12]/C
                            (rising edge-triggered cell FDRE clocked by sys_clk_pin  {rise@0.000ns fall@5.000ns period=10.000ns})
  Destination:            q_reg[12]/D
                            (rising edge-triggered cell FDRE clocked by sys_clk_pin  {rise@0.000ns fall@5.000ns period=10.000ns})
  Path Group:             sys_clk_pin
  Path Type:              Hold (Min at Fast Process Corner)
  Requirement:            0.000ns  (sys_clk_pin rise@0.000ns - sys_clk_pin rise@0.000ns)
  Data Path Delay:        0.449ns  (logic 0.279ns (62.071%)  route 0.170ns (37.929%))
  Logic Levels:           1  (CARRY4=1)
  Clock Path Skew:        0.000ns (DCD - SCD - CPR)
    Destination Clock Delay (DCD):    1.980ns
    Source Clock Delay      (SCD):    1.468ns
    Clock Pessimism Removal (CPR):    0.512ns

    Location             Delay type                Incr(ns)  Path(ns)    Netlist Resource(s)
  -------------------------------------------------------------------    -------------------
                         (clock sys_clk_pin rise edge)
                                                      0.000     0.000 r  
    W5                                                0.000     0.000 r  clk (IN)
                         net (fo=0)                   0.000     0.000    clk
    W5                   IBUF (Prop_ibuf_I_O)         0.226     0.226 r  clk_IBUF_inst/O
                         net (fo=1, routed)           0.631     0.858    clk_IBUF
    BUFGCTRL_X0Y1        BUFG (Prop_bufg_I_O)         0.026     0.884 r  clk_IBUF_BUFG_inst/O
                         net (fo=21, routed)          0.585     1.468    clk_IBUF_BUFG
    SLICE_X64Y22         FDRE                                         r  q_reg[12]/C
  -------------------------------------------------------------------    -------------------
    SLICE_X64Y22         FDRE (Prop_fdre_C_Q)         0.164     1.632 r  q_reg[12]/Q
                         net (fo=1, routed)           0.170     1.803    q_reg_n_0_[12]
    SLICE_X64Y22         CARRY4 (Prop_carry4_S[0]_O[0])
                                                      0.115     1.918 r  q_reg[12]_i_1/O[0]
                         net (fo=1, routed)           0.000     1.918    q_reg[12]_i_1_n_7
    SLICE_X64Y22         FDRE                                         r  q_reg[12]/D
  -------------------------------------------------------------------    -------------------

                         (clock sys_clk_pin rise edge)
                                                      0.000     0.000 r  
    W5                                                0.000     0.000 r  clk (IN)
                         net (fo=0)                   0.000     0.000    clk
    W5                   IBUF (Prop_ibuf_I_O)         0.414     0.414 r  clk_IBUF_inst/O
                         net (fo=1, routed)           0.685     1.099    clk_IBUF
    BUFGCTRL_X0Y1        BUFG (Prop_bufg_I_O)         0.029     1.128 r  clk_IBUF_BUFG_inst/O
                         net (fo=21, routed)          0.853     1.980    clk_IBUF_BUFG
    SLICE_X64Y22         FDRE                                         r  q_reg[12]/C
                         clock pessimism             -0.512     1.468    
    SLICE_X64Y22         FDRE (Hold_fdre_C_D)         0.134     1.602    q_reg[12]
  -------------------------------------------------------------------
                         required time                         -1.602    
                         arrival time                           1.918    
  -------------------------------------------------------------------
                         slack                                  0.315    

Slack (MET) :             0.315ns  (arrival time - required time)
  Source:                 q_reg[16]/C
                            (rising edge-triggered cell FDRE clocked by sys_clk_pin  {rise@0.000ns fall@5.000ns period=10.000ns})
  Destination:            q_reg[16]/D
                            (rising edge-triggered cell FDRE clocked by sys_clk_pin  {rise@0.000ns fall@5.000ns period=10.000ns})
  Path Group:             sys_clk_pin
  Path Type:              Hold (Min at Fast Process Corner)
  Requirement:            0.000ns  (sys_clk_pin rise@0.000ns - sys_clk_pin rise@0.000ns)
  Data Path Delay:        0.449ns  (logic 0.279ns (62.071%)  route 0.170ns (37.929%))
  Logic Levels:           1  (CARRY4=1)
  Clock Path Skew:        0.000ns (DCD - SCD - CPR)
    Destination Clock Delay (DCD):    1.978ns
    Source Clock Delay      (SCD):    1.466ns
    Clock Pessimism Removal (CPR):    0.512ns

    Location             Delay type                Incr(ns)  Path(ns)    Netlist Resource(s)
  -------------------------------------------------------------------    -------------------
                         (clock sys_clk_pin rise edge)
                                                      0.000     0.000 r  
    W5                                                0.000     0.000 r  clk (IN)
                         net (fo=0)                   0.000     0.000    clk
    W5                   IBUF (Prop_ibuf_I_O)         0.226     0.226 r  clk_IBUF_inst/O
                         net (fo=1, routed)           0.631     0.858    clk_IBUF
    BUFGCTRL_X0Y1        BUFG (Prop_bufg_I_O)         0.026     0.884 r  clk_IBUF_BUFG_inst/O
                         net (fo=21, routed)          0.583     1.466    clk_IBUF_BUFG
    SLICE_X64Y23         FDRE                                         r  q_reg[16]/C
  -------------------------------------------------------------------    -------------------
    SLICE_X64Y23         FDRE (Prop_fdre_C_Q)         0.164     1.630 r  q_reg[16]/Q
                         net (fo=1, routed)           0.170     1.801    q_reg_n_0_[16]
    SLICE_X64Y23         CARRY4 (Prop_carry4_S[0]_O[0])
                                                      0.115     1.916 r  q_reg[16]_i_1/O[0]
                         net (fo=1, routed)           0.000     1.916    q_reg[16]_i_1_n_7
    SLICE_X64Y23         FDRE                                         r  q_reg[16]/D
  -------------------------------------------------------------------    -------------------

                         (clock sys_clk_pin rise edge)
                                                      0.000     0.000 r  
    W5                                                0.000     0.000 r  clk (IN)
                         net (fo=0)                   0.000     0.000    clk
    W5                   IBUF (Prop_ibuf_I_O)         0.414     0.414 r  clk_IBUF_inst/O
                         net (fo=1, routed)           0.685     1.099    clk_IBUF
    BUFGCTRL_X0Y1        BUFG (Prop_bufg_I_O)         0.029     1.128 r  clk_IBUF_BUFG_inst/O
                         net (fo=21, routed)          0.851     1.978    clk_IBUF_BUFG
    SLICE_X64Y23         FDRE                                         r  q_reg[16]/C
                         clock pessimism             -0.512     1.466    
    SLICE_X64Y23         FDRE (Hold_fdre_C_D)         0.134     1.600    q_reg[16]
  -------------------------------------------------------------------
                         required time                         -1.600    
                         arrival time                           1.916    
  -------------------------------------------------------------------
                         slack                                  0.315    

Slack (MET) :             0.315ns  (arrival time - required time)
  Source:                 q_reg[4]/C
                            (rising edge-triggered cell FDRE clocked by sys_clk_pin  {rise@0.000ns fall@5.000ns period=10.000ns})
  Destination:            q_reg[4]/D
                            (rising edge-triggered cell FDRE clocked by sys_clk_pin  {rise@0.000ns fall@5.000ns period=10.000ns})
  Path Group:             sys_clk_pin
  Path Type:              Hold (Min at Fast Process Corner)
  Requirement:            0.000ns  (sys_clk_pin rise@0.000ns - sys_clk_pin rise@0.000ns)
  Data Path Delay:        0.449ns  (logic 0.279ns (62.071%)  route 0.170ns (37.929%))
  Logic Levels:           1  (CARRY4=1)
  Clock Path Skew:        0.000ns (DCD - SCD - CPR)
    Destination Clock Delay (DCD):    1.982ns
    Source Clock Delay      (SCD):    1.469ns
    Clock Pessimism Removal (CPR):    0.513ns

    Location             Delay type                Incr(ns)  Path(ns)    Netlist Resource(s)
  -------------------------------------------------------------------    -------------------
                         (clock sys_clk_pin rise edge)
                                                      0.000     0.000 r  
    W5                                                0.000     0.000 r  clk (IN)
                         net (fo=0)                   0.000     0.000    clk
    W5                   IBUF (Prop_ibuf_I_O)         0.226     0.226 r  clk_IBUF_inst/O
                         net (fo=1, routed)           0.631     0.858    clk_IBUF
    BUFGCTRL_X0Y1        BUFG (Prop_bufg_I_O)         0.026     0.884 r  clk_IBUF_BUFG_inst/O
                         net (fo=21, routed)          0.586     1.469    clk_IBUF_BUFG
    SLICE_X64Y20         FDRE                                         r  q_reg[4]/C
  -------------------------------------------------------------------    -------------------
    SLICE_X64Y20         FDRE (Prop_fdre_C_Q)         0.164     1.633 r  q_reg[4]/Q
                         net (fo=1, routed)           0.170     1.804    q_reg_n_0_[4]
    SLICE_X64Y20         CARRY4 (Prop_carry4_S[0]_O[0])
                                                      0.115     1.919 r  q_reg[4]_i_1/O[0]
                         net (fo=1, routed)           0.000     1.919    q_reg[4]_i_1_n_7
    SLICE_X64Y20         FDRE                                         r  q_reg[4]/D
  -------------------------------------------------------------------    -------------------

                         (clock sys_clk_pin rise edge)
                                                      0.000     0.000 r  
    W5                                                0.000     0.000 r  clk (IN)
                         net (fo=0)                   0.000     0.000    clk
    W5                   IBUF (Prop_ibuf_I_O)         0.414     0.414 r  clk_IBUF_inst/O
                         net (fo=1, routed)           0.685     1.099    clk_IBUF
    BUFGCTRL_X0Y1        BUFG (Prop_bufg_I_O)         0.029     1.128 r  clk_IBUF_BUFG_inst/O
                         net (fo=21, routed)          0.855     1.982    clk_IBUF_BUFG
    SLICE_X64Y20         FDRE                                         r  q_reg[4]/C
                         clock pessimism             -0.513     1.469    
    SLICE_X64Y20         FDRE (Hold_fdre_C_D)         0.134     1.603    q_reg[4]
  -------------------------------------------------------------------
                         required time                         -1.603    
                         arrival time                           1.919    
  -------------------------------------------------------------------
                         slack                                  0.315    

Slack (MET) :             0.333ns  (arrival time - required time)
  Source:                 q_reg[19]/C
                            (rising edge-triggered cell FDRE clocked by sys_clk_pin  {rise@0.000ns fall@5.000ns period=10.000ns})
  Destination:            q_reg[19]/D
                            (rising edge-triggered cell FDRE clocked by sys_clk_pin  {rise@0.000ns fall@5.000ns period=10.000ns})
  Path Group:             sys_clk_pin
  Path Type:              Hold (Min at Fast Process Corner)
  Requirement:            0.000ns  (sys_clk_pin rise@0.000ns - sys_clk_pin rise@0.000ns)
  Data Path Delay:        0.467ns  (logic 0.273ns (58.435%)  route 0.194ns (41.565%))
  Logic Levels:           1  (CARRY4=1)
  Clock Path Skew:        0.000ns (DCD - SCD - CPR)
    Destination Clock Delay (DCD):    1.978ns
    Source Clock Delay      (SCD):    1.466ns
    Clock Pessimism Removal (CPR):    0.512ns

    Location             Delay type                Incr(ns)  Path(ns)    Netlist Resource(s)
  -------------------------------------------------------------------    -------------------
                         (clock sys_clk_pin rise edge)
                                                      0.000     0.000 r  
    W5                                                0.000     0.000 r  clk (IN)
                         net (fo=0)                   0.000     0.000    clk
    W5                   IBUF (Prop_ibuf_I_O)         0.226     0.226 r  clk_IBUF_inst/O
                         net (fo=1, routed)           0.631     0.858    clk_IBUF
    BUFGCTRL_X0Y1        BUFG (Prop_bufg_I_O)         0.026     0.884 r  clk_IBUF_BUFG_inst/O
                         net (fo=21, routed)          0.583     1.466    clk_IBUF_BUFG
    SLICE_X64Y23         FDRE                                         r  q_reg[19]/C
  -------------------------------------------------------------------    -------------------
    SLICE_X64Y23         FDRE (Prop_fdre_C_Q)         0.164     1.630 r  q_reg[19]/Q
                         net (fo=1, routed)           0.194     1.824    q_reg_n_0_[19]
    SLICE_X64Y23         CARRY4 (Prop_carry4_S[3]_O[3])
                                                      0.109     1.933 r  q_reg[16]_i_1/O[3]
                         net (fo=1, routed)           0.000     1.933    q_reg[16]_i_1_n_4
    SLICE_X64Y23         FDRE                                         r  q_reg[19]/D
  -------------------------------------------------------------------    -------------------

                         (clock sys_clk_pin rise edge)
                                                      0.000     0.000 r  
    W5                                                0.000     0.000 r  clk (IN)
                         net (fo=0)                   0.000     0.000    clk
    W5                   IBUF (Prop_ibuf_I_O)         0.414     0.414 r  clk_IBUF_inst/O
                         net (fo=1, routed)           0.685     1.099    clk_IBUF
    BUFGCTRL_X0Y1        BUFG (Prop_bufg_I_O)         0.029     1.128 r  clk_IBUF_BUFG_inst/O
                         net (fo=21, routed)          0.851     1.978    clk_IBUF_BUFG
    SLICE_X64Y23         FDRE                                         r  q_reg[19]/C
                         clock pessimism             -0.512     1.466    
    SLICE_X64Y23         FDRE (Hold_fdre_C_D)         0.134     1.600    q_reg[19]
  -------------------------------------------------------------------
                         required time                         -1.600    
                         arrival time                           1.933    
  -------------------------------------------------------------------
                         slack                                  0.333    

Slack (MET) :             0.338ns  (arrival time - required time)
  Source:                 q_reg[7]/C
                            (rising edge-triggered cell FDRE clocked by sys_clk_pin  {rise@0.000ns fall@5.000ns period=10.000ns})
  Destination:            q_reg[7]/D
                            (rising edge-triggered cell FDRE clocked by sys_clk_pin  {rise@0.000ns fall@5.000ns period=10.000ns})
  Path Group:             sys_clk_pin
  Path Type:              Hold (Min at Fast Process Corner)
  Requirement:            0.000ns  (sys_clk_pin rise@0.000ns - sys_clk_pin rise@0.000ns)
  Data Path Delay:        0.472ns  (logic 0.273ns (57.848%)  route 0.199ns (42.152%))
  Logic Levels:           1  (CARRY4=1)
  Clock Path Skew:        0.000ns (DCD - SCD - CPR)
    Destination Clock Delay (DCD):    1.982ns
    Source Clock Delay      (SCD):    1.469ns
    Clock Pessimism Removal (CPR):    0.513ns

    Location             Delay type                Incr(ns)  Path(ns)    Netlist Resource(s)
  -------------------------------------------------------------------    -------------------
                         (clock sys_clk_pin rise edge)
                                                      0.000     0.000 r  
    W5                                                0.000     0.000 r  clk (IN)
                         net (fo=0)                   0.000     0.000    clk
    W5                   IBUF (Prop_ibuf_I_O)         0.226     0.226 r  clk_IBUF_inst/O
                         net (fo=1, routed)           0.631     0.858    clk_IBUF
    BUFGCTRL_X0Y1        BUFG (Prop_bufg_I_O)         0.026     0.884 r  clk_IBUF_BUFG_inst/O
                         net (fo=21, routed)          0.586     1.469    clk_IBUF_BUFG
    SLICE_X64Y20         FDRE                                         r  q_reg[7]/C
  -------------------------------------------------------------------    -------------------
    SLICE_X64Y20         FDRE (Prop_fdre_C_Q)         0.164     1.633 r  q_reg[7]/Q
                         net (fo=1, routed)           0.199     1.832    q_reg_n_0_[7]
    SLICE_X64Y20         CARRY4 (Prop_carry4_S[3]_O[3])
                                                      0.109     1.941 r  q_reg[4]_i_1/O[3]
                         net (fo=1, routed)           0.000     1.941    q_reg[4]_i_1_n_4
    SLICE_X64Y20         FDRE                                         r  q_reg[7]/D
  -------------------------------------------------------------------    -------------------

                         (clock sys_clk_pin rise edge)
                                                      0.000     0.000 r  
    W5                                                0.000     0.000 r  clk (IN)
                         net (fo=0)                   0.000     0.000    clk
    W5                   IBUF (Prop_ibuf_I_O)         0.414     0.414 r  clk_IBUF_inst/O
                         net (fo=1, routed)           0.685     1.099    clk_IBUF
    BUFGCTRL_X0Y1        BUFG (Prop_bufg_I_O)         0.029     1.128 r  clk_IBUF_BUFG_inst/O
                         net (fo=21, routed)          0.855     1.982    clk_IBUF_BUFG
    SLICE_X64Y20         FDRE                                         r  q_reg[7]/C
                         clock pessimism             -0.513     1.469    
    SLICE_X64Y20         FDRE (Hold_fdre_C_D)         0.134     1.603    q_reg[7]
  -------------------------------------------------------------------
                         required time                         -1.603    
                         arrival time                           1.941    
  -------------------------------------------------------------------
                         slack                                  0.338    

Slack (MET) :             0.340ns  (arrival time - required time)
  Source:                 q_reg[20]/C
                            (rising edge-triggered cell FDRE clocked by sys_clk_pin  {rise@0.000ns fall@5.000ns period=10.000ns})
  Destination:            q_reg[20]/D
                            (rising edge-triggered cell FDRE clocked by sys_clk_pin  {rise@0.000ns fall@5.000ns period=10.000ns})
  Path Group:             sys_clk_pin
  Path Type:              Hold (Min at Fast Process Corner)
  Requirement:            0.000ns  (sys_clk_pin rise@0.000ns - sys_clk_pin rise@0.000ns)
  Data Path Delay:        0.474ns  (logic 0.279ns (58.875%)  route 0.195ns (41.125%))
  Logic Levels:           1  (CARRY4=1)
  Clock Path Skew:        0.000ns (DCD - SCD - CPR)
    Destination Clock Delay (DCD):    1.977ns
    Source Clock Delay      (SCD):    1.465ns
    Clock Pessimism Removal (CPR):    0.512ns

    Location             Delay type                Incr(ns)  Path(ns)    Netlist Resource(s)
  -------------------------------------------------------------------    -------------------
                         (clock sys_clk_pin rise edge)
                                                      0.000     0.000 r  
    W5                                                0.000     0.000 r  clk (IN)
                         net (fo=0)                   0.000     0.000    clk
    W5                   IBUF (Prop_ibuf_I_O)         0.226     0.226 r  clk_IBUF_inst/O
                         net (fo=1, routed)           0.631     0.858    clk_IBUF
    BUFGCTRL_X0Y1        BUFG (Prop_bufg_I_O)         0.026     0.884 r  clk_IBUF_BUFG_inst/O
                         net (fo=21, routed)          0.582     1.465    clk_IBUF_BUFG
    SLICE_X64Y24         FDRE                                         r  q_reg[20]/C
  -------------------------------------------------------------------    -------------------
    SLICE_X64Y24         FDRE (Prop_fdre_C_Q)         0.164     1.629 r  q_reg[20]/Q
                         net (fo=13, routed)          0.195     1.824    an_OBUF[0]
    SLICE_X64Y24         CARRY4 (Prop_carry4_S[0]_O[0])
                                                      0.115     1.939 r  q_reg[20]_i_1/O[0]
                         net (fo=1, routed)           0.000     1.939    q_reg[20]_i_1_n_7
    SLICE_X64Y24         FDRE                                         r  q_reg[20]/D
  -------------------------------------------------------------------    -------------------

                         (clock sys_clk_pin rise edge)
                                                      0.000     0.000 r  
    W5                                                0.000     0.000 r  clk (IN)
                         net (fo=0)                   0.000     0.000    clk
    W5                   IBUF (Prop_ibuf_I_O)         0.414     0.414 r  clk_IBUF_inst/O
                         net (fo=1, routed)           0.685     1.099    clk_IBUF
    BUFGCTRL_X0Y1        BUFG (Prop_bufg_I_O)         0.029     1.128 r  clk_IBUF_BUFG_inst/O
                         net (fo=21, routed)          0.850     1.977    clk_IBUF_BUFG
    SLICE_X64Y24         FDRE                                         r  q_reg[20]/C
                         clock pessimism             -0.512     1.465    
    SLICE_X64Y24         FDRE (Hold_fdre_C_D)         0.134     1.599    q_reg[20]
  -------------------------------------------------------------------
                         required time                         -1.599    
                         arrival time                           1.939    
  -------------------------------------------------------------------
                         slack                                  0.340    

Slack (MET) :             0.343ns  (arrival time - required time)
  Source:                 q_reg[0]/C
                            (rising edge-triggered cell FDRE clocked by sys_clk_pin  {rise@0.000ns fall@5.000ns period=10.000ns})
  Destination:            q_reg[1]/D
                            (rising edge-triggered cell FDRE clocked by sys_clk_pin  {rise@0.000ns fall@5.000ns period=10.000ns})
  Path Group:             sys_clk_pin
  Path Type:              Hold (Min at Fast Process Corner)
  Requirement:            0.000ns  (sys_clk_pin rise@0.000ns - sys_clk_pin rise@0.000ns)
  Data Path Delay:        0.477ns  (logic 0.314ns (65.814%)  route 0.163ns (34.186%))
  Logic Levels:           2  (CARRY4=1 LUT1=1)
  Clock Path Skew:        0.000ns (DCD - SCD - CPR)
    Destination Clock Delay (DCD):    1.983ns
    Source Clock Delay      (SCD):    1.470ns
    Clock Pessimism Removal (CPR):    0.513ns

    Location             Delay type                Incr(ns)  Path(ns)    Netlist Resource(s)
  -------------------------------------------------------------------    -------------------
                         (clock sys_clk_pin rise edge)
                                                      0.000     0.000 r  
    W5                                                0.000     0.000 r  clk (IN)
                         net (fo=0)                   0.000     0.000    clk
    W5                   IBUF (Prop_ibuf_I_O)         0.226     0.226 r  clk_IBUF_inst/O
                         net (fo=1, routed)           0.631     0.858    clk_IBUF
    BUFGCTRL_X0Y1        BUFG (Prop_bufg_I_O)         0.026     0.884 r  clk_IBUF_BUFG_inst/O
                         net (fo=21, routed)          0.587     1.470    clk_IBUF_BUFG
    SLICE_X64Y19         FDRE                                         r  q_reg[0]/C
  -------------------------------------------------------------------    -------------------
    SLICE_X64Y19         FDRE (Prop_fdre_C_Q)         0.164     1.634 f  q_reg[0]/Q
                         net (fo=1, routed)           0.163     1.797    q_reg_n_0_[0]
    SLICE_X64Y19         LUT1 (Prop_lut1_I0_O)        0.045     1.842 r  q[0]_i_5/O
                         net (fo=1, routed)           0.000     1.842    q[0]_i_5_n_0
    SLICE_X64Y19         CARRY4 (Prop_carry4_S[0]_O[1])
                                                      0.105     1.947 r  q_reg[0]_i_1/O[1]
                         net (fo=1, routed)           0.000     1.947    q_reg[0]_i_1_n_6
    SLICE_X64Y19         FDRE                                         r  q_reg[1]/D
  -------------------------------------------------------------------    -------------------

                         (clock sys_clk_pin rise edge)
                                                      0.000     0.000 r  
    W5                                                0.000     0.000 r  clk (IN)
                         net (fo=0)                   0.000     0.000    clk
    W5                   IBUF (Prop_ibuf_I_O)         0.414     0.414 r  clk_IBUF_inst/O
                         net (fo=1, routed)           0.685     1.099    clk_IBUF
    BUFGCTRL_X0Y1        BUFG (Prop_bufg_I_O)         0.029     1.128 r  clk_IBUF_BUFG_inst/O
                         net (fo=21, routed)          0.856     1.983    clk_IBUF_BUFG
    SLICE_X64Y19         FDRE                                         r  q_reg[1]/C
                         clock pessimism             -0.513     1.470    
    SLICE_X64Y19         FDRE (Hold_fdre_C_D)         0.134     1.604    q_reg[1]
  -------------------------------------------------------------------
                         required time                         -1.604    
                         arrival time                           1.947    
  -------------------------------------------------------------------
                         slack                                  0.343    





Pulse Width Checks
--------------------------------------------------------------------------------------
Clock Name:         sys_clk_pin
Waveform(ns):       { 0.000 5.000 }
Period(ns):         10.000
Sources:            { clk }

Check Type        Corner  Lib Pin  Reference Pin  Required(ns)  Actual(ns)  Slack(ns)  Location       Pin
Min Period        n/a     BUFG/I   n/a            2.155         10.000      7.845      BUFGCTRL_X0Y1  clk_IBUF_BUFG_inst/I
Min Period        n/a     FDRE/C   n/a            1.000         10.000      9.000      SLICE_X64Y19   q_reg[0]/C
Min Period        n/a     FDRE/C   n/a            1.000         10.000      9.000      SLICE_X64Y21   q_reg[10]/C
Min Period        n/a     FDRE/C   n/a            1.000         10.000      9.000      SLICE_X64Y21   q_reg[11]/C
Min Period        n/a     FDRE/C   n/a            1.000         10.000      9.000      SLICE_X64Y22   q_reg[12]/C
Min Period        n/a     FDRE/C   n/a            1.000         10.000      9.000      SLICE_X64Y22   q_reg[13]/C
Min Period        n/a     FDRE/C   n/a            1.000         10.000      9.000      SLICE_X64Y22   q_reg[14]/C
Min Period        n/a     FDRE/C   n/a            1.000         10.000      9.000      SLICE_X64Y22   q_reg[15]/C
Min Period        n/a     FDRE/C   n/a            1.000         10.000      9.000      SLICE_X64Y23   q_reg[16]/C
Min Period        n/a     FDRE/C   n/a            1.000         10.000      9.000      SLICE_X64Y23   q_reg[17]/C
Low Pulse Width   Slow    FDRE/C   n/a            0.500         5.000       4.500      SLICE_X64Y19   q_reg[0]/C
Low Pulse Width   Slow    FDRE/C   n/a            0.500         5.000       4.500      SLICE_X64Y21   q_reg[10]/C
Low Pulse Width   Fast    FDRE/C   n/a            0.500         5.000       4.500      SLICE_X64Y21   q_reg[10]/C
Low Pulse Width   Slow    FDRE/C   n/a            0.500         5.000       4.500      SLICE_X64Y21   q_reg[11]/C
Low Pulse Width   Fast    FDRE/C   n/a            0.500         5.000       4.500      SLICE_X64Y21   q_reg[11]/C
Low Pulse Width   Fast    FDRE/C   n/a            0.500         5.000       4.500      SLICE_X64Y22   q_reg[12]/C
Low Pulse Width   Fast    FDRE/C   n/a            0.500         5.000       4.500      SLICE_X64Y22   q_reg[13]/C
Low Pulse Width   Fast    FDRE/C   n/a            0.500         5.000       4.500      SLICE_X64Y22   q_reg[14]/C
Low Pulse Width   Fast    FDRE/C   n/a            0.500         5.000       4.500      SLICE_X64Y22   q_reg[15]/C
Low Pulse Width   Fast    FDRE/C   n/a            0.500         5.000       4.500      SLICE_X64Y23   q_reg[16]/C
High Pulse Width  Slow    FDRE/C   n/a            0.500         5.000       4.500      SLICE_X64Y22   q_reg[12]/C
High Pulse Width  Slow    FDRE/C   n/a            0.500         5.000       4.500      SLICE_X64Y22   q_reg[13]/C
High Pulse Width  Slow    FDRE/C   n/a            0.500         5.000       4.500      SLICE_X64Y22   q_reg[14]/C
High Pulse Width  Slow    FDRE/C   n/a            0.500         5.000       4.500      SLICE_X64Y22   q_reg[15]/C
High Pulse Width  Slow    FDRE/C   n/a            0.500         5.000       4.500      SLICE_X64Y23   q_reg[16]/C
High Pulse Width  Slow    FDRE/C   n/a            0.500         5.000       4.500      SLICE_X64Y23   q_reg[17]/C
High Pulse Width  Slow    FDRE/C   n/a            0.500         5.000       4.500      SLICE_X64Y23   q_reg[18]/C
High Pulse Width  Slow    FDRE/C   n/a            0.500         5.000       4.500      SLICE_X64Y23   q_reg[19]/C
High Pulse Width  Slow    FDRE/C   n/a            0.500         5.000       4.500      SLICE_X64Y24   q_reg[20]/C
High Pulse Width  Fast    FDRE/C   n/a            0.500         5.000       4.500      SLICE_X64Y19   q_reg[0]/C



