Copyright 1986-2017 Xilinx, Inc. All Rights Reserved.
-------------------------------------------------------------------------------------------------------------------------------------------------------------
| Tool Version     : Vivado v.2017.2 (lin64) Build 1909853 Thu Jun 15 18:39:10 MDT 2017
| Date             : Fri Dec  8 16:30:12 2017
| Host             : chert.soic.indiana.edu running 64-bit Red Hat Enterprise Linux Workstation release 7.4 (Maipo)
| Command          : report_power -file final_project_power_routed.rpt -pb final_project_power_summary_routed.pb -rpx final_project_power_routed.rpx
| Design           : final_project
| Device           : xc7a35ticpg236-1L
| Design State     : routed
| Grade            : industrial
| Process          : typical
| Characterization : Advance
-------------------------------------------------------------------------------------------------------------------------------------------------------------

Power Report

Table of Contents
-----------------
1. Summary
1.1 On-Chip Components
1.2 Power Supply Summary
1.3 Confidence Level
2. Settings
2.1 Environment
2.2 Clock Constraints
3. Detailed Reports
3.1 By Hierarchy

1. Summary
----------

+--------------------------+-------+
| Total On-Chip Power (W)  | 0.067 |
| Dynamic (W)              | 0.005 |
| Device Static (W)        | 0.062 |
| Effective TJA (C/W)      | 5.0   |
| Max Ambient (C)          | 99.7  |
| Junction Temperature (C) | 25.3  |
| Confidence Level         | Low   |
| Setting File             | ---   |
| Simulation Activity File | ---   |
| Design Nets Matched      | NA    |
+--------------------------+-------+


1.1 On-Chip Components
----------------------

+--------------------------+-----------+----------+-----------+-----------------+
| On-Chip                  | Power (W) | Used     | Available | Utilization (%) |
+--------------------------+-----------+----------+-----------+-----------------+
| Clocks                   |    <0.001 |        3 |       --- |             --- |
| Slice Logic              |    <0.001 |      787 |       --- |             --- |
|   LUT as Logic           |    <0.001 |      409 |     20800 |            1.97 |
|   CARRY4                 |    <0.001 |       29 |      8150 |            0.36 |
|   Register               |    <0.001 |      172 |     41600 |            0.41 |
|   BUFG                   |    <0.001 |        1 |        32 |            3.13 |
|   F7/F8 Muxes            |    <0.001 |       39 |     32600 |            0.12 |
|   LUT as Distributed RAM |    <0.001 |       64 |      9600 |            0.67 |
|   Others                 |     0.000 |        2 |       --- |             --- |
| Signals                  |    <0.001 |      630 |       --- |             --- |
| I/O                      |     0.004 |       17 |       106 |           16.04 |
| Static Power             |     0.062 |          |           |                 |
| Total                    |     0.067 |          |           |                 |
+--------------------------+-----------+----------+-----------+-----------------+


1.2 Power Supply Summary
------------------------

+-----------+-------------+-----------+-------------+------------+
| Source    | Voltage (V) | Total (A) | Dynamic (A) | Static (A) |
+-----------+-------------+-----------+-------------+------------+
| Vccint    |       0.950 |     0.008 |       0.002 |      0.006 |
| Vccaux    |       1.800 |     0.011 |       0.000 |      0.011 |
| Vcco33    |       3.300 |     0.002 |       0.001 |      0.001 |
| Vcco25    |       2.500 |     0.000 |       0.000 |      0.000 |
| Vcco18    |       1.800 |     0.000 |       0.000 |      0.000 |
| Vcco15    |       1.500 |     0.000 |       0.000 |      0.000 |
| Vcco135   |       1.350 |     0.000 |       0.000 |      0.000 |
| Vcco12    |       1.200 |     0.000 |       0.000 |      0.000 |
| Vccaux_io |       1.800 |     0.000 |       0.000 |      0.000 |
| Vccbram   |       0.950 |     0.000 |       0.000 |      0.000 |
| MGTAVcc   |       1.000 |     0.000 |       0.000 |      0.000 |
| MGTAVtt   |       1.200 |     0.000 |       0.000 |      0.000 |
| Vccadc    |       1.800 |     0.018 |       0.000 |      0.018 |
+-----------+-------------+-----------+-------------+------------+


1.3 Confidence Level
--------------------

+-----------------------------+------------+--------------------------------------------------------+--------------------------------------------------------------------------------------------------------------------+
| User Input Data             | Confidence | Details                                                | Action                                                                                                             |
+-----------------------------+------------+--------------------------------------------------------+--------------------------------------------------------------------------------------------------------------------+
| Design implementation state | High       | Design is routed                                       |                                                                                                                    |
| Clock nodes activity        | Low        | User specified less than 75% of clocks                 | Provide missing clock activity with a constraint file, simulation results or by editing the "By Clock Domain" view |
| I/O nodes activity          | Low        | More than 75% of inputs are missing user specification | Provide missing input activity with simulation results or by editing the "By Resource Type -> I/Os" view           |
| Internal nodes activity     | Medium     | User specified less than 25% of internal nodes         | Provide missing internal nodes activity with simulation results or by editing the "By Resource Type" views         |
| Device models               | Medium     | Device models are not Production                       | Device models may change and in turn slightly affect accuracy                                                      |
|                             |            |                                                        |                                                                                                                    |
| Overall confidence level    | Low        |                                                        |                                                                                                                    |
+-----------------------------+------------+--------------------------------------------------------+--------------------------------------------------------------------------------------------------------------------+


2. Settings
-----------

2.1 Environment
---------------

+-----------------------+--------------------------+
| Ambient Temp (C)      | 25.0                     |
| ThetaJA (C/W)         | 5.0                      |
| Airflow (LFM)         | 250                      |
| Heat Sink             | medium (Medium Profile)  |
| ThetaSA (C/W)         | 4.6                      |
| Board Selection       | medium (10"x10")         |
| # of Board Layers     | 12to15 (12 to 15 Layers) |
| Board Temperature (C) | 25.0                     |
+-----------------------+--------------------------+


2.2 Clock Constraints
---------------------

+-------------+--------+-----------------+
| Clock       | Domain | Constraint (ns) |
+-------------+--------+-----------------+
| sys_clk_pin | clk    |            10.0 |
+-------------+--------+-----------------+


3. Detailed Reports
-------------------

3.1 By Hierarchy
----------------

+--------------------------+-----------+
| Name                     | Power (W) |
+--------------------------+-----------+
| final_project            |     0.005 |
|   memory_reg_0_127_0_0   |    <0.001 |
|   memory_reg_0_127_1_1   |    <0.001 |
|   memory_reg_0_127_2_2   |    <0.001 |
|   memory_reg_0_127_3_3   |    <0.001 |
|   memory_reg_0_127_4_4   |    <0.001 |
|   memory_reg_0_127_5_5   |    <0.001 |
|   memory_reg_0_127_6_6   |    <0.001 |
|   memory_reg_0_127_7_7   |    <0.001 |
|   memory_reg_128_255_0_0 |    <0.001 |
|   memory_reg_128_255_1_1 |    <0.001 |
|   memory_reg_128_255_2_2 |    <0.001 |
|   memory_reg_128_255_3_3 |    <0.001 |
|   memory_reg_128_255_4_4 |    <0.001 |
|   memory_reg_128_255_5_5 |    <0.001 |
|   memory_reg_128_255_6_6 |    <0.001 |
|   memory_reg_128_255_7_7 |    <0.001 |
+--------------------------+-----------+


