Copyright 1986-2017 Xilinx, Inc. All Rights Reserved.
----------------------------------------------------------------------------------------------------------------
| Tool Version : Vivado v.2017.2 (lin64) Build 1909853 Thu Jun 15 18:39:10 MDT 2017
| Date         : Fri Dec  8 16:53:54 2017
| Host         : chert.soic.indiana.edu running 64-bit Red Hat Enterprise Linux Workstation release 7.4 (Maipo)
| Command      : report_methodology -file lab9_methodology_drc_routed.rpt -rpx lab9_methodology_drc_routed.rpx
| Design       : lab9
| Device       : xc7a35ticpg236-1L
| Speed File   : -1L
| Design State : Routed
----------------------------------------------------------------------------------------------------------------

Report Methodology

Table of Contents
-----------------
1. REPORT SUMMARY
2. REPORT DETAILS

1. REPORT SUMMARY
-----------------
            Netlist: netlist
          Floorplan: design_1
      Design limits: <entire design considered>
             Max violations: <unlimited>
             Violations found: 6
+-----------+----------+-------------------------------+------------+
| Rule      | Severity | Description                   | Violations |
+-----------+----------+-------------------------------+------------+
| TIMING-17 | Warning  | Non-clocked sequential cell   | 5          |
| TIMING-18 | Warning  | Missing input or output delay | 1          |
+-----------+----------+-------------------------------+------------+

2. REPORT DETAILS
-----------------
TIMING-17#1 Warning
Non-clocked sequential cell  
The clock pin FSM_sequential_state_reg[0]/C is not reached by a timing clock
Related violations: <none>

TIMING-17#2 Warning
Non-clocked sequential cell  
The clock pin FSM_sequential_state_reg[1]/C is not reached by a timing clock
Related violations: <none>

TIMING-17#3 Warning
Non-clocked sequential cell  
The clock pin FSM_sequential_state_reg[2]/C is not reached by a timing clock
Related violations: <none>

TIMING-17#4 Warning
Non-clocked sequential cell  
The clock pin FSM_sequential_state_reg[3]/C is not reached by a timing clock
Related violations: <none>

TIMING-17#5 Warning
Non-clocked sequential cell  
The clock pin FSM_sequential_state_reg[4]/C is not reached by a timing clock
Related violations: <none>

TIMING-18#1 Warning
Missing input or output delay  
An output delay is missing on led15 relative to clock(s) sys_clk_pin 
Related violations: <none>


